[0.072s] DEBUG:colcon:Command line arguments: ['/usr/bin/colcon', 'build']
[0.072s] DEBUG:colcon:Parsed command line arguments: Namespace(log_base=None, log_level=None, verb_name='build', build_base='build', install_base='install', merge_install=False, symlink_install=False, test_result_base=None, continue_on_error=False, executor='parallel', parallel_workers=8, event_handlers=None, ignore_user_meta=False, metas=['./colcon.meta'], base_paths=['.'], packages_ignore=None, packages_ignore_regex=None, paths=None, packages_up_to=None, packages_up_to_regex=None, packages_above=None, packages_above_and_dependencies=None, packages_above_depth=None, packages_select_by_dep=None, packages_skip_by_dep=None, packages_skip_up_to=None, packages_select_build_failed=False, packages_skip_build_finished=False, packages_select_test_failures=False, packages_skip_test_passed=False, packages_select=None, packages_skip=None, packages_select_regex=None, packages_skip_regex=None, packages_start=None, packages_end=None, allow_overriding=[], cmake_args=None, cmake_target=None, cmake_target_skip_unavailable=False, cmake_clean_cache=False, cmake_clean_first=False, cmake_force_configure=False, ament_cmake_args=None, catkin_cmake_args=None, catkin_skip_building_tests=False, mixin_files=None, mixin=None, verb_parser=<colcon_mixin.mixin.mixin_argument.MixinArgumentDecorator object at 0x7619d3aa0bf0>, verb_extension=<colcon_core.verb.build.BuildVerb object at 0x7619d3bd48c0>, main=<bound method BuildVerb.main of <colcon_core.verb.build.BuildVerb object at 0x7619d3bd48c0>>, mixin_verb=('build',))
[0.107s] Level 1:colcon.colcon_core.package_discovery:discover_packages(colcon_meta) check parameters
[0.107s] Level 1:colcon.colcon_core.package_discovery:discover_packages(recursive) check parameters
[0.107s] Level 1:colcon.colcon_core.package_discovery:discover_packages(ignore) check parameters
[0.107s] Level 1:colcon.colcon_core.package_discovery:discover_packages(path) check parameters
[0.107s] Level 1:colcon.colcon_core.package_discovery:discover_packages(colcon_meta) discover
[0.107s] Level 1:colcon.colcon_core.package_discovery:discover_packages(recursive) discover
[0.108s] INFO:colcon.colcon_core.package_discovery:Crawling recursively for packages in '/home/dobot/Documents/DetectX/DetectX_Dobot'
[0.108s] Level 1:colcon.colcon_core.package_identification:_identify(.) by extensions ['ignore', 'ignore_ament_install']
[0.108s] Level 1:colcon.colcon_core.package_identification:_identify(.) by extension 'ignore'
[0.108s] Level 1:colcon.colcon_core.package_identification:_identify(.) by extension 'ignore_ament_install'
[0.108s] Level 1:colcon.colcon_core.package_identification:_identify(.) by extensions ['colcon_pkg']
[0.108s] Level 1:colcon.colcon_core.package_identification:_identify(.) by extension 'colcon_pkg'
[0.108s] Level 1:colcon.colcon_core.package_identification:_identify(.) by extensions ['colcon_meta']
[0.108s] Level 1:colcon.colcon_core.package_identification:_identify(.) by extension 'colcon_meta'
[0.108s] Level 1:colcon.colcon_core.package_identification:_identify(.) by extensions ['ros']
[0.108s] Level 1:colcon.colcon_core.package_identification:_identify(.) by extension 'ros'
[0.127s] Level 1:colcon.colcon_core.package_identification:_identify(.) by extensions ['cmake', 'python']
[0.127s] Level 1:colcon.colcon_core.package_identification:_identify(.) by extension 'cmake'
[0.127s] Level 1:colcon.colcon_core.package_identification:_identify(.) by extension 'python'
[0.127s] Level 1:colcon.colcon_core.package_identification:_identify(.) by extensions ['python_setup_py']
[0.127s] Level 1:colcon.colcon_core.package_identification:_identify(.) by extension 'python_setup_py'
[0.127s] Level 1:colcon.colcon_core.package_identification:_identify(build) by extensions ['ignore', 'ignore_ament_install']
[0.127s] Level 1:colcon.colcon_core.package_identification:_identify(build) by extension 'ignore'
[0.127s] Level 1:colcon.colcon_core.package_identification:_identify(build) ignored
[0.127s] Level 1:colcon.colcon_core.package_identification:_identify(install) by extensions ['ignore', 'ignore_ament_install']
[0.128s] Level 1:colcon.colcon_core.package_identification:_identify(install) by extension 'ignore'
[0.128s] Level 1:colcon.colcon_core.package_identification:_identify(install) ignored
[0.128s] Level 1:colcon.colcon_core.package_identification:_identify(log) by extensions ['ignore', 'ignore_ament_install']
[0.128s] Level 1:colcon.colcon_core.package_identification:_identify(log) by extension 'ignore'
[0.128s] Level 1:colcon.colcon_core.package_identification:_identify(log) ignored
[0.128s] Level 1:colcon.colcon_core.package_identification:_identify(src) by extensions ['ignore', 'ignore_ament_install']
[0.128s] Level 1:colcon.colcon_core.package_identification:_identify(src) by extension 'ignore'
[0.128s] Level 1:colcon.colcon_core.package_identification:_identify(src) by extension 'ignore_ament_install'
[0.128s] Level 1:colcon.colcon_core.package_identification:_identify(src) by extensions ['colcon_pkg']
[0.128s] Level 1:colcon.colcon_core.package_identification:_identify(src) by extension 'colcon_pkg'
[0.128s] Level 1:colcon.colcon_core.package_identification:_identify(src) by extensions ['colcon_meta']
[0.128s] Level 1:colcon.colcon_core.package_identification:_identify(src) by extension 'colcon_meta'
[0.128s] Level 1:colcon.colcon_core.package_identification:_identify(src) by extensions ['ros']
[0.128s] Level 1:colcon.colcon_core.package_identification:_identify(src) by extension 'ros'
[0.128s] Level 1:colcon.colcon_core.package_identification:_identify(src) by extensions ['cmake', 'python']
[0.128s] Level 1:colcon.colcon_core.package_identification:_identify(src) by extension 'cmake'
[0.128s] Level 1:colcon.colcon_core.package_identification:_identify(src) by extension 'python'
[0.128s] Level 1:colcon.colcon_core.package_identification:_identify(src) by extensions ['python_setup_py']
[0.128s] Level 1:colcon.colcon_core.package_identification:_identify(src) by extension 'python_setup_py'
[0.128s] Level 1:colcon.colcon_core.package_identification:_identify(src/detect_dobot) by extensions ['ignore', 'ignore_ament_install']
[0.128s] Level 1:colcon.colcon_core.package_identification:_identify(src/detect_dobot) by extension 'ignore'
[0.128s] Level 1:colcon.colcon_core.package_identification:_identify(src/detect_dobot) by extension 'ignore_ament_install'
[0.128s] Level 1:colcon.colcon_core.package_identification:_identify(src/detect_dobot) by extensions ['colcon_pkg']
[0.128s] Level 1:colcon.colcon_core.package_identification:_identify(src/detect_dobot) by extension 'colcon_pkg'
[0.128s] Level 1:colcon.colcon_core.package_identification:_identify(src/detect_dobot) by extensions ['colcon_meta']
[0.128s] Level 1:colcon.colcon_core.package_identification:_identify(src/detect_dobot) by extension 'colcon_meta'
[0.129s] Level 1:colcon.colcon_core.package_identification:_identify(src/detect_dobot) by extensions ['ros']
[0.129s] Level 1:colcon.colcon_core.package_identification:_identify(src/detect_dobot) by extension 'ros'
[0.131s] DEBUG:colcon.colcon_core.package_identification:Package 'src/detect_dobot' with type 'ros.ament_python' and name 'detect_dobot'
[0.131s] Level 1:colcon.colcon_core.package_identification:_identify(src/dobot_interface) by extensions ['ignore', 'ignore_ament_install']
[0.131s] Level 1:colcon.colcon_core.package_identification:_identify(src/dobot_interface) by extension 'ignore'
[0.132s] Level 1:colcon.colcon_core.package_identification:_identify(src/dobot_interface) by extension 'ignore_ament_install'
[0.132s] Level 1:colcon.colcon_core.package_identification:_identify(src/dobot_interface) by extensions ['colcon_pkg']
[0.132s] Level 1:colcon.colcon_core.package_identification:_identify(src/dobot_interface) by extension 'colcon_pkg'
[0.132s] Level 1:colcon.colcon_core.package_identification:_identify(src/dobot_interface) by extensions ['colcon_meta']
[0.132s] Level 1:colcon.colcon_core.package_identification:_identify(src/dobot_interface) by extension 'colcon_meta'
[0.132s] Level 1:colcon.colcon_core.package_identification:_identify(src/dobot_interface) by extensions ['ros']
[0.132s] Level 1:colcon.colcon_core.package_identification:_identify(src/dobot_interface) by extension 'ros'
[0.132s] DEBUG:colcon.colcon_core.package_identification:Package 'src/dobot_interface' with type 'ros.ament_cmake' and name 'dobot_interface'
[0.132s] Level 1:colcon.colcon_core.package_discovery:discover_packages(recursive) using defaults
[0.132s] Level 1:colcon.colcon_core.package_discovery:discover_packages(ignore) discover
[0.132s] Level 1:colcon.colcon_core.package_discovery:discover_packages(ignore) using defaults
[0.132s] Level 1:colcon.colcon_core.package_discovery:discover_packages(path) discover
[0.132s] Level 1:colcon.colcon_core.package_discovery:discover_packages(path) using defaults
[0.145s] Level 1:colcon.colcon_core.package_discovery:discover_packages(prefix_path) check parameters
[0.145s] Level 1:colcon.colcon_core.package_discovery:discover_packages(prefix_path) discover
[0.147s] DEBUG:colcon.colcon_installed_package_information.package_discovery:Found 2 installed packages in /home/dobot/Documents/DetectX/DetectX_Dobot/install
[0.148s] DEBUG:colcon.colcon_installed_package_information.package_discovery:Found 292 installed packages in /opt/ros/kilted
[0.149s] Level 1:colcon.colcon_core.package_discovery:discover_packages(prefix_path) using defaults
[0.175s] Level 5:colcon.colcon_core.verb:set package 'dobot_interface' build argument 'cmake_args' from command line to 'None'
[0.175s] Level 5:colcon.colcon_core.verb:set package 'dobot_interface' build argument 'cmake_target' from command line to 'None'
[0.175s] Level 5:colcon.colcon_core.verb:set package 'dobot_interface' build argument 'cmake_target_skip_unavailable' from command line to 'False'
[0.175s] Level 5:colcon.colcon_core.verb:set package 'dobot_interface' build argument 'cmake_clean_cache' from command line to 'False'
[0.175s] Level 5:colcon.colcon_core.verb:set package 'dobot_interface' build argument 'cmake_clean_first' from command line to 'False'
[0.175s] Level 5:colcon.colcon_core.verb:set package 'dobot_interface' build argument 'cmake_force_configure' from command line to 'False'
[0.175s] Level 5:colcon.colcon_core.verb:set package 'dobot_interface' build argument 'ament_cmake_args' from command line to 'None'
[0.175s] Level 5:colcon.colcon_core.verb:set package 'dobot_interface' build argument 'catkin_cmake_args' from command line to 'None'
[0.176s] Level 5:colcon.colcon_core.verb:set package 'dobot_interface' build argument 'catkin_skip_building_tests' from command line to 'False'
[0.176s] DEBUG:colcon.colcon_core.verb:Building package 'dobot_interface' with the following arguments: {'ament_cmake_args': None, 'build_base': '/home/dobot/Documents/DetectX/DetectX_Dobot/build/dobot_interface', 'catkin_cmake_args': None, 'catkin_skip_building_tests': False, 'cmake_args': None, 'cmake_clean_cache': False, 'cmake_clean_first': False, 'cmake_force_configure': False, 'cmake_target': None, 'cmake_target_skip_unavailable': False, 'install_base': '/home/dobot/Documents/DetectX/DetectX_Dobot/install/dobot_interface', 'merge_install': False, 'path': '/home/dobot/Documents/DetectX/DetectX_Dobot/src/dobot_interface', 'symlink_install': False, 'test_result_base': None}
[0.176s] Level 5:colcon.colcon_core.verb:set package 'detect_dobot' build argument 'cmake_args' from command line to 'None'
[0.176s] Level 5:colcon.colcon_core.verb:set package 'detect_dobot' build argument 'cmake_target' from command line to 'None'
[0.176s] Level 5:colcon.colcon_core.verb:set package 'detect_dobot' build argument 'cmake_target_skip_unavailable' from command line to 'False'
[0.176s] Level 5:colcon.colcon_core.verb:set package 'detect_dobot' build argument 'cmake_clean_cache' from command line to 'False'
[0.176s] Level 5:colcon.colcon_core.verb:set package 'detect_dobot' build argument 'cmake_clean_first' from command line to 'False'
[0.176s] Level 5:colcon.colcon_core.verb:set package 'detect_dobot' build argument 'cmake_force_configure' from command line to 'False'
[0.176s] Level 5:colcon.colcon_core.verb:set package 'detect_dobot' build argument 'ament_cmake_args' from command line to 'None'
[0.176s] Level 5:colcon.colcon_core.verb:set package 'detect_dobot' build argument 'catkin_cmake_args' from command line to 'None'
[0.176s] Level 5:colcon.colcon_core.verb:set package 'detect_dobot' build argument 'catkin_skip_building_tests' from command line to 'False'
[0.176s] DEBUG:colcon.colcon_core.verb:Building package 'detect_dobot' with the following arguments: {'ament_cmake_args': None, 'build_base': '/home/dobot/Documents/DetectX/DetectX_Dobot/build/detect_dobot', 'catkin_cmake_args': None, 'catkin_skip_building_tests': False, 'cmake_args': None, 'cmake_clean_cache': False, 'cmake_clean_first': False, 'cmake_force_configure': False, 'cmake_target': None, 'cmake_target_skip_unavailable': False, 'install_base': '/home/dobot/Documents/DetectX/DetectX_Dobot/install/detect_dobot', 'merge_install': False, 'path': '/home/dobot/Documents/DetectX/DetectX_Dobot/src/detect_dobot', 'symlink_install': False, 'test_result_base': None}
[0.176s] INFO:colcon.colcon_core.executor:Executing jobs using 'parallel' executor
[0.177s] DEBUG:colcon.colcon_parallel_executor.executor.parallel:run_until_complete
[0.178s] INFO:colcon.colcon_ros.task.ament_cmake.build:Building ROS package in '/home/dobot/Documents/DetectX/DetectX_Dobot/src/dobot_interface' with build type 'ament_cmake'
[0.178s] INFO:colcon.colcon_cmake.task.cmake.build:Building CMake package in '/home/dobot/Documents/DetectX/DetectX_Dobot/src/dobot_interface'
[0.180s] INFO:colcon.colcon_core.plugin_system:Skipping extension 'colcon_core.shell.bat': Not used on non-Windows systems
[0.180s] INFO:colcon.colcon_core.shell:Skip shell extension 'powershell' for command environment: Not usable outside of PowerShell
[0.180s] DEBUG:colcon.colcon_core.shell:Skip shell extension 'dsv' for command environment
[0.193s] DEBUG:colcon.colcon_core.event_handler.log_command:Invoking command in '/home/dobot/Documents/DetectX/DetectX_Dobot/build/dobot_interface': CMAKE_PREFIX_PATH=${CMAKE_PREFIX_PATH}:/home/dobot/Documents/DetectX/DetectX_Dobot/install/detect_dobot:/opt/ros/kilted DEBUGINFOD_URLS=https://debuginfod.ubuntu.com /usr/bin/cmake --build /home/dobot/Documents/DetectX/DetectX_Dobot/build/dobot_interface -- -j8 -l8
[0.642s] DEBUG:colcon.colcon_core.event_handler.log_command:Invoked command in '/home/dobot/Documents/DetectX/DetectX_Dobot/build/dobot_interface' returned '0': CMAKE_PREFIX_PATH=${CMAKE_PREFIX_PATH}:/home/dobot/Documents/DetectX/DetectX_Dobot/install/detect_dobot:/opt/ros/kilted DEBUGINFOD_URLS=https://debuginfod.ubuntu.com /usr/bin/cmake --build /home/dobot/Documents/DetectX/DetectX_Dobot/build/dobot_interface -- -j8 -l8
[0.653s] DEBUG:colcon.colcon_core.event_handler.log_command:Invoking command in '/home/dobot/Documents/DetectX/DetectX_Dobot/build/dobot_interface': CMAKE_PREFIX_PATH=${CMAKE_PREFIX_PATH}:/home/dobot/Documents/DetectX/DetectX_Dobot/install/detect_dobot:/opt/ros/kilted DEBUGINFOD_URLS=https://debuginfod.ubuntu.com /usr/bin/cmake --install /home/dobot/Documents/DetectX/DetectX_Dobot/build/dobot_interface
[0.714s] Level 1:colcon.colcon_core.environment:create_environment_scripts_only(dobot_interface)
[0.722s] DEBUG:colcon.colcon_core.event_handler.log_command:Invoked command in '/home/dobot/Documents/DetectX/DetectX_Dobot/build/dobot_interface' returned '0': CMAKE_PREFIX_PATH=${CMAKE_PREFIX_PATH}:/home/dobot/Documents/DetectX/DetectX_Dobot/install/detect_dobot:/opt/ros/kilted DEBUGINFOD_URLS=https://debuginfod.ubuntu.com /usr/bin/cmake --install /home/dobot/Documents/DetectX/DetectX_Dobot/build/dobot_interface
[0.723s] Level 1:colcon.colcon_core.environment:checking '/home/dobot/Documents/DetectX/DetectX_Dobot/install/dobot_interface' for CMake module files
[0.723s] Level 1:colcon.colcon_core.environment:checking '/home/dobot/Documents/DetectX/DetectX_Dobot/install/dobot_interface' for CMake config files
[0.724s] Level 1:colcon.colcon_core.shell:create_environment_hook('dobot_interface', 'cmake_prefix_path')
[0.724s] INFO:colcon.colcon_core.shell:Creating environment hook '/home/dobot/Documents/DetectX/DetectX_Dobot/install/dobot_interface/share/dobot_interface/hook/cmake_prefix_path.ps1'
[0.725s] INFO:colcon.colcon_core.shell:Creating environment descriptor '/home/dobot/Documents/DetectX/DetectX_Dobot/install/dobot_interface/share/dobot_interface/hook/cmake_prefix_path.dsv'
[0.725s] INFO:colcon.colcon_core.shell:Creating environment hook '/home/dobot/Documents/DetectX/DetectX_Dobot/install/dobot_interface/share/dobot_interface/hook/cmake_prefix_path.sh'
[0.727s] Level 1:colcon.colcon_core.environment:checking '/home/dobot/Documents/DetectX/DetectX_Dobot/install/dobot_interface/lib'
[0.727s] Level 1:colcon.colcon_core.shell:create_environment_hook('dobot_interface', 'ld_library_path_lib')
[0.727s] INFO:colcon.colcon_core.shell:Creating environment hook '/home/dobot/Documents/DetectX/DetectX_Dobot/install/dobot_interface/share/dobot_interface/hook/ld_library_path_lib.ps1'
[0.728s] INFO:colcon.colcon_core.shell:Creating environment descriptor '/home/dobot/Documents/DetectX/DetectX_Dobot/install/dobot_interface/share/dobot_interface/hook/ld_library_path_lib.dsv'
[0.728s] INFO:colcon.colcon_core.shell:Creating environment hook '/home/dobot/Documents/DetectX/DetectX_Dobot/install/dobot_interface/share/dobot_interface/hook/ld_library_path_lib.sh'
[0.729s] Level 1:colcon.colcon_core.environment:checking '/home/dobot/Documents/DetectX/DetectX_Dobot/install/dobot_interface/bin'
[0.729s] Level 1:colcon.colcon_core.environment:checking '/home/dobot/Documents/DetectX/DetectX_Dobot/install/dobot_interface/lib/pkgconfig/dobot_interface.pc'
[0.729s] Level 1:colcon.colcon_core.environment:checking '/home/dobot/Documents/DetectX/DetectX_Dobot/install/dobot_interface/lib/python3.12/site-packages'
[0.729s] Level 1:colcon.colcon_core.shell:create_environment_hook('dobot_interface', 'pythonpath')
[0.730s] INFO:colcon.colcon_core.shell:Creating environment hook '/home/dobot/Documents/DetectX/DetectX_Dobot/install/dobot_interface/share/dobot_interface/hook/pythonpath.ps1'
[0.730s] INFO:colcon.colcon_core.shell:Creating environment descriptor '/home/dobot/Documents/DetectX/DetectX_Dobot/install/dobot_interface/share/dobot_interface/hook/pythonpath.dsv'
[0.731s] INFO:colcon.colcon_core.shell:Creating environment hook '/home/dobot/Documents/DetectX/DetectX_Dobot/install/dobot_interface/share/dobot_interface/hook/pythonpath.sh'
[0.731s] Level 1:colcon.colcon_core.environment:checking '/home/dobot/Documents/DetectX/DetectX_Dobot/install/dobot_interface/bin'
[0.732s] INFO:colcon.colcon_core.shell:Creating package script '/home/dobot/Documents/DetectX/DetectX_Dobot/install/dobot_interface/share/dobot_interface/package.ps1'
[0.732s] INFO:colcon.colcon_core.shell:Creating package descriptor '/home/dobot/Documents/DetectX/DetectX_Dobot/install/dobot_interface/share/dobot_interface/package.dsv'
[0.733s] INFO:colcon.colcon_core.shell:Creating package script '/home/dobot/Documents/DetectX/DetectX_Dobot/install/dobot_interface/share/dobot_interface/package.sh'
[0.734s] INFO:colcon.colcon_core.shell:Creating package script '/home/dobot/Documents/DetectX/DetectX_Dobot/install/dobot_interface/share/dobot_interface/package.bash'
[0.735s] INFO:colcon.colcon_core.shell:Creating package script '/home/dobot/Documents/DetectX/DetectX_Dobot/install/dobot_interface/share/dobot_interface/package.zsh'
[0.735s] Level 1:colcon.colcon_core.environment:create_file_with_runtime_dependencies(/home/dobot/Documents/DetectX/DetectX_Dobot/install/dobot_interface/share/colcon-core/packages/dobot_interface)
[0.736s] Level 1:colcon.colcon_core.environment:create_environment_scripts_only(dobot_interface)
[0.736s] Level 1:colcon.colcon_core.environment:checking '/home/dobot/Documents/DetectX/DetectX_Dobot/install/dobot_interface' for CMake module files
[0.737s] Level 1:colcon.colcon_core.environment:checking '/home/dobot/Documents/DetectX/DetectX_Dobot/install/dobot_interface' for CMake config files
[0.737s] Level 1:colcon.colcon_core.shell:create_environment_hook('dobot_interface', 'cmake_prefix_path')
[0.737s] INFO:colcon.colcon_core.shell:Creating environment hook '/home/dobot/Documents/DetectX/DetectX_Dobot/install/dobot_interface/share/dobot_interface/hook/cmake_prefix_path.ps1'
[0.738s] INFO:colcon.colcon_core.shell:Creating environment descriptor '/home/dobot/Documents/DetectX/DetectX_Dobot/install/dobot_interface/share/dobot_interface/hook/cmake_prefix_path.dsv'
[0.738s] INFO:colcon.colcon_core.shell:Creating environment hook '/home/dobot/Documents/DetectX/DetectX_Dobot/install/dobot_interface/share/dobot_interface/hook/cmake_prefix_path.sh'
[0.739s] Level 1:colcon.colcon_core.environment:checking '/home/dobot/Documents/DetectX/DetectX_Dobot/install/dobot_interface/lib'
[0.739s] Level 1:colcon.colcon_core.shell:create_environment_hook('dobot_interface', 'ld_library_path_lib')
[0.739s] INFO:colcon.colcon_core.shell:Creating environment hook '/home/dobot/Documents/DetectX/DetectX_Dobot/install/dobot_interface/share/dobot_interface/hook/ld_library_path_lib.ps1'
[0.740s] INFO:colcon.colcon_core.shell:Creating environment descriptor '/home/dobot/Documents/DetectX/DetectX_Dobot/install/dobot_interface/share/dobot_interface/hook/ld_library_path_lib.dsv'
[0.740s] INFO:colcon.colcon_core.shell:Creating environment hook '/home/dobot/Documents/DetectX/DetectX_Dobot/install/dobot_interface/share/dobot_interface/hook/ld_library_path_lib.sh'
[0.741s] Level 1:colcon.colcon_core.environment:checking '/home/dobot/Documents/DetectX/DetectX_Dobot/install/dobot_interface/bin'
[0.741s] Level 1:colcon.colcon_core.environment:checking '/home/dobot/Documents/DetectX/DetectX_Dobot/install/dobot_interface/lib/pkgconfig/dobot_interface.pc'
[0.741s] Level 1:colcon.colcon_core.environment:checking '/home/dobot/Documents/DetectX/DetectX_Dobot/install/dobot_interface/lib/python3.12/site-packages'
[0.741s] Level 1:colcon.colcon_core.shell:create_environment_hook('dobot_interface', 'pythonpath')
[0.741s] INFO:colcon.colcon_core.shell:Creating environment hook '/home/dobot/Documents/DetectX/DetectX_Dobot/install/dobot_interface/share/dobot_interface/hook/pythonpath.ps1'
[0.742s] INFO:colcon.colcon_core.shell:Creating environment descriptor '/home/dobot/Documents/DetectX/DetectX_Dobot/install/dobot_interface/share/dobot_interface/hook/pythonpath.dsv'
[0.742s] INFO:colcon.colcon_core.shell:Creating environment hook '/home/dobot/Documents/DetectX/DetectX_Dobot/install/dobot_interface/share/dobot_interface/hook/pythonpath.sh'
[0.743s] Level 1:colcon.colcon_core.environment:checking '/home/dobot/Documents/DetectX/DetectX_Dobot/install/dobot_interface/bin'
[0.743s] INFO:colcon.colcon_core.shell:Creating package script '/home/dobot/Documents/DetectX/DetectX_Dobot/install/dobot_interface/share/dobot_interface/package.ps1'
[0.744s] INFO:colcon.colcon_core.shell:Creating package descriptor '/home/dobot/Documents/DetectX/DetectX_Dobot/install/dobot_interface/share/dobot_interface/package.dsv'
[0.744s] INFO:colcon.colcon_core.shell:Creating package script '/home/dobot/Documents/DetectX/DetectX_Dobot/install/dobot_interface/share/dobot_interface/package.sh'
[0.745s] INFO:colcon.colcon_core.shell:Creating package script '/home/dobot/Documents/DetectX/DetectX_Dobot/install/dobot_interface/share/dobot_interface/package.bash'
[0.746s] INFO:colcon.colcon_core.shell:Creating package script '/home/dobot/Documents/DetectX/DetectX_Dobot/install/dobot_interface/share/dobot_interface/package.zsh'
[0.746s] Level 1:colcon.colcon_core.environment:create_file_with_runtime_dependencies(/home/dobot/Documents/DetectX/DetectX_Dobot/install/dobot_interface/share/colcon-core/packages/dobot_interface)
[0.747s] INFO:colcon.colcon_ros.task.ament_python.build:Building ROS package in '/home/dobot/Documents/DetectX/DetectX_Dobot/src/detect_dobot' with build type 'ament_python'
[0.747s] Level 1:colcon.colcon_core.shell:create_environment_hook('detect_dobot', 'ament_prefix_path')
[0.747s] INFO:colcon.colcon_core.shell:Creating environment hook '/home/dobot/Documents/DetectX/DetectX_Dobot/install/detect_dobot/share/detect_dobot/hook/ament_prefix_path.ps1'
[0.748s] INFO:colcon.colcon_core.shell:Creating environment descriptor '/home/dobot/Documents/DetectX/DetectX_Dobot/install/detect_dobot/share/detect_dobot/hook/ament_prefix_path.dsv'
[0.749s] INFO:colcon.colcon_core.shell:Creating environment hook '/home/dobot/Documents/DetectX/DetectX_Dobot/install/detect_dobot/share/detect_dobot/hook/ament_prefix_path.sh'
[0.749s] INFO:colcon.colcon_core.shell:Skip shell extension 'powershell' for command environment: Not usable outside of PowerShell
[0.750s] DEBUG:colcon.colcon_core.shell:Skip shell extension 'dsv' for command environment
[0.972s] INFO:colcon.colcon_core.task.python.build:Building Python package in '/home/dobot/Documents/DetectX/DetectX_Dobot/src/detect_dobot'
[0.972s] INFO:colcon.colcon_core.shell:Skip shell extension 'powershell' for command environment: Not usable outside of PowerShell
[0.972s] DEBUG:colcon.colcon_core.shell:Skip shell extension 'dsv' for command environment
[1.371s] DEBUG:colcon.colcon_core.event_handler.log_command:Invoking command in '/home/dobot/Documents/DetectX/DetectX_Dobot/src/detect_dobot': DEBUGINFOD_URLS=https://debuginfod.ubuntu.com PYTHONPATH=/home/dobot/Documents/DetectX/DetectX_Dobot/build/detect_dobot/prefix_override:/usr/lib/python3/dist-packages/colcon_core/task/python/colcon_distutils_commands:/home/dobot/Documents/DetectX/DetectX_Dobot/install/detect_dobot/lib/python3.12/site-packages:/home/dobot/Documents/DetectX/DetectX_Dobot/install/dobot_interface/lib/python3.12/site-packages:/home/dobot/Documents/DetectX/DetectX_Dobot/install/detect_dobot/lib/python3.12/site-packages:/opt/ros/kilted/lib/python3.12/site-packages /usr/bin/python3 -W ignore:setup.py install is deprecated -W ignore:easy_install command is deprecated setup.py egg_info --egg-base ../../build/detect_dobot build --build-base /home/dobot/Documents/DetectX/DetectX_Dobot/build/detect_dobot/build install --record /home/dobot/Documents/DetectX/DetectX_Dobot/build/detect_dobot/install.log --single-version-externally-managed install_data
[1.767s] Level 1:colcon.colcon_core.environment:checking '/home/dobot/Documents/DetectX/DetectX_Dobot/install/detect_dobot' for CMake module files
[1.768s] Level 1:colcon.colcon_core.environment:checking '/home/dobot/Documents/DetectX/DetectX_Dobot/install/detect_dobot' for CMake config files
[1.768s] DEBUG:colcon.colcon_core.event_handler.log_command:Invoked command in '/home/dobot/Documents/DetectX/DetectX_Dobot/src/detect_dobot' returned '0': DEBUGINFOD_URLS=https://debuginfod.ubuntu.com PYTHONPATH=/home/dobot/Documents/DetectX/DetectX_Dobot/build/detect_dobot/prefix_override:/usr/lib/python3/dist-packages/colcon_core/task/python/colcon_distutils_commands:/home/dobot/Documents/DetectX/DetectX_Dobot/install/detect_dobot/lib/python3.12/site-packages:/home/dobot/Documents/DetectX/DetectX_Dobot/install/dobot_interface/lib/python3.12/site-packages:/home/dobot/Documents/DetectX/DetectX_Dobot/install/detect_dobot/lib/python3.12/site-packages:/opt/ros/kilted/lib/python3.12/site-packages /usr/bin/python3 -W ignore:setup.py install is deprecated -W ignore:easy_install command is deprecated setup.py egg_info --egg-base ../../build/detect_dobot build --build-base /home/dobot/Documents/DetectX/DetectX_Dobot/build/detect_dobot/build install --record /home/dobot/Documents/DetectX/DetectX_Dobot/build/detect_dobot/install.log --single-version-externally-managed install_data
[1.769s] Level 1:colcon.colcon_core.environment:checking '/home/dobot/Documents/DetectX/DetectX_Dobot/install/detect_dobot/lib'
[1.769s] Level 1:colcon.colcon_core.environment:checking '/home/dobot/Documents/DetectX/DetectX_Dobot/install/detect_dobot/bin'
[1.769s] Level 1:colcon.colcon_core.environment:checking '/home/dobot/Documents/DetectX/DetectX_Dobot/install/detect_dobot/lib/pkgconfig/detect_dobot.pc'
[1.769s] Level 1:colcon.colcon_core.environment:checking '/home/dobot/Documents/DetectX/DetectX_Dobot/install/detect_dobot/lib/python3.12/site-packages'
[1.770s] Level 1:colcon.colcon_core.shell:create_environment_hook('detect_dobot', 'pythonpath')
[1.770s] INFO:colcon.colcon_core.shell:Creating environment hook '/home/dobot/Documents/DetectX/DetectX_Dobot/install/detect_dobot/share/detect_dobot/hook/pythonpath.ps1'
[1.770s] INFO:colcon.colcon_core.shell:Creating environment descriptor '/home/dobot/Documents/DetectX/DetectX_Dobot/install/detect_dobot/share/detect_dobot/hook/pythonpath.dsv'
[1.771s] INFO:colcon.colcon_core.shell:Creating environment hook '/home/dobot/Documents/DetectX/DetectX_Dobot/install/detect_dobot/share/detect_dobot/hook/pythonpath.sh'
[1.772s] Level 1:colcon.colcon_core.environment:checking '/home/dobot/Documents/DetectX/DetectX_Dobot/install/detect_dobot/bin'
[1.772s] Level 1:colcon.colcon_core.environment:create_environment_scripts_only(detect_dobot)
[1.772s] INFO:colcon.colcon_core.shell:Creating package script '/home/dobot/Documents/DetectX/DetectX_Dobot/install/detect_dobot/share/detect_dobot/package.ps1'
[1.773s] INFO:colcon.colcon_core.shell:Creating package descriptor '/home/dobot/Documents/DetectX/DetectX_Dobot/install/detect_dobot/share/detect_dobot/package.dsv'
[1.773s] INFO:colcon.colcon_core.shell:Creating package script '/home/dobot/Documents/DetectX/DetectX_Dobot/install/detect_dobot/share/detect_dobot/package.sh'
[1.774s] INFO:colcon.colcon_core.shell:Creating package script '/home/dobot/Documents/DetectX/DetectX_Dobot/install/detect_dobot/share/detect_dobot/package.bash'
[1.774s] INFO:colcon.colcon_core.shell:Creating package script '/home/dobot/Documents/DetectX/DetectX_Dobot/install/detect_dobot/share/detect_dobot/package.zsh'
[1.775s] Level 1:colcon.colcon_core.environment:create_file_with_runtime_dependencies(/home/dobot/Documents/DetectX/DetectX_Dobot/install/detect_dobot/share/colcon-core/packages/detect_dobot)
[1.775s] DEBUG:colcon.colcon_parallel_executor.executor.parallel:closing loop
[1.775s] DEBUG:colcon.colcon_parallel_executor.executor.parallel:loop closed
[1.776s] DEBUG:colcon.colcon_parallel_executor.executor.parallel:run_until_complete finished with '0'
[1.776s] DEBUG:colcon.colcon_core.event_reactor:joining thread
[1.781s] INFO:colcon.colcon_core.plugin_system:Skipping extension 'colcon_notification.desktop_notification.terminal_notifier': Not used on non-Darwin systems
[1.781s] INFO:colcon.colcon_core.plugin_system:Skipping extension 'colcon_notification.desktop_notification.win32': Not used on non-Windows systems
[1.782s] INFO:colcon.colcon_notification.desktop_notification:Sending desktop notification using 'notify2'
[1.798s] DEBUG:colcon.colcon_core.event_reactor:joined thread
[1.798s] INFO:colcon.colcon_core.shell:Creating prefix script '/home/dobot/Documents/DetectX/DetectX_Dobot/install/local_setup.ps1'
[1.799s] INFO:colcon.colcon_core.shell:Creating prefix util module '/home/dobot/Documents/DetectX/DetectX_Dobot/install/_local_setup_util_ps1.py'
[1.801s] INFO:colcon.colcon_core.shell:Creating prefix chain script '/home/dobot/Documents/DetectX/DetectX_Dobot/install/setup.ps1'
[1.803s] INFO:colcon.colcon_core.shell:Creating prefix script '/home/dobot/Documents/DetectX/DetectX_Dobot/install/local_setup.sh'
[1.804s] INFO:colcon.colcon_core.shell:Creating prefix util module '/home/dobot/Documents/DetectX/DetectX_Dobot/install/_local_setup_util_sh.py'
[1.805s] INFO:colcon.colcon_core.shell:Creating prefix chain script '/home/dobot/Documents/DetectX/DetectX_Dobot/install/setup.sh'
[1.810s] INFO:colcon.colcon_core.shell:Creating prefix script '/home/dobot/Documents/DetectX/DetectX_Dobot/install/local_setup.bash'
[1.811s] INFO:colcon.colcon_core.shell:Creating prefix chain script '/home/dobot/Documents/DetectX/DetectX_Dobot/install/setup.bash'
[1.815s] INFO:colcon.colcon_core.shell:Creating prefix script '/home/dobot/Documents/DetectX/DetectX_Dobot/install/local_setup.zsh'
[1.816s] INFO:colcon.colcon_core.shell:Creating prefix chain script '/home/dobot/Documents/DetectX/DetectX_Dobot/install/setup.zsh'
