/home/dobot/Documents/DetectX/DetectX_Dobot/install/detect_dobot/lib/python3.12/site-packages/detect_dobot/dobot_client.py
/home/dobot/Documents/DetectX/DetectX_Dobot/install/detect_dobot/lib/python3.12/site-packages/detect_dobot/__init__.py
/home/dobot/Documents/DetectX/DetectX_Dobot/install/detect_dobot/lib/python3.12/site-packages/detect_dobot/cartesian_ptp_node.py
/home/dobot/Documents/DetectX/DetectX_Dobot/install/detect_dobot/lib/python3.12/site-packages/detect_dobot/homing_node.py
/home/dobot/Documents/DetectX/DetectX_Dobot/install/detect_dobot/lib/python3.12/site-packages/detect_dobot/pose_ptp_node.py
/home/dobot/Documents/DetectX/DetectX_Dobot/install/detect_dobot/lib/python3.12/site-packages/detect_dobot/pick_and_place_node.py
/home/dobot/Documents/DetectX/DetectX_Dobot/install/detect_dobot/lib/python3.12/site-packages/detect_dobot/kinematics.py
/home/dobot/Documents/DetectX/DetectX_Dobot/install/detect_dobot/lib/python3.12/site-packages/detect_dobot/vision_node.py
/home/dobot/Documents/DetectX/DetectX_Dobot/install/detect_dobot/lib/python3.12/site-packages/detect_dobot/suction_cup_node.py
/home/dobot/Documents/DetectX/DetectX_Dobot/install/detect_dobot/lib/python3.12/site-packages/detect_dobot/py.typed
/home/dobot/Documents/DetectX/DetectX_Dobot/install/detect_dobot/lib/python3.12/site-packages/detect_dobot/__pycache__/dobot_client.cpython-312.pyc
/home/dobot/Documents/DetectX/DetectX_Dobot/install/detect_dobot/lib/python3.12/site-packages/detect_dobot/__pycache__/__init__.cpython-312.pyc
/home/dobot/Documents/DetectX/DetectX_Dobot/install/detect_dobot/lib/python3.12/site-packages/detect_dobot/__pycache__/cartesian_ptp_node.cpython-312.pyc
/home/dobot/Documents/DetectX/DetectX_Dobot/install/detect_dobot/lib/python3.12/site-packages/detect_dobot/__pycache__/homing_node.cpython-312.pyc
/home/dobot/Documents/DetectX/DetectX_Dobot/install/detect_dobot/lib/python3.12/site-packages/detect_dobot/__pycache__/pose_ptp_node.cpython-312.pyc
/home/dobot/Documents/DetectX/DetectX_Dobot/install/detect_dobot/lib/python3.12/site-packages/detect_dobot/__pycache__/pick_and_place_node.cpython-312.pyc
/home/dobot/Documents/DetectX/DetectX_Dobot/install/detect_dobot/lib/python3.12/site-packages/detect_dobot/__pycache__/kinematics.cpython-312.pyc
/home/dobot/Documents/DetectX/DetectX_Dobot/install/detect_dobot/lib/python3.12/site-packages/detect_dobot/__pycache__/vision_node.cpython-312.pyc
/home/dobot/Documents/DetectX/DetectX_Dobot/install/detect_dobot/lib/python3.12/site-packages/detect_dobot/__pycache__/suction_cup_node.cpython-312.pyc
/home/dobot/Documents/DetectX/DetectX_Dobot/install/detect_dobot/share/ament_index/resource_index/packages/detect_dobot
/home/dobot/Documents/DetectX/DetectX_Dobot/install/detect_dobot/share/detect_dobot/package.xml
/home/dobot/Documents/DetectX/DetectX_Dobot/install/detect_dobot/share/detect_dobot/launch/dobot_launch.xml
/home/dobot/Documents/DetectX/DetectX_Dobot/install/detect_dobot/share/detect_dobot/resource/dobot_server.py
/home/dobot/Documents/DetectX/DetectX_Dobot/install/detect_dobot/share/detect_dobot/resource/dobot_driver.py
/home/dobot/Documents/DetectX/DetectX_Dobot/install/detect_dobot/lib/python3.12/site-packages/detect_dobot-0.0.0-py3.12.egg-info/top_level.txt
/home/dobot/Documents/DetectX/DetectX_Dobot/install/detect_dobot/lib/python3.12/site-packages/detect_dobot-0.0.0-py3.12.egg-info/PKG-INFO
/home/dobot/Documents/DetectX/DetectX_Dobot/install/detect_dobot/lib/python3.12/site-packages/detect_dobot-0.0.0-py3.12.egg-info/dependency_links.txt
/home/dobot/Documents/DetectX/DetectX_Dobot/install/detect_dobot/lib/python3.12/site-packages/detect_dobot-0.0.0-py3.12.egg-info/entry_points.txt
/home/dobot/Documents/DetectX/DetectX_Dobot/install/detect_dobot/lib/python3.12/site-packages/detect_dobot-0.0.0-py3.12.egg-info/requires.txt
/home/dobot/Documents/DetectX/DetectX_Dobot/install/detect_dobot/lib/python3.12/site-packages/detect_dobot-0.0.0-py3.12.egg-info/zip-safe
/home/dobot/Documents/DetectX/DetectX_Dobot/install/detect_dobot/lib/python3.12/site-packages/detect_dobot-0.0.0-py3.12.egg-info/SOURCES.txt
/home/dobot/Documents/DetectX/DetectX_Dobot/install/detect_dobot/lib/detect_dobot/cartesian_ptp_node
/home/dobot/Documents/DetectX/DetectX_Dobot/install/detect_dobot/lib/detect_dobot/homing_node
/home/dobot/Documents/DetectX/DetectX_Dobot/install/detect_dobot/lib/detect_dobot/pick_and_place_node
/home/dobot/Documents/DetectX/DetectX_Dobot/install/detect_dobot/lib/detect_dobot/pose_ptp_node
/home/dobot/Documents/DetectX/DetectX_Dobot/install/detect_dobot/lib/detect_dobot/suction_cup_node
/home/dobot/Documents/DetectX/DetectX_Dobot/install/detect_dobot/lib/detect_dobot/vision_node
