-- The C compiler identification is GNU 13.3.0
-- The CXX compiler identification is GNU 13.3.0
-- Detecting C compiler ABI info
-- Detecting C compiler ABI info - done
-- Check for working C compiler: /usr/bin/cc - skipped
-- Detecting C compile features
-- Detecting C compile features - done
-- Detecting CXX compiler ABI info
-- Detecting CXX compiler ABI info - done
-- Check for working CXX compiler: /usr/bin/c++ - skipped
-- Detecting CXX compile features
-- Detecting CXX compile features - done
-- Found ament_cmake: 2.7.3 (/opt/ros/kilted/share/ament_cmake/cmake)
-- Found Python3: /usr/bin/python3 (found version "3.12.3") found components: Interpreter 
-- Found rosidl_default_generators: 1.7.1 (/opt/ros/kilted/share/rosidl_default_generators/cmake)
-- Using all available rosidl_typesupport_c: rosidl_typesupport_fastrtps_c;rosidl_typesupport_introspection_c
-- Using all available rosidl_typesupport_cpp: rosidl_typesupport_fastrtps_cpp;rosidl_typesupport_introspection_cpp
-- Found rosidl_adapter: 4.9.6 (/opt/ros/kilted/share/rosidl_adapter/cmake)
-- Found action_msgs: 2.3.0 (/opt/ros/kilted/share/action_msgs/cmake)
-- Found ament_cmake_ros_core: 0.14.7 (/opt/ros/kilted/share/ament_cmake_ros_core/cmake)
-- Using all available rosidl_typesupport_c: rosidl_typesupport_fastrtps_c;rosidl_typesupport_introspection_c
-- Using all available rosidl_typesupport_cpp: rosidl_typesupport_fastrtps_cpp;rosidl_typesupport_introspection_cpp
-- Found Python3: /usr/bin/python3 (found version "3.12.3") found components: Interpreter Development NumPy Development.Module Development.Embed 
-- Found ament_lint_auto: 0.19.2 (/opt/ros/kilted/share/ament_lint_auto/cmake)
-- Added test 'lint_cmake' to check CMake code style
-- Added test 'xmllint' to check XML markup files
-- Configuring done (3.2s)
-- Generating done (0.0s)
-- Build files have been written to: /home/dobot/Documents/DetectX/DetectX_Dobot/build/dobot_interface
[  2%] [34m[1mGenerating type hashes for ROS interfaces[0m
[  2%] Built target ament_cmake_python_copy_dobot_interface
[  2%] Built target dobot_interface__rosidl_generator_type_description
[  4%] [34m[1mGenerating C code for ROS interfaces[0m
[  6%] [34m[1mGenerating C++ code for ROS interfaces[0m
running egg_info
creating dobot_interface.egg-info
writing dobot_interface.egg-info/PKG-INFO
writing dependency_links to dobot_interface.egg-info/dependency_links.txt
writing top-level names to dobot_interface.egg-info/top_level.txt
writing manifest file 'dobot_interface.egg-info/SOURCES.txt'
reading manifest file 'dobot_interface.egg-info/SOURCES.txt'
writing manifest file 'dobot_interface.egg-info/SOURCES.txt'
[  6%] Built target ament_cmake_python_build_dobot_interface_egg
[  6%] Built target dobot_interface__cpp
[ 11%] [32mBuilding C object CMakeFiles/dobot_interface__rosidl_generator_c.dir/rosidl_generator_c/dobot_interface/srv/detail/pick_and_place__type_support.c.o[0m
[ 11%] [32mBuilding C object CMakeFiles/dobot_interface__rosidl_generator_c.dir/rosidl_generator_c/dobot_interface/srv/detail/pick_and_place__functions.c.o[0m
[ 15%] [32mBuilding C object CMakeFiles/dobot_interface__rosidl_generator_c.dir/rosidl_generator_c/dobot_interface/action/detail/pose_ptp__type_support.c.o[0m
[ 15%] [32mBuilding C object CMakeFiles/dobot_interface__rosidl_generator_c.dir/rosidl_generator_c/dobot_interface/action/detail/pose_ptp__functions.c.o[0m
[ 18%] [32mBuilding C object CMakeFiles/dobot_interface__rosidl_generator_c.dir/rosidl_generator_c/dobot_interface/action/detail/pose_ptp__description.c.o[0m
[ 20%] [32mBuilding C object CMakeFiles/dobot_interface__rosidl_generator_c.dir/rosidl_generator_c/dobot_interface/srv/detail/pick_and_place__description.c.o[0m
[ 22%] [32m[1mLinking C shared library libdobot_interface__rosidl_generator_c.so[0m
[ 22%] Built target dobot_interface__rosidl_generator_c
[ 27%] [34m[1mGenerating C++ type support dispatch for ROS interfaces[0m
[ 27%] [34m[1mGenerating C type support for eProsima Fast-RTPS[0m
[ 31%] [34m[1mGenerating C type support dispatch for ROS interfaces[0m
[ 31%] [34m[1mGenerating C introspection for ROS interfaces[0m
[ 34%] [34m[1mGenerating C++ type support for eProsima Fast-RTPS[0m
[ 36%] [34m[1mGenerating C++ introspection for ROS interfaces[0m
[ 38%] [32mBuilding CXX object CMakeFiles/dobot_interface__rosidl_typesupport_c.dir/rosidl_typesupport_c/dobot_interface/srv/pick_and_place__type_support.cpp.o[0m
[ 40%] [32mBuilding CXX object CMakeFiles/dobot_interface__rosidl_typesupport_c.dir/rosidl_typesupport_c/dobot_interface/action/pose_ptp__type_support.cpp.o[0m
[ 43%] [32mBuilding CXX object CMakeFiles/dobot_interface__rosidl_typesupport_cpp.dir/rosidl_typesupport_cpp/dobot_interface/srv/pick_and_place__type_support.cpp.o[0m
[ 45%] [32mBuilding CXX object CMakeFiles/dobot_interface__rosidl_typesupport_cpp.dir/rosidl_typesupport_cpp/dobot_interface/action/pose_ptp__type_support.cpp.o[0m
[ 47%] [32m[1mLinking CXX shared library libdobot_interface__rosidl_typesupport_c.so[0m
[ 50%] [32mBuilding C object CMakeFiles/dobot_interface__rosidl_typesupport_introspection_c.dir/rosidl_typesupport_introspection_c/dobot_interface/srv/detail/pick_and_place__type_support.c.o[0m
[ 52%] [32mBuilding C object CMakeFiles/dobot_interface__rosidl_typesupport_introspection_c.dir/rosidl_typesupport_introspection_c/dobot_interface/action/detail/pose_ptp__type_support.c.o[0m
[ 54%] [32mBuilding CXX object CMakeFiles/dobot_interface__rosidl_typesupport_introspection_cpp.dir/rosidl_typesupport_introspection_cpp/dobot_interface/action/detail/pose_ptp__type_support.cpp.o[0m
[ 54%] Built target dobot_interface__rosidl_typesupport_c
[ 56%] [32mBuilding CXX object CMakeFiles/dobot_interface__rosidl_typesupport_introspection_cpp.dir/rosidl_typesupport_introspection_cpp/dobot_interface/srv/detail/pick_and_place__type_support.cpp.o[0m
[ 59%] [32m[1mLinking C shared library libdobot_interface__rosidl_typesupport_introspection_c.so[0m
[ 61%] [32mBuilding CXX object CMakeFiles/dobot_interface__rosidl_typesupport_fastrtps_cpp.dir/rosidl_typesupport_fastrtps_cpp/dobot_interface/action/detail/dds_fastrtps/pose_ptp__type_support.cpp.o[0m
[ 63%] [32mBuilding CXX object CMakeFiles/dobot_interface__rosidl_typesupport_fastrtps_cpp.dir/rosidl_typesupport_fastrtps_cpp/dobot_interface/srv/detail/dds_fastrtps/pick_and_place__type_support.cpp.o[0m
[ 65%] [32mBuilding CXX object CMakeFiles/dobot_interface__rosidl_typesupport_fastrtps_c.dir/rosidl_typesupport_fastrtps_c/dobot_interface/action/detail/pose_ptp__type_support_c.cpp.o[0m
[ 65%] Built target dobot_interface__rosidl_typesupport_introspection_c
[ 68%] [32mBuilding CXX object CMakeFiles/dobot_interface__rosidl_typesupport_fastrtps_c.dir/rosidl_typesupport_fastrtps_c/dobot_interface/srv/detail/pick_and_place__type_support_c.cpp.o[0m
[ 70%] [32m[1mLinking CXX shared library libdobot_interface__rosidl_typesupport_fastrtps_c.so[0m
[ 72%] [32m[1mLinking CXX shared library libdobot_interface__rosidl_typesupport_introspection_cpp.so[0m
[ 75%] [32m[1mLinking CXX shared library libdobot_interface__rosidl_typesupport_cpp.so[0m
[ 75%] Built target dobot_interface__rosidl_typesupport_fastrtps_c
[ 75%] Built target dobot_interface__rosidl_typesupport_introspection_cpp
[ 75%] Built target dobot_interface__rosidl_typesupport_cpp
[ 77%] [32m[1mLinking CXX shared library libdobot_interface__rosidl_typesupport_fastrtps_cpp.so[0m
[ 77%] Built target dobot_interface__rosidl_typesupport_fastrtps_cpp
[ 77%] Built target dobot_interface
[ 79%] [34m[1mGenerating Python code for ROS interfaces[0m
[ 79%] Built target dobot_interface__py
[ 81%] [32mBuilding C object CMakeFiles/dobot_interface__rosidl_generator_py.dir/rosidl_generator_py/dobot_interface/action/_pose_ptp_s.c.o[0m
[ 84%] [32mBuilding C object CMakeFiles/dobot_interface__rosidl_generator_py.dir/rosidl_generator_py/dobot_interface/srv/_pick_and_place_s.c.o[0m
[ 86%] [32m[1mLinking C shared library libdobot_interface__rosidl_generator_py.so[0m
[ 86%] Built target dobot_interface__rosidl_generator_py
[ 88%] [32mBuilding C object CMakeFiles/dobot_interface_s__rosidl_typesupport_introspection_c.dir/rosidl_generator_py/dobot_interface/_dobot_interface_s.ep.rosidl_typesupport_introspection_c.c.o[0m
[ 90%] [32mBuilding C object CMakeFiles/dobot_interface_s__rosidl_typesupport_fastrtps_c.dir/rosidl_generator_py/dobot_interface/_dobot_interface_s.ep.rosidl_typesupport_fastrtps_c.c.o[0m
[ 93%] [32mBuilding C object CMakeFiles/dobot_interface_s__rosidl_typesupport_c.dir/rosidl_generator_py/dobot_interface/_dobot_interface_s.ep.rosidl_typesupport_c.c.o[0m
[ 95%] [32m[1mLinking C shared module rosidl_generator_py/dobot_interface/dobot_interface_s__rosidl_typesupport_introspection_c.so[0m
[ 97%] [32m[1mLinking C shared module rosidl_generator_py/dobot_interface/dobot_interface_s__rosidl_typesupport_c.so[0m
[100%] [32m[1mLinking C shared module rosidl_generator_py/dobot_interface/dobot_interface_s__rosidl_typesupport_fastrtps_c.so[0m
[100%] Built target dobot_interface_s__rosidl_typesupport_introspection_c
[100%] Built target dobot_interface_s__rosidl_typesupport_c
[100%] Built target dobot_interface_s__rosidl_typesupport_fastrtps_c
-- Install configuration: ""
-- Installing: /home/dobot/Documents/DetectX/DetectX_Dobot/install/dobot_interface/share/ament_index/resource_index/rosidl_interfaces/dobot_interface
-- Installing: /home/dobot/Documents/DetectX/DetectX_Dobot/install/dobot_interface/share/dobot_interface/action/PosePTP.json
-- Installing: /home/dobot/Documents/DetectX/DetectX_Dobot/install/dobot_interface/share/dobot_interface/srv/PickAndPlace.json
-- Installing: /home/dobot/Documents/DetectX/DetectX_Dobot/install/dobot_interface/include/dobot_interface/dobot_interface
-- Installing: /home/dobot/Documents/DetectX/DetectX_Dobot/install/dobot_interface/include/dobot_interface/dobot_interface/action
-- Installing: /home/dobot/Documents/DetectX/DetectX_Dobot/install/dobot_interface/include/dobot_interface/dobot_interface/action/pose_ptp.h
-- Installing: /home/dobot/Documents/DetectX/DetectX_Dobot/install/dobot_interface/include/dobot_interface/dobot_interface/action/detail
-- Installing: /home/dobot/Documents/DetectX/DetectX_Dobot/install/dobot_interface/include/dobot_interface/dobot_interface/action/detail/pose_ptp__type_support.c
-- Installing: /home/dobot/Documents/DetectX/DetectX_Dobot/install/dobot_interface/include/dobot_interface/dobot_interface/action/detail/pose_ptp__type_support.h
-- Installing: /home/dobot/Documents/DetectX/DetectX_Dobot/install/dobot_interface/include/dobot_interface/dobot_interface/action/detail/pose_ptp__functions.c
-- Installing: /home/dobot/Documents/DetectX/DetectX_Dobot/install/dobot_interface/include/dobot_interface/dobot_interface/action/detail/pose_ptp__functions.h
-- Installing: /home/dobot/Documents/DetectX/DetectX_Dobot/install/dobot_interface/include/dobot_interface/dobot_interface/action/detail/pose_ptp__struct.h
-- Installing: /home/dobot/Documents/DetectX/DetectX_Dobot/install/dobot_interface/include/dobot_interface/dobot_interface/action/detail/pose_ptp__description.c
-- Installing: /home/dobot/Documents/DetectX/DetectX_Dobot/install/dobot_interface/include/dobot_interface/dobot_interface/srv
-- Installing: /home/dobot/Documents/DetectX/DetectX_Dobot/install/dobot_interface/include/dobot_interface/dobot_interface/srv/detail
-- Installing: /home/dobot/Documents/DetectX/DetectX_Dobot/install/dobot_interface/include/dobot_interface/dobot_interface/srv/detail/pick_and_place__functions.h
-- Installing: /home/dobot/Documents/DetectX/DetectX_Dobot/install/dobot_interface/include/dobot_interface/dobot_interface/srv/detail/pick_and_place__functions.c
-- Installing: /home/dobot/Documents/DetectX/DetectX_Dobot/install/dobot_interface/include/dobot_interface/dobot_interface/srv/detail/pick_and_place__type_support.c
-- Installing: /home/dobot/Documents/DetectX/DetectX_Dobot/install/dobot_interface/include/dobot_interface/dobot_interface/srv/detail/pick_and_place__description.c
-- Installing: /home/dobot/Documents/DetectX/DetectX_Dobot/install/dobot_interface/include/dobot_interface/dobot_interface/srv/detail/pick_and_place__type_support.h
-- Installing: /home/dobot/Documents/DetectX/DetectX_Dobot/install/dobot_interface/include/dobot_interface/dobot_interface/srv/detail/pick_and_place__struct.h
-- Installing: /home/dobot/Documents/DetectX/DetectX_Dobot/install/dobot_interface/include/dobot_interface/dobot_interface/srv/pick_and_place.h
-- Installing: /home/dobot/Documents/DetectX/DetectX_Dobot/install/dobot_interface/include/dobot_interface/dobot_interface/msg
-- Installing: /home/dobot/Documents/DetectX/DetectX_Dobot/install/dobot_interface/include/dobot_interface/dobot_interface/msg/rosidl_generator_c__visibility_control.h
-- Installing: /home/dobot/Documents/DetectX/DetectX_Dobot/install/dobot_interface/share/dobot_interface/environment/library_path.sh
-- Installing: /home/dobot/Documents/DetectX/DetectX_Dobot/install/dobot_interface/share/dobot_interface/environment/library_path.dsv
-- Installing: /home/dobot/Documents/DetectX/DetectX_Dobot/install/dobot_interface/lib/libdobot_interface__rosidl_generator_c.so
-- Set non-toolchain portion of runtime path of "/home/dobot/Documents/DetectX/DetectX_Dobot/install/dobot_interface/lib/libdobot_interface__rosidl_generator_c.so" to ""
-- Up-to-date: /home/dobot/Documents/DetectX/DetectX_Dobot/install/dobot_interface/include/dobot_interface/dobot_interface
-- Up-to-date: /home/dobot/Documents/DetectX/DetectX_Dobot/install/dobot_interface/include/dobot_interface/dobot_interface/action
-- Up-to-date: /home/dobot/Documents/DetectX/DetectX_Dobot/install/dobot_interface/include/dobot_interface/dobot_interface/action/detail
-- Installing: /home/dobot/Documents/DetectX/DetectX_Dobot/install/dobot_interface/include/dobot_interface/dobot_interface/action/detail/pose_ptp__rosidl_typesupport_fastrtps_c.h
-- Up-to-date: /home/dobot/Documents/DetectX/DetectX_Dobot/install/dobot_interface/include/dobot_interface/dobot_interface/srv
-- Up-to-date: /home/dobot/Documents/DetectX/DetectX_Dobot/install/dobot_interface/include/dobot_interface/dobot_interface/srv/detail
-- Installing: /home/dobot/Documents/DetectX/DetectX_Dobot/install/dobot_interface/include/dobot_interface/dobot_interface/srv/detail/pick_and_place__rosidl_typesupport_fastrtps_c.h
-- Up-to-date: /home/dobot/Documents/DetectX/DetectX_Dobot/install/dobot_interface/include/dobot_interface/dobot_interface/msg
-- Installing: /home/dobot/Documents/DetectX/DetectX_Dobot/install/dobot_interface/include/dobot_interface/dobot_interface/msg/rosidl_typesupport_fastrtps_c__visibility_control.h
-- Installing: /home/dobot/Documents/DetectX/DetectX_Dobot/install/dobot_interface/lib/libdobot_interface__rosidl_typesupport_fastrtps_c.so
-- Set non-toolchain portion of runtime path of "/home/dobot/Documents/DetectX/DetectX_Dobot/install/dobot_interface/lib/libdobot_interface__rosidl_typesupport_fastrtps_c.so" to ""
-- Up-to-date: /home/dobot/Documents/DetectX/DetectX_Dobot/install/dobot_interface/include/dobot_interface/dobot_interface
-- Up-to-date: /home/dobot/Documents/DetectX/DetectX_Dobot/install/dobot_interface/include/dobot_interface/dobot_interface/action
-- Up-to-date: /home/dobot/Documents/DetectX/DetectX_Dobot/install/dobot_interface/include/dobot_interface/dobot_interface/action/detail
-- Installing: /home/dobot/Documents/DetectX/DetectX_Dobot/install/dobot_interface/include/dobot_interface/dobot_interface/action/detail/pose_ptp__rosidl_typesupport_introspection_c.h
-- Installing: /home/dobot/Documents/DetectX/DetectX_Dobot/install/dobot_interface/include/dobot_interface/dobot_interface/action/detail/pose_ptp__type_support.c
-- Up-to-date: /home/dobot/Documents/DetectX/DetectX_Dobot/install/dobot_interface/include/dobot_interface/dobot_interface/srv
-- Up-to-date: /home/dobot/Documents/DetectX/DetectX_Dobot/install/dobot_interface/include/dobot_interface/dobot_interface/srv/detail
-- Installing: /home/dobot/Documents/DetectX/DetectX_Dobot/install/dobot_interface/include/dobot_interface/dobot_interface/srv/detail/pick_and_place__type_support.c
-- Installing: /home/dobot/Documents/DetectX/DetectX_Dobot/install/dobot_interface/include/dobot_interface/dobot_interface/srv/detail/pick_and_place__rosidl_typesupport_introspection_c.h
-- Up-to-date: /home/dobot/Documents/DetectX/DetectX_Dobot/install/dobot_interface/include/dobot_interface/dobot_interface/msg
-- Installing: /home/dobot/Documents/DetectX/DetectX_Dobot/install/dobot_interface/include/dobot_interface/dobot_interface/msg/rosidl_typesupport_introspection_c__visibility_control.h
-- Installing: /home/dobot/Documents/DetectX/DetectX_Dobot/install/dobot_interface/lib/libdobot_interface__rosidl_typesupport_introspection_c.so
-- Set non-toolchain portion of runtime path of "/home/dobot/Documents/DetectX/DetectX_Dobot/install/dobot_interface/lib/libdobot_interface__rosidl_typesupport_introspection_c.so" to ""
-- Installing: /home/dobot/Documents/DetectX/DetectX_Dobot/install/dobot_interface/lib/libdobot_interface__rosidl_typesupport_c.so
-- Set non-toolchain portion of runtime path of "/home/dobot/Documents/DetectX/DetectX_Dobot/install/dobot_interface/lib/libdobot_interface__rosidl_typesupport_c.so" to ""
-- Up-to-date: /home/dobot/Documents/DetectX/DetectX_Dobot/install/dobot_interface/include/dobot_interface/dobot_interface
-- Up-to-date: /home/dobot/Documents/DetectX/DetectX_Dobot/install/dobot_interface/include/dobot_interface/dobot_interface/action
-- Installing: /home/dobot/Documents/DetectX/DetectX_Dobot/install/dobot_interface/include/dobot_interface/dobot_interface/action/pose_ptp.hpp
-- Up-to-date: /home/dobot/Documents/DetectX/DetectX_Dobot/install/dobot_interface/include/dobot_interface/dobot_interface/action/detail
-- Installing: /home/dobot/Documents/DetectX/DetectX_Dobot/install/dobot_interface/include/dobot_interface/dobot_interface/action/detail/pose_ptp__struct.hpp
-- Installing: /home/dobot/Documents/DetectX/DetectX_Dobot/install/dobot_interface/include/dobot_interface/dobot_interface/action/detail/pose_ptp__builder.hpp
-- Installing: /home/dobot/Documents/DetectX/DetectX_Dobot/install/dobot_interface/include/dobot_interface/dobot_interface/action/detail/pose_ptp__traits.hpp
-- Installing: /home/dobot/Documents/DetectX/DetectX_Dobot/install/dobot_interface/include/dobot_interface/dobot_interface/action/detail/pose_ptp__type_support.hpp
-- Up-to-date: /home/dobot/Documents/DetectX/DetectX_Dobot/install/dobot_interface/include/dobot_interface/dobot_interface/srv
-- Installing: /home/dobot/Documents/DetectX/DetectX_Dobot/install/dobot_interface/include/dobot_interface/dobot_interface/srv/pick_and_place.hpp
-- Up-to-date: /home/dobot/Documents/DetectX/DetectX_Dobot/install/dobot_interface/include/dobot_interface/dobot_interface/srv/detail
-- Installing: /home/dobot/Documents/DetectX/DetectX_Dobot/install/dobot_interface/include/dobot_interface/dobot_interface/srv/detail/pick_and_place__type_support.hpp
-- Installing: /home/dobot/Documents/DetectX/DetectX_Dobot/install/dobot_interface/include/dobot_interface/dobot_interface/srv/detail/pick_and_place__builder.hpp
-- Installing: /home/dobot/Documents/DetectX/DetectX_Dobot/install/dobot_interface/include/dobot_interface/dobot_interface/srv/detail/pick_and_place__struct.hpp
-- Installing: /home/dobot/Documents/DetectX/DetectX_Dobot/install/dobot_interface/include/dobot_interface/dobot_interface/srv/detail/pick_and_place__traits.hpp
-- Up-to-date: /home/dobot/Documents/DetectX/DetectX_Dobot/install/dobot_interface/include/dobot_interface/dobot_interface/msg
-- Installing: /home/dobot/Documents/DetectX/DetectX_Dobot/install/dobot_interface/include/dobot_interface/dobot_interface/msg/rosidl_generator_cpp__visibility_control.hpp
-- Up-to-date: /home/dobot/Documents/DetectX/DetectX_Dobot/install/dobot_interface/include/dobot_interface/dobot_interface
-- Up-to-date: /home/dobot/Documents/DetectX/DetectX_Dobot/install/dobot_interface/include/dobot_interface/dobot_interface/action
-- Up-to-date: /home/dobot/Documents/DetectX/DetectX_Dobot/install/dobot_interface/include/dobot_interface/dobot_interface/action/detail
-- Installing: /home/dobot/Documents/DetectX/DetectX_Dobot/install/dobot_interface/include/dobot_interface/dobot_interface/action/detail/pose_ptp__rosidl_typesupport_fastrtps_cpp.hpp
-- Installing: /home/dobot/Documents/DetectX/DetectX_Dobot/install/dobot_interface/include/dobot_interface/dobot_interface/action/detail/dds_fastrtps
-- Up-to-date: /home/dobot/Documents/DetectX/DetectX_Dobot/install/dobot_interface/include/dobot_interface/dobot_interface/srv
-- Up-to-date: /home/dobot/Documents/DetectX/DetectX_Dobot/install/dobot_interface/include/dobot_interface/dobot_interface/srv/detail
-- Installing: /home/dobot/Documents/DetectX/DetectX_Dobot/install/dobot_interface/include/dobot_interface/dobot_interface/srv/detail/pick_and_place__rosidl_typesupport_fastrtps_cpp.hpp
-- Installing: /home/dobot/Documents/DetectX/DetectX_Dobot/install/dobot_interface/include/dobot_interface/dobot_interface/srv/detail/dds_fastrtps
-- Up-to-date: /home/dobot/Documents/DetectX/DetectX_Dobot/install/dobot_interface/include/dobot_interface/dobot_interface/msg
-- Installing: /home/dobot/Documents/DetectX/DetectX_Dobot/install/dobot_interface/include/dobot_interface/dobot_interface/msg/rosidl_typesupport_fastrtps_cpp__visibility_control.h
-- Installing: /home/dobot/Documents/DetectX/DetectX_Dobot/install/dobot_interface/lib/libdobot_interface__rosidl_typesupport_fastrtps_cpp.so
-- Set non-toolchain portion of runtime path of "/home/dobot/Documents/DetectX/DetectX_Dobot/install/dobot_interface/lib/libdobot_interface__rosidl_typesupport_fastrtps_cpp.so" to ""
-- Up-to-date: /home/dobot/Documents/DetectX/DetectX_Dobot/install/dobot_interface/include/dobot_interface/dobot_interface
-- Up-to-date: /home/dobot/Documents/DetectX/DetectX_Dobot/install/dobot_interface/include/dobot_interface/dobot_interface/action
-- Up-to-date: /home/dobot/Documents/DetectX/DetectX_Dobot/install/dobot_interface/include/dobot_interface/dobot_interface/action/detail
-- Installing: /home/dobot/Documents/DetectX/DetectX_Dobot/install/dobot_interface/include/dobot_interface/dobot_interface/action/detail/pose_ptp__type_support.cpp
-- Installing: /home/dobot/Documents/DetectX/DetectX_Dobot/install/dobot_interface/include/dobot_interface/dobot_interface/action/detail/pose_ptp__rosidl_typesupport_introspection_cpp.hpp
-- Up-to-date: /home/dobot/Documents/DetectX/DetectX_Dobot/install/dobot_interface/include/dobot_interface/dobot_interface/srv
-- Up-to-date: /home/dobot/Documents/DetectX/DetectX_Dobot/install/dobot_interface/include/dobot_interface/dobot_interface/srv/detail
-- Installing: /home/dobot/Documents/DetectX/DetectX_Dobot/install/dobot_interface/include/dobot_interface/dobot_interface/srv/detail/pick_and_place__type_support.cpp
-- Installing: /home/dobot/Documents/DetectX/DetectX_Dobot/install/dobot_interface/include/dobot_interface/dobot_interface/srv/detail/pick_and_place__rosidl_typesupport_introspection_cpp.hpp
-- Installing: /home/dobot/Documents/DetectX/DetectX_Dobot/install/dobot_interface/lib/libdobot_interface__rosidl_typesupport_introspection_cpp.so
-- Set non-toolchain portion of runtime path of "/home/dobot/Documents/DetectX/DetectX_Dobot/install/dobot_interface/lib/libdobot_interface__rosidl_typesupport_introspection_cpp.so" to ""
-- Installing: /home/dobot/Documents/DetectX/DetectX_Dobot/install/dobot_interface/lib/libdobot_interface__rosidl_typesupport_cpp.so
-- Set non-toolchain portion of runtime path of "/home/dobot/Documents/DetectX/DetectX_Dobot/install/dobot_interface/lib/libdobot_interface__rosidl_typesupport_cpp.so" to ""
-- Installing: /home/dobot/Documents/DetectX/DetectX_Dobot/install/dobot_interface/share/dobot_interface/environment/pythonpath.sh
-- Installing: /home/dobot/Documents/DetectX/DetectX_Dobot/install/dobot_interface/share/dobot_interface/environment/pythonpath.dsv
-- Installing: /home/dobot/Documents/DetectX/DetectX_Dobot/install/dobot_interface/lib/python3.12/site-packages/dobot_interface-0.0.0-py3.12.egg-info
-- Installing: /home/dobot/Documents/DetectX/DetectX_Dobot/install/dobot_interface/lib/python3.12/site-packages/dobot_interface-0.0.0-py3.12.egg-info/top_level.txt
-- Installing: /home/dobot/Documents/DetectX/DetectX_Dobot/install/dobot_interface/lib/python3.12/site-packages/dobot_interface-0.0.0-py3.12.egg-info/PKG-INFO
-- Installing: /home/dobot/Documents/DetectX/DetectX_Dobot/install/dobot_interface/lib/python3.12/site-packages/dobot_interface-0.0.0-py3.12.egg-info/dependency_links.txt
-- Installing: /home/dobot/Documents/DetectX/DetectX_Dobot/install/dobot_interface/lib/python3.12/site-packages/dobot_interface-0.0.0-py3.12.egg-info/SOURCES.txt
-- Installing: /home/dobot/Documents/DetectX/DetectX_Dobot/install/dobot_interface/lib/python3.12/site-packages/dobot_interface
-- Installing: /home/dobot/Documents/DetectX/DetectX_Dobot/install/dobot_interface/lib/python3.12/site-packages/dobot_interface/action
-- Installing: /home/dobot/Documents/DetectX/DetectX_Dobot/install/dobot_interface/lib/python3.12/site-packages/dobot_interface/action/__init__.py
-- Installing: /home/dobot/Documents/DetectX/DetectX_Dobot/install/dobot_interface/lib/python3.12/site-packages/dobot_interface/action/_pose_ptp_s.c
-- Installing: /home/dobot/Documents/DetectX/DetectX_Dobot/install/dobot_interface/lib/python3.12/site-packages/dobot_interface/action/_pose_ptp.py
-- Installing: /home/dobot/Documents/DetectX/DetectX_Dobot/install/dobot_interface/lib/python3.12/site-packages/dobot_interface/__init__.py
-- Installing: /home/dobot/Documents/DetectX/DetectX_Dobot/install/dobot_interface/lib/python3.12/site-packages/dobot_interface/dobot_interface_s__rosidl_typesupport_c.so
-- Installing: /home/dobot/Documents/DetectX/DetectX_Dobot/install/dobot_interface/lib/python3.12/site-packages/dobot_interface/srv
-- Installing: /home/dobot/Documents/DetectX/DetectX_Dobot/install/dobot_interface/lib/python3.12/site-packages/dobot_interface/srv/_pick_and_place.py
-- Installing: /home/dobot/Documents/DetectX/DetectX_Dobot/install/dobot_interface/lib/python3.12/site-packages/dobot_interface/srv/__init__.py
-- Installing: /home/dobot/Documents/DetectX/DetectX_Dobot/install/dobot_interface/lib/python3.12/site-packages/dobot_interface/srv/_pick_and_place_s.c
-- Installing: /home/dobot/Documents/DetectX/DetectX_Dobot/install/dobot_interface/lib/python3.12/site-packages/dobot_interface/dobot_interface_s__rosidl_typesupport_introspection_c.so
-- Installing: /home/dobot/Documents/DetectX/DetectX_Dobot/install/dobot_interface/lib/python3.12/site-packages/dobot_interface/_dobot_interface_s.ep.rosidl_typesupport_introspection_c.c
-- Installing: /home/dobot/Documents/DetectX/DetectX_Dobot/install/dobot_interface/lib/python3.12/site-packages/dobot_interface/_dobot_interface_s.ep.rosidl_typesupport_fastrtps_c.c
-- Installing: /home/dobot/Documents/DetectX/DetectX_Dobot/install/dobot_interface/lib/python3.12/site-packages/dobot_interface/dobot_interface_s__rosidl_typesupport_fastrtps_c.so
-- Installing: /home/dobot/Documents/DetectX/DetectX_Dobot/install/dobot_interface/lib/python3.12/site-packages/dobot_interface/_dobot_interface_s.ep.rosidl_typesupport_c.c
Listing '/home/dobot/Documents/DetectX/DetectX_Dobot/install/dobot_interface/lib/python3.12/site-packages/dobot_interface'...
Compiling '/home/dobot/Documents/DetectX/DetectX_Dobot/install/dobot_interface/lib/python3.12/site-packages/dobot_interface/__init__.py'...
Listing '/home/dobot/Documents/DetectX/DetectX_Dobot/install/dobot_interface/lib/python3.12/site-packages/dobot_interface/action'...
Compiling '/home/dobot/Documents/DetectX/DetectX_Dobot/install/dobot_interface/lib/python3.12/site-packages/dobot_interface/action/__init__.py'...
Compiling '/home/dobot/Documents/DetectX/DetectX_Dobot/install/dobot_interface/lib/python3.12/site-packages/dobot_interface/action/_pose_ptp.py'...
Listing '/home/dobot/Documents/DetectX/DetectX_Dobot/install/dobot_interface/lib/python3.12/site-packages/dobot_interface/srv'...
Compiling '/home/dobot/Documents/DetectX/DetectX_Dobot/install/dobot_interface/lib/python3.12/site-packages/dobot_interface/srv/__init__.py'...
Compiling '/home/dobot/Documents/DetectX/DetectX_Dobot/install/dobot_interface/lib/python3.12/site-packages/dobot_interface/srv/_pick_and_place.py'...
-- Installing: /home/dobot/Documents/DetectX/DetectX_Dobot/install/dobot_interface/lib/python3.12/site-packages/dobot_interface/dobot_interface_s__rosidl_typesupport_fastrtps_c.so
-- Set non-toolchain portion of runtime path of "/home/dobot/Documents/DetectX/DetectX_Dobot/install/dobot_interface/lib/python3.12/site-packages/dobot_interface/dobot_interface_s__rosidl_typesupport_fastrtps_c.so" to ""
-- Installing: /home/dobot/Documents/DetectX/DetectX_Dobot/install/dobot_interface/lib/python3.12/site-packages/dobot_interface/dobot_interface_s__rosidl_typesupport_introspection_c.so
-- Set non-toolchain portion of runtime path of "/home/dobot/Documents/DetectX/DetectX_Dobot/install/dobot_interface/lib/python3.12/site-packages/dobot_interface/dobot_interface_s__rosidl_typesupport_introspection_c.so" to ""
-- Installing: /home/dobot/Documents/DetectX/DetectX_Dobot/install/dobot_interface/lib/python3.12/site-packages/dobot_interface/dobot_interface_s__rosidl_typesupport_c.so
-- Set non-toolchain portion of runtime path of "/home/dobot/Documents/DetectX/DetectX_Dobot/install/dobot_interface/lib/python3.12/site-packages/dobot_interface/dobot_interface_s__rosidl_typesupport_c.so" to ""
-- Installing: /home/dobot/Documents/DetectX/DetectX_Dobot/install/dobot_interface/lib/libdobot_interface__rosidl_generator_py.so
-- Set non-toolchain portion of runtime path of "/home/dobot/Documents/DetectX/DetectX_Dobot/install/dobot_interface/lib/libdobot_interface__rosidl_generator_py.so" to ""
-- Installing: /home/dobot/Documents/DetectX/DetectX_Dobot/install/dobot_interface/share/dobot_interface/action/PosePTP.idl
-- Installing: /home/dobot/Documents/DetectX/DetectX_Dobot/install/dobot_interface/share/dobot_interface/srv/PickAndPlace.idl
-- Installing: /home/dobot/Documents/DetectX/DetectX_Dobot/install/dobot_interface/share/dobot_interface/action/PosePTP.action
-- Installing: /home/dobot/Documents/DetectX/DetectX_Dobot/install/dobot_interface/share/dobot_interface/srv/PickAndPlace.srv
-- Installing: /home/dobot/Documents/DetectX/DetectX_Dobot/install/dobot_interface/share/ament_index/resource_index/package_run_dependencies/dobot_interface
-- Installing: /home/dobot/Documents/DetectX/DetectX_Dobot/install/dobot_interface/share/ament_index/resource_index/parent_prefix_path/dobot_interface
-- Installing: /home/dobot/Documents/DetectX/DetectX_Dobot/install/dobot_interface/share/dobot_interface/environment/ament_prefix_path.sh
-- Installing: /home/dobot/Documents/DetectX/DetectX_Dobot/install/dobot_interface/share/dobot_interface/environment/ament_prefix_path.dsv
-- Installing: /home/dobot/Documents/DetectX/DetectX_Dobot/install/dobot_interface/share/dobot_interface/environment/path.sh
-- Installing: /home/dobot/Documents/DetectX/DetectX_Dobot/install/dobot_interface/share/dobot_interface/environment/path.dsv
-- Installing: /home/dobot/Documents/DetectX/DetectX_Dobot/install/dobot_interface/share/dobot_interface/local_setup.bash
-- Installing: /home/dobot/Documents/DetectX/DetectX_Dobot/install/dobot_interface/share/dobot_interface/local_setup.sh
-- Installing: /home/dobot/Documents/DetectX/DetectX_Dobot/install/dobot_interface/share/dobot_interface/local_setup.zsh
-- Installing: /home/dobot/Documents/DetectX/DetectX_Dobot/install/dobot_interface/share/dobot_interface/local_setup.dsv
-- Installing: /home/dobot/Documents/DetectX/DetectX_Dobot/install/dobot_interface/share/dobot_interface/package.dsv
-- Installing: /home/dobot/Documents/DetectX/DetectX_Dobot/install/dobot_interface/share/ament_index/resource_index/packages/dobot_interface
-- Installing: /home/dobot/Documents/DetectX/DetectX_Dobot/install/dobot_interface/share/dobot_interface/cmake/export_dobot_interface__rosidl_generator_cExport.cmake
-- Installing: /home/dobot/Documents/DetectX/DetectX_Dobot/install/dobot_interface/share/dobot_interface/cmake/export_dobot_interface__rosidl_generator_cExport-noconfig.cmake
-- Installing: /home/dobot/Documents/DetectX/DetectX_Dobot/install/dobot_interface/share/dobot_interface/cmake/export_dobot_interface__rosidl_typesupport_fastrtps_cExport.cmake
-- Installing: /home/dobot/Documents/DetectX/DetectX_Dobot/install/dobot_interface/share/dobot_interface/cmake/export_dobot_interface__rosidl_typesupport_fastrtps_cExport-noconfig.cmake
-- Installing: /home/dobot/Documents/DetectX/DetectX_Dobot/install/dobot_interface/share/dobot_interface/cmake/dobot_interface__rosidl_typesupport_introspection_cExport.cmake
-- Installing: /home/dobot/Documents/DetectX/DetectX_Dobot/install/dobot_interface/share/dobot_interface/cmake/dobot_interface__rosidl_typesupport_introspection_cExport-noconfig.cmake
-- Installing: /home/dobot/Documents/DetectX/DetectX_Dobot/install/dobot_interface/share/dobot_interface/cmake/dobot_interface__rosidl_typesupport_cExport.cmake
-- Installing: /home/dobot/Documents/DetectX/DetectX_Dobot/install/dobot_interface/share/dobot_interface/cmake/dobot_interface__rosidl_typesupport_cExport-noconfig.cmake
-- Installing: /home/dobot/Documents/DetectX/DetectX_Dobot/install/dobot_interface/share/dobot_interface/cmake/export_dobot_interface__rosidl_generator_cppExport.cmake
-- Installing: /home/dobot/Documents/DetectX/DetectX_Dobot/install/dobot_interface/share/dobot_interface/cmake/export_dobot_interface__rosidl_typesupport_fastrtps_cppExport.cmake
-- Installing: /home/dobot/Documents/DetectX/DetectX_Dobot/install/dobot_interface/share/dobot_interface/cmake/export_dobot_interface__rosidl_typesupport_fastrtps_cppExport-noconfig.cmake
-- Installing: /home/dobot/Documents/DetectX/DetectX_Dobot/install/dobot_interface/share/dobot_interface/cmake/dobot_interface__rosidl_typesupport_introspection_cppExport.cmake
-- Installing: /home/dobot/Documents/DetectX/DetectX_Dobot/install/dobot_interface/share/dobot_interface/cmake/dobot_interface__rosidl_typesupport_introspection_cppExport-noconfig.cmake
-- Installing: /home/dobot/Documents/DetectX/DetectX_Dobot/install/dobot_interface/share/dobot_interface/cmake/dobot_interface__rosidl_typesupport_cppExport.cmake
-- Installing: /home/dobot/Documents/DetectX/DetectX_Dobot/install/dobot_interface/share/dobot_interface/cmake/dobot_interface__rosidl_typesupport_cppExport-noconfig.cmake
-- Installing: /home/dobot/Documents/DetectX/DetectX_Dobot/install/dobot_interface/share/dobot_interface/cmake/export_dobot_interface__rosidl_generator_pyExport.cmake
-- Installing: /home/dobot/Documents/DetectX/DetectX_Dobot/install/dobot_interface/share/dobot_interface/cmake/export_dobot_interface__rosidl_generator_pyExport-noconfig.cmake
-- Installing: /home/dobot/Documents/DetectX/DetectX_Dobot/install/dobot_interface/share/dobot_interface/cmake/rosidl_cmake-extras.cmake
-- Installing: /home/dobot/Documents/DetectX/DetectX_Dobot/install/dobot_interface/share/dobot_interface/cmake/ament_cmake_export_dependencies-extras.cmake
-- Installing: /home/dobot/Documents/DetectX/DetectX_Dobot/install/dobot_interface/share/dobot_interface/cmake/ament_cmake_export_include_directories-extras.cmake
-- Installing: /home/dobot/Documents/DetectX/DetectX_Dobot/install/dobot_interface/share/dobot_interface/cmake/ament_cmake_export_libraries-extras.cmake
-- Installing: /home/dobot/Documents/DetectX/DetectX_Dobot/install/dobot_interface/share/dobot_interface/cmake/ament_cmake_export_targets-extras.cmake
-- Installing: /home/dobot/Documents/DetectX/DetectX_Dobot/install/dobot_interface/share/dobot_interface/cmake/rosidl_cmake_export_typesupport_targets-extras.cmake
-- Installing: /home/dobot/Documents/DetectX/DetectX_Dobot/install/dobot_interface/share/dobot_interface/cmake/rosidl_cmake_export_typesupport_libraries-extras.cmake
-- Installing: /home/dobot/Documents/DetectX/DetectX_Dobot/install/dobot_interface/share/dobot_interface/cmake/dobot_interfaceConfig.cmake
-- Installing: /home/dobot/Documents/DetectX/DetectX_Dobot/install/dobot_interface/share/dobot_interface/cmake/dobot_interfaceConfig-version.cmake
-- Installing: /home/dobot/Documents/DetectX/DetectX_Dobot/install/dobot_interface/share/dobot_interface/package.xml
