running egg_info
creating ../../build/detect_dobot/detect_dobot.egg-info
writing ../../build/detect_dobot/detect_dobot.egg-info/PKG-INFO
writing dependency_links to ../../build/detect_dobot/detect_dobot.egg-info/dependency_links.txt
writing entry points to ../../build/detect_dobot/detect_dobot.egg-info/entry_points.txt
writing requirements to ../../build/detect_dobot/detect_dobot.egg-info/requires.txt
writing top-level names to ../../build/detect_dobot/detect_dobot.egg-info/top_level.txt
writing manifest file '../../build/detect_dobot/detect_dobot.egg-info/SOURCES.txt'
reading manifest file '../../build/detect_dobot/detect_dobot.egg-info/SOURCES.txt'
adding license file 'LICENSE'
writing manifest file '../../build/detect_dobot/detect_dobot.egg-info/SOURCES.txt'
running build
running build_py
creating /home/dobot/Documents/DetectX/DetectX_Dobot/build/detect_dobot/build
creating /home/dobot/Documents/DetectX/DetectX_Dobot/build/detect_dobot/build/lib
creating /home/dobot/Documents/DetectX/DetectX_Dobot/build/detect_dobot/build/lib/detect_dobot
copying ./detect_dobot/dobot_client.py -> /home/dobot/Documents/DetectX/DetectX_Dobot/build/detect_dobot/build/lib/detect_dobot
copying ./detect_dobot/__init__.py -> /home/dobot/Documents/DetectX/DetectX_Dobot/build/detect_dobot/build/lib/detect_dobot
copying ./detect_dobot/cartesian_ptp_node.py -> /home/dobot/Documents/DetectX/DetectX_Dobot/build/detect_dobot/build/lib/detect_dobot
copying ./detect_dobot/homing_node.py -> /home/dobot/Documents/DetectX/DetectX_Dobot/build/detect_dobot/build/lib/detect_dobot
copying ./detect_dobot/pose_ptp_node.py -> /home/dobot/Documents/DetectX/DetectX_Dobot/build/detect_dobot/build/lib/detect_dobot
copying ./detect_dobot/pick_and_place_node.py -> /home/dobot/Documents/DetectX/DetectX_Dobot/build/detect_dobot/build/lib/detect_dobot
copying ./detect_dobot/kinematics.py -> /home/dobot/Documents/DetectX/DetectX_Dobot/build/detect_dobot/build/lib/detect_dobot
copying ./detect_dobot/vision_node.py -> /home/dobot/Documents/DetectX/DetectX_Dobot/build/detect_dobot/build/lib/detect_dobot
copying ./detect_dobot/suction_cup_node.py -> /home/dobot/Documents/DetectX/DetectX_Dobot/build/detect_dobot/build/lib/detect_dobot
copying ./detect_dobot/py.typed -> /home/dobot/Documents/DetectX/DetectX_Dobot/build/detect_dobot/build/lib/detect_dobot
running install
running install_lib
creating /home/dobot/Documents/DetectX/DetectX_Dobot/install/detect_dobot/lib/python3.12/site-packages/detect_dobot
copying /home/dobot/Documents/DetectX/DetectX_Dobot/build/detect_dobot/build/lib/detect_dobot/dobot_client.py -> /home/dobot/Documents/DetectX/DetectX_Dobot/install/detect_dobot/lib/python3.12/site-packages/detect_dobot
copying /home/dobot/Documents/DetectX/DetectX_Dobot/build/detect_dobot/build/lib/detect_dobot/__init__.py -> /home/dobot/Documents/DetectX/DetectX_Dobot/install/detect_dobot/lib/python3.12/site-packages/detect_dobot
copying /home/dobot/Documents/DetectX/DetectX_Dobot/build/detect_dobot/build/lib/detect_dobot/cartesian_ptp_node.py -> /home/dobot/Documents/DetectX/DetectX_Dobot/install/detect_dobot/lib/python3.12/site-packages/detect_dobot
copying /home/dobot/Documents/DetectX/DetectX_Dobot/build/detect_dobot/build/lib/detect_dobot/homing_node.py -> /home/dobot/Documents/DetectX/DetectX_Dobot/install/detect_dobot/lib/python3.12/site-packages/detect_dobot
copying /home/dobot/Documents/DetectX/DetectX_Dobot/build/detect_dobot/build/lib/detect_dobot/pose_ptp_node.py -> /home/dobot/Documents/DetectX/DetectX_Dobot/install/detect_dobot/lib/python3.12/site-packages/detect_dobot
copying /home/dobot/Documents/DetectX/DetectX_Dobot/build/detect_dobot/build/lib/detect_dobot/pick_and_place_node.py -> /home/dobot/Documents/DetectX/DetectX_Dobot/install/detect_dobot/lib/python3.12/site-packages/detect_dobot
copying /home/dobot/Documents/DetectX/DetectX_Dobot/build/detect_dobot/build/lib/detect_dobot/kinematics.py -> /home/dobot/Documents/DetectX/DetectX_Dobot/install/detect_dobot/lib/python3.12/site-packages/detect_dobot
copying /home/dobot/Documents/DetectX/DetectX_Dobot/build/detect_dobot/build/lib/detect_dobot/vision_node.py -> /home/dobot/Documents/DetectX/DetectX_Dobot/install/detect_dobot/lib/python3.12/site-packages/detect_dobot
copying /home/dobot/Documents/DetectX/DetectX_Dobot/build/detect_dobot/build/lib/detect_dobot/suction_cup_node.py -> /home/dobot/Documents/DetectX/DetectX_Dobot/install/detect_dobot/lib/python3.12/site-packages/detect_dobot
copying /home/dobot/Documents/DetectX/DetectX_Dobot/build/detect_dobot/build/lib/detect_dobot/py.typed -> /home/dobot/Documents/DetectX/DetectX_Dobot/install/detect_dobot/lib/python3.12/site-packages/detect_dobot
byte-compiling /home/dobot/Documents/DetectX/DetectX_Dobot/install/detect_dobot/lib/python3.12/site-packages/detect_dobot/dobot_client.py to dobot_client.cpython-312.pyc
byte-compiling /home/dobot/Documents/DetectX/DetectX_Dobot/install/detect_dobot/lib/python3.12/site-packages/detect_dobot/__init__.py to __init__.cpython-312.pyc
byte-compiling /home/dobot/Documents/DetectX/DetectX_Dobot/install/detect_dobot/lib/python3.12/site-packages/detect_dobot/cartesian_ptp_node.py to cartesian_ptp_node.cpython-312.pyc
byte-compiling /home/dobot/Documents/DetectX/DetectX_Dobot/install/detect_dobot/lib/python3.12/site-packages/detect_dobot/homing_node.py to homing_node.cpython-312.pyc
byte-compiling /home/dobot/Documents/DetectX/DetectX_Dobot/install/detect_dobot/lib/python3.12/site-packages/detect_dobot/pose_ptp_node.py to pose_ptp_node.cpython-312.pyc
byte-compiling /home/dobot/Documents/DetectX/DetectX_Dobot/install/detect_dobot/lib/python3.12/site-packages/detect_dobot/pick_and_place_node.py to pick_and_place_node.cpython-312.pyc
byte-compiling /home/dobot/Documents/DetectX/DetectX_Dobot/install/detect_dobot/lib/python3.12/site-packages/detect_dobot/kinematics.py to kinematics.cpython-312.pyc
byte-compiling /home/dobot/Documents/DetectX/DetectX_Dobot/install/detect_dobot/lib/python3.12/site-packages/detect_dobot/vision_node.py to vision_node.cpython-312.pyc
byte-compiling /home/dobot/Documents/DetectX/DetectX_Dobot/install/detect_dobot/lib/python3.12/site-packages/detect_dobot/suction_cup_node.py to suction_cup_node.cpython-312.pyc
running install_data
creating /home/dobot/Documents/DetectX/DetectX_Dobot/install/detect_dobot/share/ament_index
creating /home/dobot/Documents/DetectX/DetectX_Dobot/install/detect_dobot/share/ament_index/resource_index
creating /home/dobot/Documents/DetectX/DetectX_Dobot/install/detect_dobot/share/ament_index/resource_index/packages
copying resource/detect_dobot -> /home/dobot/Documents/DetectX/DetectX_Dobot/install/detect_dobot/share/ament_index/resource_index/packages
copying package.xml -> /home/dobot/Documents/DetectX/DetectX_Dobot/install/detect_dobot/share/detect_dobot
creating /home/dobot/Documents/DetectX/DetectX_Dobot/install/detect_dobot/share/detect_dobot/launch
copying launch/dobot_launch.xml -> /home/dobot/Documents/DetectX/DetectX_Dobot/install/detect_dobot/share/detect_dobot/launch
creating /home/dobot/Documents/DetectX/DetectX_Dobot/install/detect_dobot/share/detect_dobot/resource
copying resource/dobot_server.py -> /home/dobot/Documents/DetectX/DetectX_Dobot/install/detect_dobot/share/detect_dobot/resource
copying resource/dobot_driver.py -> /home/dobot/Documents/DetectX/DetectX_Dobot/install/detect_dobot/share/detect_dobot/resource
running install_egg_info
Copying ../../build/detect_dobot/detect_dobot.egg-info to /home/dobot/Documents/DetectX/DetectX_Dobot/install/detect_dobot/lib/python3.12/site-packages/detect_dobot-0.0.0-py3.12.egg-info
running install_scripts
Installing cartesian_ptp_node script to /home/dobot/Documents/DetectX/DetectX_Dobot/install/detect_dobot/lib/detect_dobot
Installing homing_node script to /home/dobot/Documents/DetectX/DetectX_Dobot/install/detect_dobot/lib/detect_dobot
Installing pick_and_place_node script to /home/dobot/Documents/DetectX/DetectX_Dobot/install/detect_dobot/lib/detect_dobot
Installing pose_ptp_node script to /home/dobot/Documents/DetectX/DetectX_Dobot/install/detect_dobot/lib/detect_dobot
Installing suction_cup_node script to /home/dobot/Documents/DetectX/DetectX_Dobot/install/detect_dobot/lib/detect_dobot
Installing vision_node script to /home/dobot/Documents/DetectX/DetectX_Dobot/install/detect_dobot/lib/detect_dobot
writing list of installed files to '/home/dobot/Documents/DetectX/DetectX_Dobot/build/detect_dobot/install.log'
