[0.014s] Invoking command in '/home/dobot/Documents/DetectX/DetectX_Dobot/build/dobot_interface': CMAKE_PREFIX_PATH=${CMAKE_PREFIX_PATH}:/home/dobot/Documents/DetectX/DetectX_Dobot/install/detect_dobot:/opt/ros/kilted DEBUGINFOD_URLS=https://debuginfod.ubuntu.com /usr/bin/cmake --build /home/dobot/Documents/DetectX/DetectX_Dobot/build/dobot_interface -- -j8 -l8
[0.084s] [  2%] Built target dobot_interface__rosidl_generator_type_description
[0.096s] [  2%] Built target ament_cmake_python_copy_dobot_interface
[0.121s] [ 13%] Built target dobot_interface__cpp
[0.121s] [ 22%] Built target dobot_interface__rosidl_generator_c
[0.151s] [ 31%] Built target dobot_interface__rosidl_typesupport_cpp
[0.152s] [ 40%] Built target dobot_interface__rosidl_typesupport_introspection_cpp
[0.152s] [ 50%] Built target dobot_interface__rosidl_typesupport_fastrtps_c
[0.152s] [ 59%] Built target dobot_interface__rosidl_typesupport_c
[0.152s] [ 68%] Built target dobot_interface__rosidl_typesupport_introspection_c
[0.156s] [ 77%] Built target dobot_interface__rosidl_typesupport_fastrtps_cpp
[0.176s] [ 77%] Built target dobot_interface
[0.197s] [ 79%] Built target dobot_interface__py
[0.227s] [ 86%] Built target dobot_interface__rosidl_generator_py
[0.252s] [ 90%] Built target dobot_interface_s__rosidl_typesupport_introspection_c
[0.254s] [ 95%] Built target dobot_interface_s__rosidl_typesupport_c
[0.269s] [100%] Built target dobot_interface_s__rosidl_typesupport_fastrtps_c
[0.269s] running egg_info
[0.282s] writing dobot_interface.egg-info/PKG-INFO
[0.283s] writing dependency_links to dobot_interface.egg-info/dependency_links.txt
[0.283s] writing top-level names to dobot_interface.egg-info/top_level.txt
[0.322s] reading manifest file 'dobot_interface.egg-info/SOURCES.txt'
[0.323s] writing manifest file 'dobot_interface.egg-info/SOURCES.txt'
[0.353s] [100%] Built target ament_cmake_python_build_dobot_interface_egg
[0.370s] Invoked command in '/home/dobot/Documents/DetectX/DetectX_Dobot/build/dobot_interface' returned '0': CMAKE_PREFIX_PATH=${CMAKE_PREFIX_PATH}:/home/dobot/Documents/DetectX/DetectX_Dobot/install/detect_dobot:/opt/ros/kilted DEBUGINFOD_URLS=https://debuginfod.ubuntu.com /usr/bin/cmake --build /home/dobot/Documents/DetectX/DetectX_Dobot/build/dobot_interface -- -j8 -l8
[0.383s] Invoking command in '/home/dobot/Documents/DetectX/DetectX_Dobot/build/dobot_interface': CMAKE_PREFIX_PATH=${CMAKE_PREFIX_PATH}:/home/dobot/Documents/DetectX/DetectX_Dobot/install/detect_dobot:/opt/ros/kilted DEBUGINFOD_URLS=https://debuginfod.ubuntu.com /usr/bin/cmake --install /home/dobot/Documents/DetectX/DetectX_Dobot/build/dobot_interface
[0.392s] -- Install configuration: ""
[0.392s] -- Up-to-date: /home/dobot/Documents/DetectX/DetectX_Dobot/install/dobot_interface/share/ament_index/resource_index/rosidl_interfaces/dobot_interface
[0.392s] -- Up-to-date: /home/dobot/Documents/DetectX/DetectX_Dobot/install/dobot_interface/share/dobot_interface/action/PosePTP.json
[0.392s] -- Up-to-date: /home/dobot/Documents/DetectX/DetectX_Dobot/install/dobot_interface/share/dobot_interface/srv/PickAndPlace.json
[0.392s] -- Up-to-date: /home/dobot/Documents/DetectX/DetectX_Dobot/install/dobot_interface/include/dobot_interface/dobot_interface
[0.392s] -- Up-to-date: /home/dobot/Documents/DetectX/DetectX_Dobot/install/dobot_interface/include/dobot_interface/dobot_interface/action
[0.393s] -- Up-to-date: /home/dobot/Documents/DetectX/DetectX_Dobot/install/dobot_interface/include/dobot_interface/dobot_interface/action/pose_ptp.h
[0.393s] -- Up-to-date: /home/dobot/Documents/DetectX/DetectX_Dobot/install/dobot_interface/include/dobot_interface/dobot_interface/action/detail
[0.393s] -- Up-to-date: /home/dobot/Documents/DetectX/DetectX_Dobot/install/dobot_interface/include/dobot_interface/dobot_interface/action/detail/pose_ptp__type_support.c
[0.393s] -- Up-to-date: /home/dobot/Documents/DetectX/DetectX_Dobot/install/dobot_interface/include/dobot_interface/dobot_interface/action/detail/pose_ptp__type_support.h
[0.394s] -- Up-to-date: /home/dobot/Documents/DetectX/DetectX_Dobot/install/dobot_interface/include/dobot_interface/dobot_interface/action/detail/pose_ptp__functions.c
[0.394s] -- Up-to-date: /home/dobot/Documents/DetectX/DetectX_Dobot/install/dobot_interface/include/dobot_interface/dobot_interface/action/detail/pose_ptp__functions.h
[0.394s] -- Up-to-date: /home/dobot/Documents/DetectX/DetectX_Dobot/install/dobot_interface/include/dobot_interface/dobot_interface/action/detail/pose_ptp__struct.h
[0.395s] -- Up-to-date: /home/dobot/Documents/DetectX/DetectX_Dobot/install/dobot_interface/include/dobot_interface/dobot_interface/action/detail/pose_ptp__description.c
[0.395s] -- Up-to-date: /home/dobot/Documents/DetectX/DetectX_Dobot/install/dobot_interface/include/dobot_interface/dobot_interface/srv
[0.396s] -- Up-to-date: /home/dobot/Documents/DetectX/DetectX_Dobot/install/dobot_interface/include/dobot_interface/dobot_interface/srv/detail
[0.396s] -- Up-to-date: /home/dobot/Documents/DetectX/DetectX_Dobot/install/dobot_interface/include/dobot_interface/dobot_interface/srv/detail/pick_and_place__functions.h
[0.396s] -- Up-to-date: /home/dobot/Documents/DetectX/DetectX_Dobot/install/dobot_interface/include/dobot_interface/dobot_interface/srv/detail/pick_and_place__functions.c
[0.396s] -- Up-to-date: /home/dobot/Documents/DetectX/DetectX_Dobot/install/dobot_interface/include/dobot_interface/dobot_interface/srv/detail/pick_and_place__type_support.c
[0.396s] -- Up-to-date: /home/dobot/Documents/DetectX/DetectX_Dobot/install/dobot_interface/include/dobot_interface/dobot_interface/srv/detail/pick_and_place__description.c
[0.396s] -- Up-to-date: /home/dobot/Documents/DetectX/DetectX_Dobot/install/dobot_interface/include/dobot_interface/dobot_interface/srv/detail/pick_and_place__type_support.h
[0.396s] -- Up-to-date: /home/dobot/Documents/DetectX/DetectX_Dobot/install/dobot_interface/include/dobot_interface/dobot_interface/srv/detail/pick_and_place__struct.h
[0.397s] -- Up-to-date: /home/dobot/Documents/DetectX/DetectX_Dobot/install/dobot_interface/include/dobot_interface/dobot_interface/srv/pick_and_place.h
[0.397s] -- Up-to-date: /home/dobot/Documents/DetectX/DetectX_Dobot/install/dobot_interface/include/dobot_interface/dobot_interface/msg
[0.397s] -- Up-to-date: /home/dobot/Documents/DetectX/DetectX_Dobot/install/dobot_interface/include/dobot_interface/dobot_interface/msg/rosidl_generator_c__visibility_control.h
[0.397s] -- Up-to-date: /home/dobot/Documents/DetectX/DetectX_Dobot/install/dobot_interface/share/dobot_interface/environment/library_path.sh
[0.397s] -- Up-to-date: /home/dobot/Documents/DetectX/DetectX_Dobot/install/dobot_interface/share/dobot_interface/environment/library_path.dsv
[0.398s] -- Up-to-date: /home/dobot/Documents/DetectX/DetectX_Dobot/install/dobot_interface/lib/libdobot_interface__rosidl_generator_c.so
[0.398s] -- Up-to-date: /home/dobot/Documents/DetectX/DetectX_Dobot/install/dobot_interface/include/dobot_interface/dobot_interface
[0.398s] -- Up-to-date: /home/dobot/Documents/DetectX/DetectX_Dobot/install/dobot_interface/include/dobot_interface/dobot_interface/action
[0.398s] -- Up-to-date: /home/dobot/Documents/DetectX/DetectX_Dobot/install/dobot_interface/include/dobot_interface/dobot_interface/action/detail
[0.399s] -- Up-to-date: /home/dobot/Documents/DetectX/DetectX_Dobot/install/dobot_interface/include/dobot_interface/dobot_interface/action/detail/pose_ptp__rosidl_typesupport_fastrtps_c.h
[0.399s] -- Up-to-date: /home/dobot/Documents/DetectX/DetectX_Dobot/install/dobot_interface/include/dobot_interface/dobot_interface/srv
[0.399s] -- Up-to-date: /home/dobot/Documents/DetectX/DetectX_Dobot/install/dobot_interface/include/dobot_interface/dobot_interface/srv/detail
[0.399s] -- Up-to-date: /home/dobot/Documents/DetectX/DetectX_Dobot/install/dobot_interface/include/dobot_interface/dobot_interface/srv/detail/pick_and_place__rosidl_typesupport_fastrtps_c.h
[0.399s] -- Up-to-date: /home/dobot/Documents/DetectX/DetectX_Dobot/install/dobot_interface/include/dobot_interface/dobot_interface/msg
[0.399s] -- Up-to-date: /home/dobot/Documents/DetectX/DetectX_Dobot/install/dobot_interface/include/dobot_interface/dobot_interface/msg/rosidl_typesupport_fastrtps_c__visibility_control.h
[0.400s] -- Up-to-date: /home/dobot/Documents/DetectX/DetectX_Dobot/install/dobot_interface/lib/libdobot_interface__rosidl_typesupport_fastrtps_c.so
[0.400s] -- Up-to-date: /home/dobot/Documents/DetectX/DetectX_Dobot/install/dobot_interface/include/dobot_interface/dobot_interface
[0.400s] -- Up-to-date: /home/dobot/Documents/DetectX/DetectX_Dobot/install/dobot_interface/include/dobot_interface/dobot_interface/action
[0.400s] -- Up-to-date: /home/dobot/Documents/DetectX/DetectX_Dobot/install/dobot_interface/include/dobot_interface/dobot_interface/action/detail
[0.400s] -- Up-to-date: /home/dobot/Documents/DetectX/DetectX_Dobot/install/dobot_interface/include/dobot_interface/dobot_interface/action/detail/pose_ptp__rosidl_typesupport_introspection_c.h
[0.400s] -- Up-to-date: /home/dobot/Documents/DetectX/DetectX_Dobot/install/dobot_interface/include/dobot_interface/dobot_interface/action/detail/pose_ptp__type_support.c
[0.401s] -- Up-to-date: /home/dobot/Documents/DetectX/DetectX_Dobot/install/dobot_interface/include/dobot_interface/dobot_interface/srv
[0.401s] -- Up-to-date: /home/dobot/Documents/DetectX/DetectX_Dobot/install/dobot_interface/include/dobot_interface/dobot_interface/srv/detail
[0.401s] -- Up-to-date: /home/dobot/Documents/DetectX/DetectX_Dobot/install/dobot_interface/include/dobot_interface/dobot_interface/srv/detail/pick_and_place__type_support.c
[0.401s] -- Up-to-date: /home/dobot/Documents/DetectX/DetectX_Dobot/install/dobot_interface/include/dobot_interface/dobot_interface/srv/detail/pick_and_place__rosidl_typesupport_introspection_c.h
[0.401s] -- Up-to-date: /home/dobot/Documents/DetectX/DetectX_Dobot/install/dobot_interface/include/dobot_interface/dobot_interface/msg
[0.401s] -- Up-to-date: /home/dobot/Documents/DetectX/DetectX_Dobot/install/dobot_interface/include/dobot_interface/dobot_interface/msg/rosidl_typesupport_introspection_c__visibility_control.h
[0.401s] -- Up-to-date: /home/dobot/Documents/DetectX/DetectX_Dobot/install/dobot_interface/lib/libdobot_interface__rosidl_typesupport_introspection_c.so
[0.401s] -- Up-to-date: /home/dobot/Documents/DetectX/DetectX_Dobot/install/dobot_interface/lib/libdobot_interface__rosidl_typesupport_c.so
[0.402s] -- Up-to-date: /home/dobot/Documents/DetectX/DetectX_Dobot/install/dobot_interface/include/dobot_interface/dobot_interface
[0.403s] -- Up-to-date: /home/dobot/Documents/DetectX/DetectX_Dobot/install/dobot_interface/include/dobot_interface/dobot_interface/action
[0.403s] -- Up-to-date: /home/dobot/Documents/DetectX/DetectX_Dobot/install/dobot_interface/include/dobot_interface/dobot_interface/action/pose_ptp.hpp
[0.403s] -- Up-to-date: /home/dobot/Documents/DetectX/DetectX_Dobot/install/dobot_interface/include/dobot_interface/dobot_interface/action/detail
[0.403s] -- Up-to-date: /home/dobot/Documents/DetectX/DetectX_Dobot/install/dobot_interface/include/dobot_interface/dobot_interface/action/detail/pose_ptp__struct.hpp
[0.403s] -- Up-to-date: /home/dobot/Documents/DetectX/DetectX_Dobot/install/dobot_interface/include/dobot_interface/dobot_interface/action/detail/pose_ptp__builder.hpp
[0.403s] -- Up-to-date: /home/dobot/Documents/DetectX/DetectX_Dobot/install/dobot_interface/include/dobot_interface/dobot_interface/action/detail/pose_ptp__traits.hpp
[0.403s] -- Up-to-date: /home/dobot/Documents/DetectX/DetectX_Dobot/install/dobot_interface/include/dobot_interface/dobot_interface/action/detail/pose_ptp__type_support.hpp
[0.404s] -- Up-to-date: /home/dobot/Documents/DetectX/DetectX_Dobot/install/dobot_interface/include/dobot_interface/dobot_interface/srv
[0.404s] -- Up-to-date: /home/dobot/Documents/DetectX/DetectX_Dobot/install/dobot_interface/include/dobot_interface/dobot_interface/srv/pick_and_place.hpp
[0.404s] -- Up-to-date: /home/dobot/Documents/DetectX/DetectX_Dobot/install/dobot_interface/include/dobot_interface/dobot_interface/srv/detail
[0.404s] -- Up-to-date: /home/dobot/Documents/DetectX/DetectX_Dobot/install/dobot_interface/include/dobot_interface/dobot_interface/srv/detail/pick_and_place__type_support.hpp
[0.404s] -- Up-to-date: /home/dobot/Documents/DetectX/DetectX_Dobot/install/dobot_interface/include/dobot_interface/dobot_interface/srv/detail/pick_and_place__builder.hpp
[0.405s] -- Up-to-date: /home/dobot/Documents/DetectX/DetectX_Dobot/install/dobot_interface/include/dobot_interface/dobot_interface/srv/detail/pick_and_place__struct.hpp
[0.405s] -- Up-to-date: /home/dobot/Documents/DetectX/DetectX_Dobot/install/dobot_interface/include/dobot_interface/dobot_interface/srv/detail/pick_and_place__traits.hpp
[0.405s] -- Up-to-date: /home/dobot/Documents/DetectX/DetectX_Dobot/install/dobot_interface/include/dobot_interface/dobot_interface/msg
[0.405s] -- Up-to-date: /home/dobot/Documents/DetectX/DetectX_Dobot/install/dobot_interface/include/dobot_interface/dobot_interface/msg/rosidl_generator_cpp__visibility_control.hpp
[0.405s] -- Up-to-date: /home/dobot/Documents/DetectX/DetectX_Dobot/install/dobot_interface/include/dobot_interface/dobot_interface
[0.405s] -- Up-to-date: /home/dobot/Documents/DetectX/DetectX_Dobot/install/dobot_interface/include/dobot_interface/dobot_interface/action
[0.405s] -- Up-to-date: /home/dobot/Documents/DetectX/DetectX_Dobot/install/dobot_interface/include/dobot_interface/dobot_interface/action/detail
[0.405s] -- Up-to-date: /home/dobot/Documents/DetectX/DetectX_Dobot/install/dobot_interface/include/dobot_interface/dobot_interface/action/detail/pose_ptp__rosidl_typesupport_fastrtps_cpp.hpp
[0.406s] -- Up-to-date: /home/dobot/Documents/DetectX/DetectX_Dobot/install/dobot_interface/include/dobot_interface/dobot_interface/action/detail/dds_fastrtps
[0.406s] -- Up-to-date: /home/dobot/Documents/DetectX/DetectX_Dobot/install/dobot_interface/include/dobot_interface/dobot_interface/srv
[0.406s] -- Up-to-date: /home/dobot/Documents/DetectX/DetectX_Dobot/install/dobot_interface/include/dobot_interface/dobot_interface/srv/detail
[0.406s] -- Up-to-date: /home/dobot/Documents/DetectX/DetectX_Dobot/install/dobot_interface/include/dobot_interface/dobot_interface/srv/detail/pick_and_place__rosidl_typesupport_fastrtps_cpp.hpp
[0.406s] -- Up-to-date: /home/dobot/Documents/DetectX/DetectX_Dobot/install/dobot_interface/include/dobot_interface/dobot_interface/srv/detail/dds_fastrtps
[0.406s] -- Up-to-date: /home/dobot/Documents/DetectX/DetectX_Dobot/install/dobot_interface/include/dobot_interface/dobot_interface/msg
[0.406s] -- Up-to-date: /home/dobot/Documents/DetectX/DetectX_Dobot/install/dobot_interface/include/dobot_interface/dobot_interface/msg/rosidl_typesupport_fastrtps_cpp__visibility_control.h
[0.406s] -- Up-to-date: /home/dobot/Documents/DetectX/DetectX_Dobot/install/dobot_interface/lib/libdobot_interface__rosidl_typesupport_fastrtps_cpp.so
[0.407s] -- Up-to-date: /home/dobot/Documents/DetectX/DetectX_Dobot/install/dobot_interface/include/dobot_interface/dobot_interface
[0.407s] -- Up-to-date: /home/dobot/Documents/DetectX/DetectX_Dobot/install/dobot_interface/include/dobot_interface/dobot_interface/action
[0.407s] -- Up-to-date: /home/dobot/Documents/DetectX/DetectX_Dobot/install/dobot_interface/include/dobot_interface/dobot_interface/action/detail
[0.407s] -- Up-to-date: /home/dobot/Documents/DetectX/DetectX_Dobot/install/dobot_interface/include/dobot_interface/dobot_interface/action/detail/pose_ptp__type_support.cpp
[0.407s] -- Up-to-date: /home/dobot/Documents/DetectX/DetectX_Dobot/install/dobot_interface/include/dobot_interface/dobot_interface/action/detail/pose_ptp__rosidl_typesupport_introspection_cpp.hpp
[0.407s] -- Up-to-date: /home/dobot/Documents/DetectX/DetectX_Dobot/install/dobot_interface/include/dobot_interface/dobot_interface/srv
[0.407s] -- Up-to-date: /home/dobot/Documents/DetectX/DetectX_Dobot/install/dobot_interface/include/dobot_interface/dobot_interface/srv/detail
[0.407s] -- Up-to-date: /home/dobot/Documents/DetectX/DetectX_Dobot/install/dobot_interface/include/dobot_interface/dobot_interface/srv/detail/pick_and_place__type_support.cpp
[0.408s] -- Up-to-date: /home/dobot/Documents/DetectX/DetectX_Dobot/install/dobot_interface/include/dobot_interface/dobot_interface/srv/detail/pick_and_place__rosidl_typesupport_introspection_cpp.hpp
[0.408s] -- Up-to-date: /home/dobot/Documents/DetectX/DetectX_Dobot/install/dobot_interface/lib/libdobot_interface__rosidl_typesupport_introspection_cpp.so
[0.408s] -- Up-to-date: /home/dobot/Documents/DetectX/DetectX_Dobot/install/dobot_interface/lib/libdobot_interface__rosidl_typesupport_cpp.so
[0.408s] -- Up-to-date: /home/dobot/Documents/DetectX/DetectX_Dobot/install/dobot_interface/share/dobot_interface/environment/pythonpath.sh
[0.408s] -- Up-to-date: /home/dobot/Documents/DetectX/DetectX_Dobot/install/dobot_interface/share/dobot_interface/environment/pythonpath.dsv
[0.408s] -- Up-to-date: /home/dobot/Documents/DetectX/DetectX_Dobot/install/dobot_interface/lib/python3.12/site-packages/dobot_interface-0.0.0-py3.12.egg-info
[0.408s] -- Installing: /home/dobot/Documents/DetectX/DetectX_Dobot/install/dobot_interface/lib/python3.12/site-packages/dobot_interface-0.0.0-py3.12.egg-info/top_level.txt
[0.408s] -- Installing: /home/dobot/Documents/DetectX/DetectX_Dobot/install/dobot_interface/lib/python3.12/site-packages/dobot_interface-0.0.0-py3.12.egg-info/PKG-INFO
[0.408s] -- Installing: /home/dobot/Documents/DetectX/DetectX_Dobot/install/dobot_interface/lib/python3.12/site-packages/dobot_interface-0.0.0-py3.12.egg-info/dependency_links.txt
[0.409s] -- Installing: /home/dobot/Documents/DetectX/DetectX_Dobot/install/dobot_interface/lib/python3.12/site-packages/dobot_interface-0.0.0-py3.12.egg-info/SOURCES.txt
[0.409s] -- Up-to-date: /home/dobot/Documents/DetectX/DetectX_Dobot/install/dobot_interface/lib/python3.12/site-packages/dobot_interface
[0.409s] -- Up-to-date: /home/dobot/Documents/DetectX/DetectX_Dobot/install/dobot_interface/lib/python3.12/site-packages/dobot_interface/action
[0.409s] -- Up-to-date: /home/dobot/Documents/DetectX/DetectX_Dobot/install/dobot_interface/lib/python3.12/site-packages/dobot_interface/action/__init__.py
[0.409s] -- Up-to-date: /home/dobot/Documents/DetectX/DetectX_Dobot/install/dobot_interface/lib/python3.12/site-packages/dobot_interface/action/_pose_ptp_s.c
[0.409s] -- Up-to-date: /home/dobot/Documents/DetectX/DetectX_Dobot/install/dobot_interface/lib/python3.12/site-packages/dobot_interface/action/_pose_ptp.py
[0.409s] -- Up-to-date: /home/dobot/Documents/DetectX/DetectX_Dobot/install/dobot_interface/lib/python3.12/site-packages/dobot_interface/__init__.py
[0.410s] -- Up-to-date: /home/dobot/Documents/DetectX/DetectX_Dobot/install/dobot_interface/lib/python3.12/site-packages/dobot_interface/dobot_interface_s__rosidl_typesupport_c.so
[0.410s] -- Up-to-date: /home/dobot/Documents/DetectX/DetectX_Dobot/install/dobot_interface/lib/python3.12/site-packages/dobot_interface/srv
[0.410s] -- Up-to-date: /home/dobot/Documents/DetectX/DetectX_Dobot/install/dobot_interface/lib/python3.12/site-packages/dobot_interface/srv/_pick_and_place.py
[0.410s] -- Up-to-date: /home/dobot/Documents/DetectX/DetectX_Dobot/install/dobot_interface/lib/python3.12/site-packages/dobot_interface/srv/__init__.py
[0.410s] -- Up-to-date: /home/dobot/Documents/DetectX/DetectX_Dobot/install/dobot_interface/lib/python3.12/site-packages/dobot_interface/srv/_pick_and_place_s.c
[0.410s] -- Up-to-date: /home/dobot/Documents/DetectX/DetectX_Dobot/install/dobot_interface/lib/python3.12/site-packages/dobot_interface/dobot_interface_s__rosidl_typesupport_introspection_c.so
[0.410s] -- Up-to-date: /home/dobot/Documents/DetectX/DetectX_Dobot/install/dobot_interface/lib/python3.12/site-packages/dobot_interface/_dobot_interface_s.ep.rosidl_typesupport_introspection_c.c
[0.410s] -- Up-to-date: /home/dobot/Documents/DetectX/DetectX_Dobot/install/dobot_interface/lib/python3.12/site-packages/dobot_interface/_dobot_interface_s.ep.rosidl_typesupport_fastrtps_c.c
[0.410s] -- Up-to-date: /home/dobot/Documents/DetectX/DetectX_Dobot/install/dobot_interface/lib/python3.12/site-packages/dobot_interface/dobot_interface_s__rosidl_typesupport_fastrtps_c.so
[0.410s] -- Up-to-date: /home/dobot/Documents/DetectX/DetectX_Dobot/install/dobot_interface/lib/python3.12/site-packages/dobot_interface/_dobot_interface_s.ep.rosidl_typesupport_c.c
[0.436s] Listing '/home/dobot/Documents/DetectX/DetectX_Dobot/install/dobot_interface/lib/python3.12/site-packages/dobot_interface'...
[0.436s] Listing '/home/dobot/Documents/DetectX/DetectX_Dobot/install/dobot_interface/lib/python3.12/site-packages/dobot_interface/action'...
[0.436s] Listing '/home/dobot/Documents/DetectX/DetectX_Dobot/install/dobot_interface/lib/python3.12/site-packages/dobot_interface/srv'...
[0.442s] -- Up-to-date: /home/dobot/Documents/DetectX/DetectX_Dobot/install/dobot_interface/lib/python3.12/site-packages/dobot_interface/dobot_interface_s__rosidl_typesupport_fastrtps_c.so
[0.443s] -- Up-to-date: /home/dobot/Documents/DetectX/DetectX_Dobot/install/dobot_interface/lib/python3.12/site-packages/dobot_interface/dobot_interface_s__rosidl_typesupport_introspection_c.so
[0.444s] -- Up-to-date: /home/dobot/Documents/DetectX/DetectX_Dobot/install/dobot_interface/lib/python3.12/site-packages/dobot_interface/dobot_interface_s__rosidl_typesupport_c.so
[0.444s] -- Up-to-date: /home/dobot/Documents/DetectX/DetectX_Dobot/install/dobot_interface/lib/libdobot_interface__rosidl_generator_py.so
[0.444s] -- Up-to-date: /home/dobot/Documents/DetectX/DetectX_Dobot/install/dobot_interface/share/dobot_interface/action/PosePTP.idl
[0.444s] -- Up-to-date: /home/dobot/Documents/DetectX/DetectX_Dobot/install/dobot_interface/share/dobot_interface/srv/PickAndPlace.idl
[0.445s] -- Up-to-date: /home/dobot/Documents/DetectX/DetectX_Dobot/install/dobot_interface/share/dobot_interface/action/PosePTP.action
[0.445s] -- Up-to-date: /home/dobot/Documents/DetectX/DetectX_Dobot/install/dobot_interface/share/dobot_interface/srv/PickAndPlace.srv
[0.445s] -- Up-to-date: /home/dobot/Documents/DetectX/DetectX_Dobot/install/dobot_interface/share/ament_index/resource_index/package_run_dependencies/dobot_interface
[0.445s] -- Up-to-date: /home/dobot/Documents/DetectX/DetectX_Dobot/install/dobot_interface/share/ament_index/resource_index/parent_prefix_path/dobot_interface
[0.445s] -- Up-to-date: /home/dobot/Documents/DetectX/DetectX_Dobot/install/dobot_interface/share/dobot_interface/environment/ament_prefix_path.sh
[0.445s] -- Up-to-date: /home/dobot/Documents/DetectX/DetectX_Dobot/install/dobot_interface/share/dobot_interface/environment/ament_prefix_path.dsv
[0.445s] -- Up-to-date: /home/dobot/Documents/DetectX/DetectX_Dobot/install/dobot_interface/share/dobot_interface/environment/path.sh
[0.445s] -- Up-to-date: /home/dobot/Documents/DetectX/DetectX_Dobot/install/dobot_interface/share/dobot_interface/environment/path.dsv
[0.445s] -- Up-to-date: /home/dobot/Documents/DetectX/DetectX_Dobot/install/dobot_interface/share/dobot_interface/local_setup.bash
[0.446s] -- Up-to-date: /home/dobot/Documents/DetectX/DetectX_Dobot/install/dobot_interface/share/dobot_interface/local_setup.sh
[0.446s] -- Up-to-date: /home/dobot/Documents/DetectX/DetectX_Dobot/install/dobot_interface/share/dobot_interface/local_setup.zsh
[0.446s] -- Up-to-date: /home/dobot/Documents/DetectX/DetectX_Dobot/install/dobot_interface/share/dobot_interface/local_setup.dsv
[0.446s] -- Installing: /home/dobot/Documents/DetectX/DetectX_Dobot/install/dobot_interface/share/dobot_interface/package.dsv
[0.446s] -- Up-to-date: /home/dobot/Documents/DetectX/DetectX_Dobot/install/dobot_interface/share/ament_index/resource_index/packages/dobot_interface
[0.446s] -- Up-to-date: /home/dobot/Documents/DetectX/DetectX_Dobot/install/dobot_interface/share/dobot_interface/cmake/export_dobot_interface__rosidl_generator_cExport.cmake
[0.446s] -- Up-to-date: /home/dobot/Documents/DetectX/DetectX_Dobot/install/dobot_interface/share/dobot_interface/cmake/export_dobot_interface__rosidl_generator_cExport-noconfig.cmake
[0.446s] -- Up-to-date: /home/dobot/Documents/DetectX/DetectX_Dobot/install/dobot_interface/share/dobot_interface/cmake/export_dobot_interface__rosidl_typesupport_fastrtps_cExport.cmake
[0.446s] -- Up-to-date: /home/dobot/Documents/DetectX/DetectX_Dobot/install/dobot_interface/share/dobot_interface/cmake/export_dobot_interface__rosidl_typesupport_fastrtps_cExport-noconfig.cmake
[0.446s] -- Up-to-date: /home/dobot/Documents/DetectX/DetectX_Dobot/install/dobot_interface/share/dobot_interface/cmake/dobot_interface__rosidl_typesupport_introspection_cExport.cmake
[0.446s] -- Up-to-date: /home/dobot/Documents/DetectX/DetectX_Dobot/install/dobot_interface/share/dobot_interface/cmake/dobot_interface__rosidl_typesupport_introspection_cExport-noconfig.cmake
[0.446s] -- Up-to-date: /home/dobot/Documents/DetectX/DetectX_Dobot/install/dobot_interface/share/dobot_interface/cmake/dobot_interface__rosidl_typesupport_cExport.cmake
[0.446s] -- Up-to-date: /home/dobot/Documents/DetectX/DetectX_Dobot/install/dobot_interface/share/dobot_interface/cmake/dobot_interface__rosidl_typesupport_cExport-noconfig.cmake
[0.446s] -- Up-to-date: /home/dobot/Documents/DetectX/DetectX_Dobot/install/dobot_interface/share/dobot_interface/cmake/export_dobot_interface__rosidl_generator_cppExport.cmake
[0.446s] -- Up-to-date: /home/dobot/Documents/DetectX/DetectX_Dobot/install/dobot_interface/share/dobot_interface/cmake/export_dobot_interface__rosidl_typesupport_fastrtps_cppExport.cmake
[0.446s] -- Up-to-date: /home/dobot/Documents/DetectX/DetectX_Dobot/install/dobot_interface/share/dobot_interface/cmake/export_dobot_interface__rosidl_typesupport_fastrtps_cppExport-noconfig.cmake
[0.446s] -- Up-to-date: /home/dobot/Documents/DetectX/DetectX_Dobot/install/dobot_interface/share/dobot_interface/cmake/dobot_interface__rosidl_typesupport_introspection_cppExport.cmake
[0.446s] -- Up-to-date: /home/dobot/Documents/DetectX/DetectX_Dobot/install/dobot_interface/share/dobot_interface/cmake/dobot_interface__rosidl_typesupport_introspection_cppExport-noconfig.cmake
[0.446s] -- Up-to-date: /home/dobot/Documents/DetectX/DetectX_Dobot/install/dobot_interface/share/dobot_interface/cmake/dobot_interface__rosidl_typesupport_cppExport.cmake
[0.446s] -- Up-to-date: /home/dobot/Documents/DetectX/DetectX_Dobot/install/dobot_interface/share/dobot_interface/cmake/dobot_interface__rosidl_typesupport_cppExport-noconfig.cmake
[0.446s] -- Up-to-date: /home/dobot/Documents/DetectX/DetectX_Dobot/install/dobot_interface/share/dobot_interface/cmake/export_dobot_interface__rosidl_generator_pyExport.cmake
[0.446s] -- Up-to-date: /home/dobot/Documents/DetectX/DetectX_Dobot/install/dobot_interface/share/dobot_interface/cmake/export_dobot_interface__rosidl_generator_pyExport-noconfig.cmake
[0.446s] -- Up-to-date: /home/dobot/Documents/DetectX/DetectX_Dobot/install/dobot_interface/share/dobot_interface/cmake/rosidl_cmake-extras.cmake
[0.446s] -- Up-to-date: /home/dobot/Documents/DetectX/DetectX_Dobot/install/dobot_interface/share/dobot_interface/cmake/ament_cmake_export_dependencies-extras.cmake
[0.447s] -- Up-to-date: /home/dobot/Documents/DetectX/DetectX_Dobot/install/dobot_interface/share/dobot_interface/cmake/ament_cmake_export_include_directories-extras.cmake
[0.447s] -- Up-to-date: /home/dobot/Documents/DetectX/DetectX_Dobot/install/dobot_interface/share/dobot_interface/cmake/ament_cmake_export_libraries-extras.cmake
[0.447s] -- Up-to-date: /home/dobot/Documents/DetectX/DetectX_Dobot/install/dobot_interface/share/dobot_interface/cmake/ament_cmake_export_targets-extras.cmake
[0.448s] -- Up-to-date: /home/dobot/Documents/DetectX/DetectX_Dobot/install/dobot_interface/share/dobot_interface/cmake/rosidl_cmake_export_typesupport_targets-extras.cmake
[0.448s] -- Up-to-date: /home/dobot/Documents/DetectX/DetectX_Dobot/install/dobot_interface/share/dobot_interface/cmake/rosidl_cmake_export_typesupport_libraries-extras.cmake
[0.448s] -- Up-to-date: /home/dobot/Documents/DetectX/DetectX_Dobot/install/dobot_interface/share/dobot_interface/cmake/dobot_interfaceConfig.cmake
[0.448s] -- Up-to-date: /home/dobot/Documents/DetectX/DetectX_Dobot/install/dobot_interface/share/dobot_interface/cmake/dobot_interfaceConfig-version.cmake
[0.448s] -- Up-to-date: /home/dobot/Documents/DetectX/DetectX_Dobot/install/dobot_interface/share/dobot_interface/package.xml
[0.452s] Invoked command in '/home/dobot/Documents/DetectX/DetectX_Dobot/build/dobot_interface' returned '0': CMAKE_PREFIX_PATH=${CMAKE_PREFIX_PATH}:/home/dobot/Documents/DetectX/DetectX_Dobot/install/detect_dobot:/opt/ros/kilted DEBUGINFOD_URLS=https://debuginfod.ubuntu.com /usr/bin/cmake --install /home/dobot/Documents/DetectX/DetectX_Dobot/build/dobot_interface
