[0.100s] Invoking command in '/mnt/d/Curtin_Colombo/year_3/sem_1/mxen3005/detectX/build/dobot_interface': CMAKE_PREFIX_PATH=${CMAKE_PREFIX_PATH}:/mnt/d/Curtin_Colombo/year_3/sem_1/mxen3005/detectX/install/detect_dobot:/opt/ros/kilted /usr/bin/cmake /mnt/d/Curtin_Colombo/year_3/sem_1/mxen3005/detectX/src/dobot_interface -DCMAKE_INSTALL_PREFIX=/mnt/d/Curtin_Colombo/year_3/sem_1/mxen3005/detectX/install/dobot_interface
[4.054s] -- The C compiler identification is GNU 13.3.0
[11.915s] -- The CXX compiler identification is GNU 13.3.0
[20.528s] -- Detecting C compiler ABI info
[30.688s] -- Detecting C compiler ABI info - done
[30.853s] -- Check for working C compiler: /usr/bin/cc - skipped
[30.854s] -- Detecting C compile features
[30.858s] -- Detecting C compile features - done
[31.974s] -- Detecting CXX compiler ABI info
[37.378s] -- Detecting CXX compiler ABI info - done
[37.529s] -- Check for working CXX compiler: /usr/bin/c++ - skipped
[37.531s] -- Detecting CXX compile features
[37.534s] -- Detecting CXX compile features - done
[38.167s] -- Found ament_cmake: 2.7.5 (/opt/ros/kilted/share/ament_cmake/cmake)
[47.599s] -- Found Python3: /usr/bin/python3 (found version "3.12.3") found components: Interpreter 
[50.720s] -- Found rosidl_default_generators: 1.7.2 (/opt/ros/kilted/share/rosidl_default_generators/cmake)
[51.364s] -- Using all available rosidl_typesupport_c: rosidl_typesupport_fastrtps_c;rosidl_typesupport_introspection_c
[54.124s] -- Using all available rosidl_typesupport_cpp: rosidl_typesupport_fastrtps_cpp;rosidl_typesupport_introspection_cpp
[57.723s] -- Found rosidl_adapter: 4.9.6 (/opt/ros/kilted/share/rosidl_adapter/cmake)
[58.077s] -- Found action_msgs: 2.3.1 (/opt/ros/kilted/share/action_msgs/cmake)
[63.448s] [31mCMake Error at /opt/ros/kilted/share/rosidl_cmake/cmake/rosidl_generate_interfaces.cmake:223 (message):
[63.450s]   Packages installing interfaces must include
[63.475s]   '<member_of_group>rosidl_interface_packages</member_of_group>' in their
[63.498s]   package.xml
[63.513s] Call Stack (most recent call first):
[63.530s]   CMakeLists.txt:14 (rosidl_generate_interfaces)
[63.551s] 
[63.564s] [0m
[63.583s] -- Configuring incomplete, errors occurred!
[63.685s] Invoked command in '/mnt/d/Curtin_Colombo/year_3/sem_1/mxen3005/detectX/build/dobot_interface' returned '1': CMAKE_PREFIX_PATH=${CMAKE_PREFIX_PATH}:/mnt/d/Curtin_Colombo/year_3/sem_1/mxen3005/detectX/install/detect_dobot:/opt/ros/kilted /usr/bin/cmake /mnt/d/Curtin_Colombo/year_3/sem_1/mxen3005/detectX/src/dobot_interface -DCMAKE_INSTALL_PREFIX=/mnt/d/Curtin_Colombo/year_3/sem_1/mxen3005/detectX/install/dobot_interface
