[0.103s] DEBUG:colcon:Command line arguments: ['/usr/bin/colcon', 'build']
[0.103s] DEBUG:colcon:Parsed command line arguments: Namespace(log_base=None, log_level=None, verb_name='build', build_base='build', install_base='install', merge_install=False, symlink_install=False, test_result_base=None, continue_on_error=False, executor='parallel', parallel_workers=8, event_handlers=None, ignore_user_meta=False, metas=['./colcon.meta'], base_paths=['.'], packages_ignore=None, packages_ignore_regex=None, paths=None, packages_up_to=None, packages_up_to_regex=None, packages_above=None, packages_above_and_dependencies=None, packages_above_depth=None, packages_select_by_dep=None, packages_skip_by_dep=None, packages_skip_up_to=None, packages_select_build_failed=False, packages_skip_build_finished=False, packages_select_test_failures=False, packages_skip_test_passed=False, packages_select=None, packages_skip=None, packages_select_regex=None, packages_skip_regex=None, packages_start=None, packages_end=None, allow_overriding=[], cmake_args=None, cmake_target=None, cmake_target_skip_unavailable=False, cmake_clean_cache=False, cmake_clean_first=False, cmake_force_configure=False, ament_cmake_args=None, catkin_cmake_args=None, catkin_skip_building_tests=False, mixin_files=None, mixin=None, verb_parser=<colcon_mixin.mixin.mixin_argument.MixinArgumentDecorator object at 0x7a53975a4c80>, verb_extension=<colcon_core.verb.build.BuildVerb object at 0x7a53976d54c0>, main=<bound method BuildVerb.main of <colcon_core.verb.build.BuildVerb object at 0x7a53976d54c0>>, mixin_verb=('build',))
[0.164s] Level 1:colcon.colcon_core.package_discovery:discover_packages(colcon_meta) check parameters
[0.164s] Level 1:colcon.colcon_core.package_discovery:discover_packages(recursive) check parameters
[0.164s] Level 1:colcon.colcon_core.package_discovery:discover_packages(ignore) check parameters
[0.164s] Level 1:colcon.colcon_core.package_discovery:discover_packages(path) check parameters
[0.164s] Level 1:colcon.colcon_core.package_discovery:discover_packages(colcon_meta) discover
[0.164s] Level 1:colcon.colcon_core.package_discovery:discover_packages(recursive) discover
[0.164s] INFO:colcon.colcon_core.package_discovery:Crawling recursively for packages in '/home/dobot/Documents/DetectX/DetectX_Dobot'
[0.165s] Level 1:colcon.colcon_core.package_identification:_identify(.) by extensions ['ignore', 'ignore_ament_install']
[0.165s] Level 1:colcon.colcon_core.package_identification:_identify(.) by extension 'ignore'
[0.165s] Level 1:colcon.colcon_core.package_identification:_identify(.) by extension 'ignore_ament_install'
[0.165s] Level 1:colcon.colcon_core.package_identification:_identify(.) by extensions ['colcon_pkg']
[0.165s] Level 1:colcon.colcon_core.package_identification:_identify(.) by extension 'colcon_pkg'
[0.165s] Level 1:colcon.colcon_core.package_identification:_identify(.) by extensions ['colcon_meta']
[0.165s] Level 1:colcon.colcon_core.package_identification:_identify(.) by extension 'colcon_meta'
[0.165s] Level 1:colcon.colcon_core.package_identification:_identify(.) by extensions ['ros']
[0.165s] Level 1:colcon.colcon_core.package_identification:_identify(.) by extension 'ros'
[0.205s] Level 1:colcon.colcon_core.package_identification:_identify(.) by extensions ['cmake', 'python']
[0.206s] Level 1:colcon.colcon_core.package_identification:_identify(.) by extension 'cmake'
[0.206s] Level 1:colcon.colcon_core.package_identification:_identify(.) by extension 'python'
[0.206s] Level 1:colcon.colcon_core.package_identification:_identify(.) by extensions ['python_setup_py']
[0.207s] Level 1:colcon.colcon_core.package_identification:_identify(.) by extension 'python_setup_py'
[0.207s] Level 1:colcon.colcon_core.package_identification:_identify(build) by extensions ['ignore', 'ignore_ament_install']
[0.207s] Level 1:colcon.colcon_core.package_identification:_identify(build) by extension 'ignore'
[0.207s] Level 1:colcon.colcon_core.package_identification:_identify(build) ignored
[0.207s] Level 1:colcon.colcon_core.package_identification:_identify(install) by extensions ['ignore', 'ignore_ament_install']
[0.208s] Level 1:colcon.colcon_core.package_identification:_identify(install) by extension 'ignore'
[0.208s] Level 1:colcon.colcon_core.package_identification:_identify(install) ignored
[0.208s] Level 1:colcon.colcon_core.package_identification:_identify(log) by extensions ['ignore', 'ignore_ament_install']
[0.208s] Level 1:colcon.colcon_core.package_identification:_identify(log) by extension 'ignore'
[0.208s] Level 1:colcon.colcon_core.package_identification:_identify(log) ignored
[0.208s] Level 1:colcon.colcon_core.package_identification:_identify(src) by extensions ['ignore', 'ignore_ament_install']
[0.208s] Level 1:colcon.colcon_core.package_identification:_identify(src) by extension 'ignore'
[0.208s] Level 1:colcon.colcon_core.package_identification:_identify(src) by extension 'ignore_ament_install'
[0.209s] Level 1:colcon.colcon_core.package_identification:_identify(src) by extensions ['colcon_pkg']
[0.209s] Level 1:colcon.colcon_core.package_identification:_identify(src) by extension 'colcon_pkg'
[0.209s] Level 1:colcon.colcon_core.package_identification:_identify(src) by extensions ['colcon_meta']
[0.209s] Level 1:colcon.colcon_core.package_identification:_identify(src) by extension 'colcon_meta'
[0.209s] Level 1:colcon.colcon_core.package_identification:_identify(src) by extensions ['ros']
[0.209s] Level 1:colcon.colcon_core.package_identification:_identify(src) by extension 'ros'
[0.209s] Level 1:colcon.colcon_core.package_identification:_identify(src) by extensions ['cmake', 'python']
[0.209s] Level 1:colcon.colcon_core.package_identification:_identify(src) by extension 'cmake'
[0.209s] Level 1:colcon.colcon_core.package_identification:_identify(src) by extension 'python'
[0.209s] Level 1:colcon.colcon_core.package_identification:_identify(src) by extensions ['python_setup_py']
[0.209s] Level 1:colcon.colcon_core.package_identification:_identify(src) by extension 'python_setup_py'
[0.209s] Level 1:colcon.colcon_core.package_identification:_identify(src/detect_dobot) by extensions ['ignore', 'ignore_ament_install']
[0.209s] Level 1:colcon.colcon_core.package_identification:_identify(src/detect_dobot) by extension 'ignore'
[0.209s] Level 1:colcon.colcon_core.package_identification:_identify(src/detect_dobot) by extension 'ignore_ament_install'
[0.209s] Level 1:colcon.colcon_core.package_identification:_identify(src/detect_dobot) by extensions ['colcon_pkg']
[0.210s] Level 1:colcon.colcon_core.package_identification:_identify(src/detect_dobot) by extension 'colcon_pkg'
[0.210s] Level 1:colcon.colcon_core.package_identification:_identify(src/detect_dobot) by extensions ['colcon_meta']
[0.210s] Level 1:colcon.colcon_core.package_identification:_identify(src/detect_dobot) by extension 'colcon_meta'
[0.210s] Level 1:colcon.colcon_core.package_identification:_identify(src/detect_dobot) by extensions ['ros']
[0.210s] Level 1:colcon.colcon_core.package_identification:_identify(src/detect_dobot) by extension 'ros'
[0.214s] DEBUG:colcon.colcon_core.package_identification:Package 'src/detect_dobot' with type 'ros.ament_python' and name 'detect_dobot'
[0.214s] Level 1:colcon.colcon_core.package_identification:_identify(src/dobot_interface) by extensions ['ignore', 'ignore_ament_install']
[0.214s] Level 1:colcon.colcon_core.package_identification:_identify(src/dobot_interface) by extension 'ignore'
[0.214s] Level 1:colcon.colcon_core.package_identification:_identify(src/dobot_interface) by extension 'ignore_ament_install'
[0.215s] Level 1:colcon.colcon_core.package_identification:_identify(src/dobot_interface) by extensions ['colcon_pkg']
[0.215s] Level 1:colcon.colcon_core.package_identification:_identify(src/dobot_interface) by extension 'colcon_pkg'
[0.215s] Level 1:colcon.colcon_core.package_identification:_identify(src/dobot_interface) by extensions ['colcon_meta']
[0.215s] Level 1:colcon.colcon_core.package_identification:_identify(src/dobot_interface) by extension 'colcon_meta'
[0.215s] Level 1:colcon.colcon_core.package_identification:_identify(src/dobot_interface) by extensions ['ros']
[0.215s] Level 1:colcon.colcon_core.package_identification:_identify(src/dobot_interface) by extension 'ros'
[0.216s] DEBUG:colcon.colcon_core.package_identification:Package 'src/dobot_interface' with type 'ros.ament_cmake' and name 'dobot_interface'
[0.216s] Level 1:colcon.colcon_core.package_discovery:discover_packages(recursive) using defaults
[0.216s] Level 1:colcon.colcon_core.package_discovery:discover_packages(ignore) discover
[0.216s] Level 1:colcon.colcon_core.package_discovery:discover_packages(ignore) using defaults
[0.216s] Level 1:colcon.colcon_core.package_discovery:discover_packages(path) discover
[0.216s] Level 1:colcon.colcon_core.package_discovery:discover_packages(path) using defaults
[0.240s] Level 1:colcon.colcon_core.package_discovery:discover_packages(prefix_path) check parameters
[0.240s] Level 1:colcon.colcon_core.package_discovery:discover_packages(prefix_path) discover
[0.242s] DEBUG:colcon.colcon_installed_package_information.package_discovery:Found 2 installed packages in /home/dobot/Documents/DetectX/DetectX_Dobot/install
[0.244s] DEBUG:colcon.colcon_installed_package_information.package_discovery:Found 292 installed packages in /opt/ros/kilted
[0.246s] Level 1:colcon.colcon_core.package_discovery:discover_packages(prefix_path) using defaults
[0.293s] Level 5:colcon.colcon_core.verb:set package 'dobot_interface' build argument 'cmake_args' from command line to 'None'
[0.293s] Level 5:colcon.colcon_core.verb:set package 'dobot_interface' build argument 'cmake_target' from command line to 'None'
[0.294s] Level 5:colcon.colcon_core.verb:set package 'dobot_interface' build argument 'cmake_target_skip_unavailable' from command line to 'False'
[0.294s] Level 5:colcon.colcon_core.verb:set package 'dobot_interface' build argument 'cmake_clean_cache' from command line to 'False'
[0.294s] Level 5:colcon.colcon_core.verb:set package 'dobot_interface' build argument 'cmake_clean_first' from command line to 'False'
[0.294s] Level 5:colcon.colcon_core.verb:set package 'dobot_interface' build argument 'cmake_force_configure' from command line to 'False'
[0.294s] Level 5:colcon.colcon_core.verb:set package 'dobot_interface' build argument 'ament_cmake_args' from command line to 'None'
[0.294s] Level 5:colcon.colcon_core.verb:set package 'dobot_interface' build argument 'catkin_cmake_args' from command line to 'None'
[0.294s] Level 5:colcon.colcon_core.verb:set package 'dobot_interface' build argument 'catkin_skip_building_tests' from command line to 'False'
[0.294s] DEBUG:colcon.colcon_core.verb:Building package 'dobot_interface' with the following arguments: {'ament_cmake_args': None, 'build_base': '/home/dobot/Documents/DetectX/DetectX_Dobot/build/dobot_interface', 'catkin_cmake_args': None, 'catkin_skip_building_tests': False, 'cmake_args': None, 'cmake_clean_cache': False, 'cmake_clean_first': False, 'cmake_force_configure': False, 'cmake_target': None, 'cmake_target_skip_unavailable': False, 'install_base': '/home/dobot/Documents/DetectX/DetectX_Dobot/install/dobot_interface', 'merge_install': False, 'path': '/home/dobot/Documents/DetectX/DetectX_Dobot/src/dobot_interface', 'symlink_install': False, 'test_result_base': None}
[0.294s] Level 5:colcon.colcon_core.verb:set package 'detect_dobot' build argument 'cmake_args' from command line to 'None'
[0.295s] Level 5:colcon.colcon_core.verb:set package 'detect_dobot' build argument 'cmake_target' from command line to 'None'
[0.295s] Level 5:colcon.colcon_core.verb:set package 'detect_dobot' build argument 'cmake_target_skip_unavailable' from command line to 'False'
[0.295s] Level 5:colcon.colcon_core.verb:set package 'detect_dobot' build argument 'cmake_clean_cache' from command line to 'False'
[0.295s] Level 5:colcon.colcon_core.verb:set package 'detect_dobot' build argument 'cmake_clean_first' from command line to 'False'
[0.295s] Level 5:colcon.colcon_core.verb:set package 'detect_dobot' build argument 'cmake_force_configure' from command line to 'False'
[0.295s] Level 5:colcon.colcon_core.verb:set package 'detect_dobot' build argument 'ament_cmake_args' from command line to 'None'
[0.295s] Level 5:colcon.colcon_core.verb:set package 'detect_dobot' build argument 'catkin_cmake_args' from command line to 'None'
[0.295s] Level 5:colcon.colcon_core.verb:set package 'detect_dobot' build argument 'catkin_skip_building_tests' from command line to 'False'
[0.295s] DEBUG:colcon.colcon_core.verb:Building package 'detect_dobot' with the following arguments: {'ament_cmake_args': None, 'build_base': '/home/dobot/Documents/DetectX/DetectX_Dobot/build/detect_dobot', 'catkin_cmake_args': None, 'catkin_skip_building_tests': False, 'cmake_args': None, 'cmake_clean_cache': False, 'cmake_clean_first': False, 'cmake_force_configure': False, 'cmake_target': None, 'cmake_target_skip_unavailable': False, 'install_base': '/home/dobot/Documents/DetectX/DetectX_Dobot/install/detect_dobot', 'merge_install': False, 'path': '/home/dobot/Documents/DetectX/DetectX_Dobot/src/detect_dobot', 'symlink_install': False, 'test_result_base': None}
[0.295s] INFO:colcon.colcon_core.executor:Executing jobs using 'parallel' executor
[0.297s] DEBUG:colcon.colcon_parallel_executor.executor.parallel:run_until_complete
[0.299s] INFO:colcon.colcon_ros.task.ament_cmake.build:Building ROS package in '/home/dobot/Documents/DetectX/DetectX_Dobot/src/dobot_interface' with build type 'ament_cmake'
[0.299s] INFO:colcon.colcon_cmake.task.cmake.build:Building CMake package in '/home/dobot/Documents/DetectX/DetectX_Dobot/src/dobot_interface'
[0.303s] INFO:colcon.colcon_core.plugin_system:Skipping extension 'colcon_core.shell.bat': Not used on non-Windows systems
[0.303s] INFO:colcon.colcon_core.shell:Skip shell extension 'powershell' for command environment: Not usable outside of PowerShell
[0.303s] DEBUG:colcon.colcon_core.shell:Skip shell extension 'dsv' for command environment
[0.359s] DEBUG:colcon.colcon_core.event_handler.log_command:Invoking command in '/home/dobot/Documents/DetectX/DetectX_Dobot/build/dobot_interface': CMAKE_PREFIX_PATH=${CMAKE_PREFIX_PATH}:/home/dobot/Documents/DetectX/DetectX_Dobot/install/detect_dobot:/opt/ros/kilted DEBUGINFOD_URLS=https://debuginfod.ubuntu.com /usr/bin/cmake --build /home/dobot/Documents/DetectX/DetectX_Dobot/build/dobot_interface -- -j8 -l8
[19.487s] DEBUG:colcon.colcon_core.event_handler.log_command:Invoked command in '/home/dobot/Documents/DetectX/DetectX_Dobot/build/dobot_interface' returned '0': CMAKE_PREFIX_PATH=${CMAKE_PREFIX_PATH}:/home/dobot/Documents/DetectX/DetectX_Dobot/install/detect_dobot:/opt/ros/kilted DEBUGINFOD_URLS=https://debuginfod.ubuntu.com /usr/bin/cmake --build /home/dobot/Documents/DetectX/DetectX_Dobot/build/dobot_interface -- -j8 -l8
[19.537s] DEBUG:colcon.colcon_core.event_handler.log_command:Invoking command in '/home/dobot/Documents/DetectX/DetectX_Dobot/build/dobot_interface': CMAKE_PREFIX_PATH=${CMAKE_PREFIX_PATH}:/home/dobot/Documents/DetectX/DetectX_Dobot/install/detect_dobot:/opt/ros/kilted DEBUGINFOD_URLS=https://debuginfod.ubuntu.com /usr/bin/cmake --install /home/dobot/Documents/DetectX/DetectX_Dobot/build/dobot_interface
[19.748s] Level 1:colcon.colcon_core.environment:create_environment_scripts_only(dobot_interface)
[19.750s] DEBUG:colcon.colcon_core.event_handler.log_command:Invoked command in '/home/dobot/Documents/DetectX/DetectX_Dobot/build/dobot_interface' returned '0': CMAKE_PREFIX_PATH=${CMAKE_PREFIX_PATH}:/home/dobot/Documents/DetectX/DetectX_Dobot/install/detect_dobot:/opt/ros/kilted DEBUGINFOD_URLS=https://debuginfod.ubuntu.com /usr/bin/cmake --install /home/dobot/Documents/DetectX/DetectX_Dobot/build/dobot_interface
[19.752s] Level 1:colcon.colcon_core.environment:checking '/home/dobot/Documents/DetectX/DetectX_Dobot/install/dobot_interface' for CMake module files
[19.753s] Level 1:colcon.colcon_core.environment:checking '/home/dobot/Documents/DetectX/DetectX_Dobot/install/dobot_interface' for CMake config files
[19.754s] Level 1:colcon.colcon_core.shell:create_environment_hook('dobot_interface', 'cmake_prefix_path')
[19.754s] INFO:colcon.colcon_core.shell:Creating environment hook '/home/dobot/Documents/DetectX/DetectX_Dobot/install/dobot_interface/share/dobot_interface/hook/cmake_prefix_path.ps1'
[19.759s] INFO:colcon.colcon_core.shell:Creating environment descriptor '/home/dobot/Documents/DetectX/DetectX_Dobot/install/dobot_interface/share/dobot_interface/hook/cmake_prefix_path.dsv'
[19.760s] INFO:colcon.colcon_core.shell:Creating environment hook '/home/dobot/Documents/DetectX/DetectX_Dobot/install/dobot_interface/share/dobot_interface/hook/cmake_prefix_path.sh'
[19.762s] Level 1:colcon.colcon_core.environment:checking '/home/dobot/Documents/DetectX/DetectX_Dobot/install/dobot_interface/lib'
[19.763s] Level 1:colcon.colcon_core.shell:create_environment_hook('dobot_interface', 'ld_library_path_lib')
[19.763s] INFO:colcon.colcon_core.shell:Creating environment hook '/home/dobot/Documents/DetectX/DetectX_Dobot/install/dobot_interface/share/dobot_interface/hook/ld_library_path_lib.ps1'
[19.764s] INFO:colcon.colcon_core.shell:Creating environment descriptor '/home/dobot/Documents/DetectX/DetectX_Dobot/install/dobot_interface/share/dobot_interface/hook/ld_library_path_lib.dsv'
[19.765s] INFO:colcon.colcon_core.shell:Creating environment hook '/home/dobot/Documents/DetectX/DetectX_Dobot/install/dobot_interface/share/dobot_interface/hook/ld_library_path_lib.sh'
[19.767s] Level 1:colcon.colcon_core.environment:checking '/home/dobot/Documents/DetectX/DetectX_Dobot/install/dobot_interface/bin'
[19.768s] Level 1:colcon.colcon_core.environment:checking '/home/dobot/Documents/DetectX/DetectX_Dobot/install/dobot_interface/lib/pkgconfig/dobot_interface.pc'
[19.768s] Level 1:colcon.colcon_core.environment:checking '/home/dobot/Documents/DetectX/DetectX_Dobot/install/dobot_interface/lib/python3.12/site-packages'
[19.768s] Level 1:colcon.colcon_core.shell:create_environment_hook('dobot_interface', 'pythonpath')
[19.769s] INFO:colcon.colcon_core.shell:Creating environment hook '/home/dobot/Documents/DetectX/DetectX_Dobot/install/dobot_interface/share/dobot_interface/hook/pythonpath.ps1'
[19.770s] INFO:colcon.colcon_core.shell:Creating environment descriptor '/home/dobot/Documents/DetectX/DetectX_Dobot/install/dobot_interface/share/dobot_interface/hook/pythonpath.dsv'
[19.771s] INFO:colcon.colcon_core.shell:Creating environment hook '/home/dobot/Documents/DetectX/DetectX_Dobot/install/dobot_interface/share/dobot_interface/hook/pythonpath.sh'
[19.772s] Level 1:colcon.colcon_core.environment:checking '/home/dobot/Documents/DetectX/DetectX_Dobot/install/dobot_interface/bin'
[19.773s] INFO:colcon.colcon_core.shell:Creating package script '/home/dobot/Documents/DetectX/DetectX_Dobot/install/dobot_interface/share/dobot_interface/package.ps1'
[19.775s] INFO:colcon.colcon_core.shell:Creating package descriptor '/home/dobot/Documents/DetectX/DetectX_Dobot/install/dobot_interface/share/dobot_interface/package.dsv'
[19.776s] INFO:colcon.colcon_core.shell:Creating package script '/home/dobot/Documents/DetectX/DetectX_Dobot/install/dobot_interface/share/dobot_interface/package.sh'
[19.777s] INFO:colcon.colcon_core.shell:Creating package script '/home/dobot/Documents/DetectX/DetectX_Dobot/install/dobot_interface/share/dobot_interface/package.bash'
[19.779s] INFO:colcon.colcon_core.shell:Creating package script '/home/dobot/Documents/DetectX/DetectX_Dobot/install/dobot_interface/share/dobot_interface/package.zsh'
[19.780s] Level 1:colcon.colcon_core.environment:create_file_with_runtime_dependencies(/home/dobot/Documents/DetectX/DetectX_Dobot/install/dobot_interface/share/colcon-core/packages/dobot_interface)
[19.781s] Level 1:colcon.colcon_core.environment:create_environment_scripts_only(dobot_interface)
[19.782s] Level 1:colcon.colcon_core.environment:checking '/home/dobot/Documents/DetectX/DetectX_Dobot/install/dobot_interface' for CMake module files
[19.784s] Level 1:colcon.colcon_core.environment:checking '/home/dobot/Documents/DetectX/DetectX_Dobot/install/dobot_interface' for CMake config files
[19.785s] Level 1:colcon.colcon_core.shell:create_environment_hook('dobot_interface', 'cmake_prefix_path')
[19.785s] INFO:colcon.colcon_core.shell:Creating environment hook '/home/dobot/Documents/DetectX/DetectX_Dobot/install/dobot_interface/share/dobot_interface/hook/cmake_prefix_path.ps1'
[19.786s] INFO:colcon.colcon_core.shell:Creating environment descriptor '/home/dobot/Documents/DetectX/DetectX_Dobot/install/dobot_interface/share/dobot_interface/hook/cmake_prefix_path.dsv'
[19.787s] INFO:colcon.colcon_core.shell:Creating environment hook '/home/dobot/Documents/DetectX/DetectX_Dobot/install/dobot_interface/share/dobot_interface/hook/cmake_prefix_path.sh'
[19.789s] Level 1:colcon.colcon_core.environment:checking '/home/dobot/Documents/DetectX/DetectX_Dobot/install/dobot_interface/lib'
[19.789s] Level 1:colcon.colcon_core.shell:create_environment_hook('dobot_interface', 'ld_library_path_lib')
[19.789s] INFO:colcon.colcon_core.shell:Creating environment hook '/home/dobot/Documents/DetectX/DetectX_Dobot/install/dobot_interface/share/dobot_interface/hook/ld_library_path_lib.ps1'
[19.791s] INFO:colcon.colcon_core.shell:Creating environment descriptor '/home/dobot/Documents/DetectX/DetectX_Dobot/install/dobot_interface/share/dobot_interface/hook/ld_library_path_lib.dsv'
[19.792s] INFO:colcon.colcon_core.shell:Creating environment hook '/home/dobot/Documents/DetectX/DetectX_Dobot/install/dobot_interface/share/dobot_interface/hook/ld_library_path_lib.sh'
[19.794s] Level 1:colcon.colcon_core.environment:checking '/home/dobot/Documents/DetectX/DetectX_Dobot/install/dobot_interface/bin'
[19.796s] Level 1:colcon.colcon_core.environment:checking '/home/dobot/Documents/DetectX/DetectX_Dobot/install/dobot_interface/lib/pkgconfig/dobot_interface.pc'
[19.797s] Level 1:colcon.colcon_core.environment:checking '/home/dobot/Documents/DetectX/DetectX_Dobot/install/dobot_interface/lib/python3.12/site-packages'
[19.798s] Level 1:colcon.colcon_core.shell:create_environment_hook('dobot_interface', 'pythonpath')
[19.798s] INFO:colcon.colcon_core.shell:Creating environment hook '/home/dobot/Documents/DetectX/DetectX_Dobot/install/dobot_interface/share/dobot_interface/hook/pythonpath.ps1'
[19.801s] INFO:colcon.colcon_core.shell:Creating environment descriptor '/home/dobot/Documents/DetectX/DetectX_Dobot/install/dobot_interface/share/dobot_interface/hook/pythonpath.dsv'
[19.804s] INFO:colcon.colcon_core.shell:Creating environment hook '/home/dobot/Documents/DetectX/DetectX_Dobot/install/dobot_interface/share/dobot_interface/hook/pythonpath.sh'
[19.808s] Level 1:colcon.colcon_core.environment:checking '/home/dobot/Documents/DetectX/DetectX_Dobot/install/dobot_interface/bin'
[19.809s] INFO:colcon.colcon_core.shell:Creating package script '/home/dobot/Documents/DetectX/DetectX_Dobot/install/dobot_interface/share/dobot_interface/package.ps1'
[19.811s] INFO:colcon.colcon_core.shell:Creating package descriptor '/home/dobot/Documents/DetectX/DetectX_Dobot/install/dobot_interface/share/dobot_interface/package.dsv'
[19.812s] INFO:colcon.colcon_core.shell:Creating package script '/home/dobot/Documents/DetectX/DetectX_Dobot/install/dobot_interface/share/dobot_interface/package.sh'
[19.813s] INFO:colcon.colcon_core.shell:Creating package script '/home/dobot/Documents/DetectX/DetectX_Dobot/install/dobot_interface/share/dobot_interface/package.bash'
[19.814s] INFO:colcon.colcon_core.shell:Creating package script '/home/dobot/Documents/DetectX/DetectX_Dobot/install/dobot_interface/share/dobot_interface/package.zsh'
[19.816s] Level 1:colcon.colcon_core.environment:create_file_with_runtime_dependencies(/home/dobot/Documents/DetectX/DetectX_Dobot/install/dobot_interface/share/colcon-core/packages/dobot_interface)
[19.818s] INFO:colcon.colcon_ros.task.ament_python.build:Building ROS package in '/home/dobot/Documents/DetectX/DetectX_Dobot/src/detect_dobot' with build type 'ament_python'
[19.818s] Level 1:colcon.colcon_core.shell:create_environment_hook('detect_dobot', 'ament_prefix_path')
[19.819s] INFO:colcon.colcon_core.shell:Creating environment hook '/home/dobot/Documents/DetectX/DetectX_Dobot/install/detect_dobot/share/detect_dobot/hook/ament_prefix_path.ps1'
[19.821s] INFO:colcon.colcon_core.shell:Creating environment descriptor '/home/dobot/Documents/DetectX/DetectX_Dobot/install/detect_dobot/share/detect_dobot/hook/ament_prefix_path.dsv'
[19.823s] INFO:colcon.colcon_core.shell:Creating environment hook '/home/dobot/Documents/DetectX/DetectX_Dobot/install/detect_dobot/share/detect_dobot/hook/ament_prefix_path.sh'
[19.827s] INFO:colcon.colcon_core.shell:Skip shell extension 'powershell' for command environment: Not usable outside of PowerShell
[19.828s] DEBUG:colcon.colcon_core.shell:Skip shell extension 'dsv' for command environment
[20.313s] INFO:colcon.colcon_core.task.python.build:Building Python package in '/home/dobot/Documents/DetectX/DetectX_Dobot/src/detect_dobot'
[20.314s] INFO:colcon.colcon_core.shell:Skip shell extension 'powershell' for command environment: Not usable outside of PowerShell
[20.315s] DEBUG:colcon.colcon_core.shell:Skip shell extension 'dsv' for command environment
[21.329s] DEBUG:colcon.colcon_core.event_handler.log_command:Invoking command in '/home/dobot/Documents/DetectX/DetectX_Dobot/src/detect_dobot': DEBUGINFOD_URLS=https://debuginfod.ubuntu.com PYTHONPATH=/home/dobot/Documents/DetectX/DetectX_Dobot/build/detect_dobot/prefix_override:/usr/lib/python3/dist-packages/colcon_core/task/python/colcon_distutils_commands:/home/dobot/Documents/DetectX/DetectX_Dobot/install/detect_dobot/lib/python3.12/site-packages:/home/dobot/Documents/DetectX/DetectX_Dobot/install/dobot_interface/lib/python3.12/site-packages:/home/dobot/Documents/DetectX/DetectX_Dobot/install/detect_dobot/lib/python3.12/site-packages:/opt/ros/kilted/lib/python3.12/site-packages /usr/bin/python3 -W ignore:setup.py install is deprecated -W ignore:easy_install command is deprecated setup.py egg_info --egg-base ../../build/detect_dobot build --build-base /home/dobot/Documents/DetectX/DetectX_Dobot/build/detect_dobot/build install --record /home/dobot/Documents/DetectX/DetectX_Dobot/build/detect_dobot/install.log --single-version-externally-managed install_data
[40.082s] Level 1:colcon.colcon_core.environment:checking '/home/dobot/Documents/DetectX/DetectX_Dobot/install/detect_dobot' for CMake module files
[40.083s] DEBUG:colcon.colcon_core.event_handler.log_command:Invoked command in '/home/dobot/Documents/DetectX/DetectX_Dobot/src/detect_dobot' returned '0': DEBUGINFOD_URLS=https://debuginfod.ubuntu.com PYTHONPATH=/home/dobot/Documents/DetectX/DetectX_Dobot/build/detect_dobot/prefix_override:/usr/lib/python3/dist-packages/colcon_core/task/python/colcon_distutils_commands:/home/dobot/Documents/DetectX/DetectX_Dobot/install/detect_dobot/lib/python3.12/site-packages:/home/dobot/Documents/DetectX/DetectX_Dobot/install/dobot_interface/lib/python3.12/site-packages:/home/dobot/Documents/DetectX/DetectX_Dobot/install/detect_dobot/lib/python3.12/site-packages:/opt/ros/kilted/lib/python3.12/site-packages /usr/bin/python3 -W ignore:setup.py install is deprecated -W ignore:easy_install command is deprecated setup.py egg_info --egg-base ../../build/detect_dobot build --build-base /home/dobot/Documents/DetectX/DetectX_Dobot/build/detect_dobot/build install --record /home/dobot/Documents/DetectX/DetectX_Dobot/build/detect_dobot/install.log --single-version-externally-managed install_data
[40.098s] Level 1:colcon.colcon_core.environment:checking '/home/dobot/Documents/DetectX/DetectX_Dobot/install/detect_dobot' for CMake config files
[40.134s] Level 1:colcon.colcon_core.environment:checking '/home/dobot/Documents/DetectX/DetectX_Dobot/install/detect_dobot/lib'
[40.142s] Level 1:colcon.colcon_core.environment:checking '/home/dobot/Documents/DetectX/DetectX_Dobot/install/detect_dobot/bin'
[40.143s] Level 1:colcon.colcon_core.environment:checking '/home/dobot/Documents/DetectX/DetectX_Dobot/install/detect_dobot/lib/pkgconfig/detect_dobot.pc'
[40.157s] Level 1:colcon.colcon_core.environment:checking '/home/dobot/Documents/DetectX/DetectX_Dobot/install/detect_dobot/lib/python3.12/site-packages'
[40.158s] Level 1:colcon.colcon_core.shell:create_environment_hook('detect_dobot', 'pythonpath')
[40.177s] INFO:colcon.colcon_core.shell:Creating environment hook '/home/dobot/Documents/DetectX/DetectX_Dobot/install/detect_dobot/share/detect_dobot/hook/pythonpath.ps1'
[40.304s] INFO:colcon.colcon_core.shell:Creating environment descriptor '/home/dobot/Documents/DetectX/DetectX_Dobot/install/detect_dobot/share/detect_dobot/hook/pythonpath.dsv'
[40.347s] INFO:colcon.colcon_core.shell:Creating environment hook '/home/dobot/Documents/DetectX/DetectX_Dobot/install/detect_dobot/share/detect_dobot/hook/pythonpath.sh'
[40.489s] Level 1:colcon.colcon_core.environment:checking '/home/dobot/Documents/DetectX/DetectX_Dobot/install/detect_dobot/bin'
[40.489s] Level 1:colcon.colcon_core.environment:create_environment_scripts_only(detect_dobot)
[40.490s] INFO:colcon.colcon_core.shell:Creating package script '/home/dobot/Documents/DetectX/DetectX_Dobot/install/detect_dobot/share/detect_dobot/package.ps1'
[40.570s] INFO:colcon.colcon_core.shell:Creating package descriptor '/home/dobot/Documents/DetectX/DetectX_Dobot/install/detect_dobot/share/detect_dobot/package.dsv'
[41.534s] INFO:colcon.colcon_core.shell:Creating package script '/home/dobot/Documents/DetectX/DetectX_Dobot/install/detect_dobot/share/detect_dobot/package.sh'
[41.617s] INFO:colcon.colcon_core.shell:Creating package script '/home/dobot/Documents/DetectX/DetectX_Dobot/install/detect_dobot/share/detect_dobot/package.bash'
[41.622s] INFO:colcon.colcon_core.shell:Creating package script '/home/dobot/Documents/DetectX/DetectX_Dobot/install/detect_dobot/share/detect_dobot/package.zsh'
[41.638s] Level 1:colcon.colcon_core.environment:create_file_with_runtime_dependencies(/home/dobot/Documents/DetectX/DetectX_Dobot/install/detect_dobot/share/colcon-core/packages/detect_dobot)
[42.052s] DEBUG:colcon.colcon_parallel_executor.executor.parallel:closing loop
[42.053s] DEBUG:colcon.colcon_parallel_executor.executor.parallel:loop closed
[42.053s] DEBUG:colcon.colcon_parallel_executor.executor.parallel:run_until_complete finished with '0'
[42.053s] DEBUG:colcon.colcon_core.event_reactor:joining thread
[44.386s] INFO:colcon.colcon_core.plugin_system:Skipping extension 'colcon_notification.desktop_notification.terminal_notifier': Not used on non-Darwin systems
[44.400s] INFO:colcon.colcon_core.plugin_system:Skipping extension 'colcon_notification.desktop_notification.win32': Not used on non-Windows systems
[44.439s] INFO:colcon.colcon_notification.desktop_notification:Sending desktop notification using 'notify2'
[45.948s] DEBUG:colcon.colcon_core.event_reactor:joined thread
[46.156s] INFO:colcon.colcon_core.shell:Creating prefix script '/home/dobot/Documents/DetectX/DetectX_Dobot/install/local_setup.ps1'
[46.282s] INFO:colcon.colcon_core.shell:Creating prefix util module '/home/dobot/Documents/DetectX/DetectX_Dobot/install/_local_setup_util_ps1.py'
[46.304s] INFO:colcon.colcon_core.shell:Creating prefix chain script '/home/dobot/Documents/DetectX/DetectX_Dobot/install/setup.ps1'
[46.309s] INFO:colcon.colcon_core.shell:Creating prefix script '/home/dobot/Documents/DetectX/DetectX_Dobot/install/local_setup.sh'
[46.429s] INFO:colcon.colcon_core.shell:Creating prefix util module '/home/dobot/Documents/DetectX/DetectX_Dobot/install/_local_setup_util_sh.py'
[46.916s] INFO:colcon.colcon_core.shell:Creating prefix chain script '/home/dobot/Documents/DetectX/DetectX_Dobot/install/setup.sh'
[46.927s] INFO:colcon.colcon_core.shell:Creating prefix script '/home/dobot/Documents/DetectX/DetectX_Dobot/install/local_setup.bash'
[46.930s] INFO:colcon.colcon_core.shell:Creating prefix chain script '/home/dobot/Documents/DetectX/DetectX_Dobot/install/setup.bash'
[46.933s] INFO:colcon.colcon_core.shell:Creating prefix script '/home/dobot/Documents/DetectX/DetectX_Dobot/install/local_setup.zsh'
[46.936s] INFO:colcon.colcon_core.shell:Creating prefix chain script '/home/dobot/Documents/DetectX/DetectX_Dobot/install/setup.zsh'
