-- Found ament_cmake: 2.7.5 (/opt/ros/kilted/share/ament_cmake/cmake)
-- Found rosidl_default_generators: 1.7.2 (/opt/ros/kilted/share/rosidl_default_generators/cmake)
-- Using all available rosidl_typesupport_c: rosidl_typesupport_fastrtps_c;rosidl_typesupport_introspection_c
-- Using all available rosidl_typesupport_cpp: rosidl_typesupport_fastrtps_cpp;rosidl_typesupport_introspection_cpp
-- Found rosidl_adapter: 4.9.6 (/opt/ros/kilted/share/rosidl_adapter/cmake)
-- Found action_msgs: 2.3.1 (/opt/ros/kilted/share/action_msgs/cmake)
-- Found ament_cmake_ros_core: 0.14.7 (/opt/ros/kilted/share/ament_cmake_ros_core/cmake)
-- Using all available rosidl_typesupport_c: rosidl_typesupport_fastrtps_c;rosidl_typesupport_introspection_c
-- Using all available rosidl_typesupport_cpp: rosidl_typesupport_fastrtps_cpp;rosidl_typesupport_introspection_cpp
-- Found Python3: /usr/bin/python3 (found version "3.12.3") found components: Interpreter Development NumPy Development.Module Development.Embed 
-- Found Python3: /usr/bin/python3 (found version "3.12.3") found components: Interpreter 
-- Found ament_lint_auto: 0.19.2 (/opt/ros/kilted/share/ament_lint_auto/cmake)
-- Added test 'lint_cmake' to check CMake code style
-- Added test 'xmllint' to check XML markup files
-- Configuring done (76.7s)
-- Generating done (19.9s)
-- Build files have been written to: /mnt/d/Curtin_Colombo/year_3/sem_1/mxen3005/detectX/build/dobot_interface
[  2%] [34m[1mGenerating type hashes for ROS interfaces[0m
[  5%] [34m[1mGenerating Rust code for ROS interfaces[0m
[  5%] Built target ament_cmake_python_copy_dobot_interface
[  5%] Built target dobot_interface__rosidl_generator_type_description
[  5%] Built target dobot_interface__rs
[  8%] [34m[1mGenerating C code for ROS interfaces[0m
[ 11%] [34m[1mGenerating C++ code for ROS interfaces[0m
running egg_info
creating dobot_interface.egg-info
writing dobot_interface.egg-info/PKG-INFO
writing dependency_links to dobot_interface.egg-info/dependency_links.txt
writing top-level names to dobot_interface.egg-info/top_level.txt
writing manifest file 'dobot_interface.egg-info/SOURCES.txt'
reading manifest file 'dobot_interface.egg-info/SOURCES.txt'
writing manifest file 'dobot_interface.egg-info/SOURCES.txt'
[ 11%] Built target ament_cmake_python_build_dobot_interface_egg
[ 11%] Built target dobot_interface__cpp
[ 17%] [32mBuilding C object CMakeFiles/dobot_interface__rosidl_generator_c.dir/rosidl_generator_c/dobot_interface/action/detail/pose_ptp__description.c.o[0m
[ 17%] [32mBuilding C object CMakeFiles/dobot_interface__rosidl_generator_c.dir/rosidl_generator_c/dobot_interface/action/detail/pose_ptp__functions.c.o[0m
[ 20%] [32mBuilding C object CMakeFiles/dobot_interface__rosidl_generator_c.dir/rosidl_generator_c/dobot_interface/action/detail/pose_ptp__type_support.c.o[0m
[ 22%] [32m[1mLinking C shared library libdobot_interface__rosidl_generator_c.so[0m
[ 22%] Built target dobot_interface__rosidl_generator_c
[ 37%] [34m[1mGenerating C++ type support for eProsima Fast-RTPS[0m
[ 37%] [34m[1mGenerating C type support dispatch for ROS interfaces[0m
[ 37%] [34m[1mGenerating C introspection for ROS interfaces[0m
[ 37%] [34m[1mGenerating C++ type support dispatch for ROS interfaces[0m
[ 37%] [34m[1mGenerating C type support for eProsima Fast-RTPS[0m
[ 40%] [34m[1mGenerating C++ introspection for ROS interfaces[0m
[ 42%] [32mBuilding CXX object CMakeFiles/dobot_interface__rosidl_typesupport_c.dir/rosidl_typesupport_c/dobot_interface/action/pose_ptp__type_support.cpp.o[0m
[ 45%] [32mBuilding CXX object CMakeFiles/dobot_interface__rosidl_typesupport_cpp.dir/rosidl_typesupport_cpp/dobot_interface/action/pose_ptp__type_support.cpp.o[0m
[ 51%] [32mBuilding C object CMakeFiles/dobot_interface__rosidl_typesupport_introspection_c.dir/rosidl_typesupport_introspection_c/dobot_interface/action/detail/pose_ptp__type_support.c.o[0m
[ 51%] [32mBuilding CXX object CMakeFiles/dobot_interface__rosidl_typesupport_fastrtps_cpp.dir/rosidl_typesupport_fastrtps_cpp/dobot_interface/action/detail/dds_fastrtps/pose_ptp__type_support.cpp.o[0m
[ 54%] [32mBuilding CXX object CMakeFiles/dobot_interface__rosidl_typesupport_introspection_cpp.dir/rosidl_typesupport_introspection_cpp/dobot_interface/action/detail/pose_ptp__type_support.cpp.o[0m
[ 57%] [32mBuilding CXX object CMakeFiles/dobot_interface__rosidl_typesupport_fastrtps_c.dir/rosidl_typesupport_fastrtps_c/dobot_interface/action/detail/pose_ptp__type_support_c.cpp.o[0m
[ 60%] [32m[1mLinking CXX shared library libdobot_interface__rosidl_typesupport_c.so[0m
[ 62%] [32m[1mLinking C shared library libdobot_interface__rosidl_typesupport_introspection_c.so[0m
[ 62%] Built target dobot_interface__rosidl_typesupport_c
[ 65%] [32m[1mLinking CXX shared library libdobot_interface__rosidl_typesupport_cpp.so[0m
[ 68%] [32m[1mLinking CXX shared library libdobot_interface__rosidl_typesupport_fastrtps_c.so[0m
[ 68%] Built target dobot_interface__rosidl_typesupport_introspection_c
[ 71%] [32m[1mLinking CXX shared library libdobot_interface__rosidl_typesupport_introspection_cpp.so[0m
[ 71%] Built target dobot_interface__rosidl_typesupport_fastrtps_c
[ 71%] Built target dobot_interface__rosidl_typesupport_cpp
[ 74%] [32m[1mLinking CXX shared library libdobot_interface__rosidl_typesupport_fastrtps_cpp.so[0m
[ 74%] Built target dobot_interface__rosidl_typesupport_introspection_cpp
[ 74%] Built target dobot_interface__rosidl_typesupport_fastrtps_cpp
[ 74%] Built target dobot_interface
[ 77%] [34m[1mGenerating Python code for ROS interfaces[0m
[ 77%] Built target dobot_interface__py
[ 80%] [32mBuilding C object CMakeFiles/dobot_interface__rosidl_generator_py.dir/rosidl_generator_py/dobot_interface/action/_pose_ptp_s.c.o[0m
[ 82%] [32m[1mLinking C shared library libdobot_interface__rosidl_generator_py.so[0m
[ 82%] Built target dobot_interface__rosidl_generator_py
[ 85%] [32mBuilding C object CMakeFiles/dobot_interface_s__rosidl_typesupport_c.dir/rosidl_generator_py/dobot_interface/_dobot_interface_s.ep.rosidl_typesupport_c.c.o[0m
[ 88%] [32mBuilding C object CMakeFiles/dobot_interface_s__rosidl_typesupport_fastrtps_c.dir/rosidl_generator_py/dobot_interface/_dobot_interface_s.ep.rosidl_typesupport_fastrtps_c.c.o[0m
[ 91%] [32mBuilding C object CMakeFiles/dobot_interface_s__rosidl_typesupport_introspection_c.dir/rosidl_generator_py/dobot_interface/_dobot_interface_s.ep.rosidl_typesupport_introspection_c.c.o[0m
[ 94%] [32m[1mLinking C shared module rosidl_generator_py/dobot_interface/dobot_interface_s__rosidl_typesupport_c.so[0m
[ 97%] [32m[1mLinking C shared module rosidl_generator_py/dobot_interface/dobot_interface_s__rosidl_typesupport_fastrtps_c.so[0m
[100%] [32m[1mLinking C shared module rosidl_generator_py/dobot_interface/dobot_interface_s__rosidl_typesupport_introspection_c.so[0m
[100%] Built target dobot_interface_s__rosidl_typesupport_c
[100%] Built target dobot_interface_s__rosidl_typesupport_fastrtps_c
[100%] Built target dobot_interface_s__rosidl_typesupport_introspection_c
-- Install configuration: ""
-- Installing: /mnt/d/Curtin_Colombo/year_3/sem_1/mxen3005/detectX/install/dobot_interface/share/ament_index/resource_index/rosidl_interfaces/dobot_interface
-- Installing: /mnt/d/Curtin_Colombo/year_3/sem_1/mxen3005/detectX/install/dobot_interface/share/dobot_interface/action/PosePTP.json
-- Installing: /mnt/d/Curtin_Colombo/year_3/sem_1/mxen3005/detectX/install/dobot_interface/include/dobot_interface/dobot_interface
-- Installing: /mnt/d/Curtin_Colombo/year_3/sem_1/mxen3005/detectX/install/dobot_interface/include/dobot_interface/dobot_interface/action
-- Installing: /mnt/d/Curtin_Colombo/year_3/sem_1/mxen3005/detectX/install/dobot_interface/include/dobot_interface/dobot_interface/action/detail
-- Installing: /mnt/d/Curtin_Colombo/year_3/sem_1/mxen3005/detectX/install/dobot_interface/include/dobot_interface/dobot_interface/action/detail/pose_ptp__description.c
-- Installing: /mnt/d/Curtin_Colombo/year_3/sem_1/mxen3005/detectX/install/dobot_interface/include/dobot_interface/dobot_interface/action/detail/pose_ptp__functions.c
-- Installing: /mnt/d/Curtin_Colombo/year_3/sem_1/mxen3005/detectX/install/dobot_interface/include/dobot_interface/dobot_interface/action/detail/pose_ptp__functions.h
-- Installing: /mnt/d/Curtin_Colombo/year_3/sem_1/mxen3005/detectX/install/dobot_interface/include/dobot_interface/dobot_interface/action/detail/pose_ptp__struct.h
-- Installing: /mnt/d/Curtin_Colombo/year_3/sem_1/mxen3005/detectX/install/dobot_interface/include/dobot_interface/dobot_interface/action/detail/pose_ptp__type_support.c
-- Installing: /mnt/d/Curtin_Colombo/year_3/sem_1/mxen3005/detectX/install/dobot_interface/include/dobot_interface/dobot_interface/action/detail/pose_ptp__type_support.h
-- Installing: /mnt/d/Curtin_Colombo/year_3/sem_1/mxen3005/detectX/install/dobot_interface/include/dobot_interface/dobot_interface/action/pose_ptp.h
-- Installing: /mnt/d/Curtin_Colombo/year_3/sem_1/mxen3005/detectX/install/dobot_interface/include/dobot_interface/dobot_interface/msg
-- Installing: /mnt/d/Curtin_Colombo/year_3/sem_1/mxen3005/detectX/install/dobot_interface/include/dobot_interface/dobot_interface/msg/rosidl_generator_c__visibility_control.h
-- Installing: /mnt/d/Curtin_Colombo/year_3/sem_1/mxen3005/detectX/install/dobot_interface/share/dobot_interface/environment/library_path.sh
-- Installing: /mnt/d/Curtin_Colombo/year_3/sem_1/mxen3005/detectX/install/dobot_interface/share/dobot_interface/environment/library_path.dsv
-- Installing: /mnt/d/Curtin_Colombo/year_3/sem_1/mxen3005/detectX/install/dobot_interface/lib/libdobot_interface__rosidl_generator_c.so
-- Set non-toolchain portion of runtime path of "/mnt/d/Curtin_Colombo/year_3/sem_1/mxen3005/detectX/install/dobot_interface/lib/libdobot_interface__rosidl_generator_c.so" to ""
-- Up-to-date: /mnt/d/Curtin_Colombo/year_3/sem_1/mxen3005/detectX/install/dobot_interface/include/dobot_interface/dobot_interface
-- Up-to-date: /mnt/d/Curtin_Colombo/year_3/sem_1/mxen3005/detectX/install/dobot_interface/include/dobot_interface/dobot_interface/action
-- Up-to-date: /mnt/d/Curtin_Colombo/year_3/sem_1/mxen3005/detectX/install/dobot_interface/include/dobot_interface/dobot_interface/action/detail
-- Installing: /mnt/d/Curtin_Colombo/year_3/sem_1/mxen3005/detectX/install/dobot_interface/include/dobot_interface/dobot_interface/action/detail/pose_ptp__rosidl_typesupport_fastrtps_c.h
-- Up-to-date: /mnt/d/Curtin_Colombo/year_3/sem_1/mxen3005/detectX/install/dobot_interface/include/dobot_interface/dobot_interface/msg
-- Installing: /mnt/d/Curtin_Colombo/year_3/sem_1/mxen3005/detectX/install/dobot_interface/include/dobot_interface/dobot_interface/msg/rosidl_typesupport_fastrtps_c__visibility_control.h
-- Installing: /mnt/d/Curtin_Colombo/year_3/sem_1/mxen3005/detectX/install/dobot_interface/lib/libdobot_interface__rosidl_typesupport_fastrtps_c.so
-- Set non-toolchain portion of runtime path of "/mnt/d/Curtin_Colombo/year_3/sem_1/mxen3005/detectX/install/dobot_interface/lib/libdobot_interface__rosidl_typesupport_fastrtps_c.so" to ""
-- Up-to-date: /mnt/d/Curtin_Colombo/year_3/sem_1/mxen3005/detectX/install/dobot_interface/include/dobot_interface/dobot_interface
-- Up-to-date: /mnt/d/Curtin_Colombo/year_3/sem_1/mxen3005/detectX/install/dobot_interface/include/dobot_interface/dobot_interface/action
-- Up-to-date: /mnt/d/Curtin_Colombo/year_3/sem_1/mxen3005/detectX/install/dobot_interface/include/dobot_interface/dobot_interface/action/detail
-- Installing: /mnt/d/Curtin_Colombo/year_3/sem_1/mxen3005/detectX/install/dobot_interface/include/dobot_interface/dobot_interface/action/detail/pose_ptp__rosidl_typesupport_introspection_c.h
-- Installing: /mnt/d/Curtin_Colombo/year_3/sem_1/mxen3005/detectX/install/dobot_interface/include/dobot_interface/dobot_interface/action/detail/pose_ptp__type_support.c
-- Up-to-date: /mnt/d/Curtin_Colombo/year_3/sem_1/mxen3005/detectX/install/dobot_interface/include/dobot_interface/dobot_interface/msg
-- Installing: /mnt/d/Curtin_Colombo/year_3/sem_1/mxen3005/detectX/install/dobot_interface/include/dobot_interface/dobot_interface/msg/rosidl_typesupport_introspection_c__visibility_control.h
-- Installing: /mnt/d/Curtin_Colombo/year_3/sem_1/mxen3005/detectX/install/dobot_interface/lib/libdobot_interface__rosidl_typesupport_introspection_c.so
-- Set non-toolchain portion of runtime path of "/mnt/d/Curtin_Colombo/year_3/sem_1/mxen3005/detectX/install/dobot_interface/lib/libdobot_interface__rosidl_typesupport_introspection_c.so" to ""
-- Installing: /mnt/d/Curtin_Colombo/year_3/sem_1/mxen3005/detectX/install/dobot_interface/lib/libdobot_interface__rosidl_typesupport_c.so
-- Set non-toolchain portion of runtime path of "/mnt/d/Curtin_Colombo/year_3/sem_1/mxen3005/detectX/install/dobot_interface/lib/libdobot_interface__rosidl_typesupport_c.so" to ""
-- Up-to-date: /mnt/d/Curtin_Colombo/year_3/sem_1/mxen3005/detectX/install/dobot_interface/include/dobot_interface/dobot_interface
-- Up-to-date: /mnt/d/Curtin_Colombo/year_3/sem_1/mxen3005/detectX/install/dobot_interface/include/dobot_interface/dobot_interface/action
-- Up-to-date: /mnt/d/Curtin_Colombo/year_3/sem_1/mxen3005/detectX/install/dobot_interface/include/dobot_interface/dobot_interface/action/detail
-- Installing: /mnt/d/Curtin_Colombo/year_3/sem_1/mxen3005/detectX/install/dobot_interface/include/dobot_interface/dobot_interface/action/detail/pose_ptp__builder.hpp
-- Installing: /mnt/d/Curtin_Colombo/year_3/sem_1/mxen3005/detectX/install/dobot_interface/include/dobot_interface/dobot_interface/action/detail/pose_ptp__struct.hpp
-- Installing: /mnt/d/Curtin_Colombo/year_3/sem_1/mxen3005/detectX/install/dobot_interface/include/dobot_interface/dobot_interface/action/detail/pose_ptp__traits.hpp
-- Installing: /mnt/d/Curtin_Colombo/year_3/sem_1/mxen3005/detectX/install/dobot_interface/include/dobot_interface/dobot_interface/action/detail/pose_ptp__type_support.hpp
-- Installing: /mnt/d/Curtin_Colombo/year_3/sem_1/mxen3005/detectX/install/dobot_interface/include/dobot_interface/dobot_interface/action/pose_ptp.hpp
-- Up-to-date: /mnt/d/Curtin_Colombo/year_3/sem_1/mxen3005/detectX/install/dobot_interface/include/dobot_interface/dobot_interface/msg
-- Installing: /mnt/d/Curtin_Colombo/year_3/sem_1/mxen3005/detectX/install/dobot_interface/include/dobot_interface/dobot_interface/msg/rosidl_generator_cpp__visibility_control.hpp
-- Up-to-date: /mnt/d/Curtin_Colombo/year_3/sem_1/mxen3005/detectX/install/dobot_interface/include/dobot_interface/dobot_interface
-- Up-to-date: /mnt/d/Curtin_Colombo/year_3/sem_1/mxen3005/detectX/install/dobot_interface/include/dobot_interface/dobot_interface/action
-- Up-to-date: /mnt/d/Curtin_Colombo/year_3/sem_1/mxen3005/detectX/install/dobot_interface/include/dobot_interface/dobot_interface/action/detail
-- Installing: /mnt/d/Curtin_Colombo/year_3/sem_1/mxen3005/detectX/install/dobot_interface/include/dobot_interface/dobot_interface/action/detail/dds_fastrtps
-- Installing: /mnt/d/Curtin_Colombo/year_3/sem_1/mxen3005/detectX/install/dobot_interface/include/dobot_interface/dobot_interface/action/detail/pose_ptp__rosidl_typesupport_fastrtps_cpp.hpp
-- Up-to-date: /mnt/d/Curtin_Colombo/year_3/sem_1/mxen3005/detectX/install/dobot_interface/include/dobot_interface/dobot_interface/msg
-- Installing: /mnt/d/Curtin_Colombo/year_3/sem_1/mxen3005/detectX/install/dobot_interface/include/dobot_interface/dobot_interface/msg/rosidl_typesupport_fastrtps_cpp__visibility_control.h
-- Installing: /mnt/d/Curtin_Colombo/year_3/sem_1/mxen3005/detectX/install/dobot_interface/lib/libdobot_interface__rosidl_typesupport_fastrtps_cpp.so
-- Set non-toolchain portion of runtime path of "/mnt/d/Curtin_Colombo/year_3/sem_1/mxen3005/detectX/install/dobot_interface/lib/libdobot_interface__rosidl_typesupport_fastrtps_cpp.so" to ""
-- Up-to-date: /mnt/d/Curtin_Colombo/year_3/sem_1/mxen3005/detectX/install/dobot_interface/include/dobot_interface/dobot_interface
-- Up-to-date: /mnt/d/Curtin_Colombo/year_3/sem_1/mxen3005/detectX/install/dobot_interface/include/dobot_interface/dobot_interface/action
-- Up-to-date: /mnt/d/Curtin_Colombo/year_3/sem_1/mxen3005/detectX/install/dobot_interface/include/dobot_interface/dobot_interface/action/detail
-- Installing: /mnt/d/Curtin_Colombo/year_3/sem_1/mxen3005/detectX/install/dobot_interface/include/dobot_interface/dobot_interface/action/detail/pose_ptp__rosidl_typesupport_introspection_cpp.hpp
-- Installing: /mnt/d/Curtin_Colombo/year_3/sem_1/mxen3005/detectX/install/dobot_interface/include/dobot_interface/dobot_interface/action/detail/pose_ptp__type_support.cpp
-- Installing: /mnt/d/Curtin_Colombo/year_3/sem_1/mxen3005/detectX/install/dobot_interface/lib/libdobot_interface__rosidl_typesupport_introspection_cpp.so
-- Set non-toolchain portion of runtime path of "/mnt/d/Curtin_Colombo/year_3/sem_1/mxen3005/detectX/install/dobot_interface/lib/libdobot_interface__rosidl_typesupport_introspection_cpp.so" to ""
-- Installing: /mnt/d/Curtin_Colombo/year_3/sem_1/mxen3005/detectX/install/dobot_interface/lib/libdobot_interface__rosidl_typesupport_cpp.so
-- Set non-toolchain portion of runtime path of "/mnt/d/Curtin_Colombo/year_3/sem_1/mxen3005/detectX/install/dobot_interface/lib/libdobot_interface__rosidl_typesupport_cpp.so" to ""
-- Installing: /mnt/d/Curtin_Colombo/year_3/sem_1/mxen3005/detectX/install/dobot_interface/share/dobot_interface/environment/pythonpath.sh
-- Installing: /mnt/d/Curtin_Colombo/year_3/sem_1/mxen3005/detectX/install/dobot_interface/share/dobot_interface/environment/pythonpath.dsv
-- Installing: /mnt/d/Curtin_Colombo/year_3/sem_1/mxen3005/detectX/install/dobot_interface/lib/python3.12/site-packages/dobot_interface-0.0.0-py3.12.egg-info
-- Installing: /mnt/d/Curtin_Colombo/year_3/sem_1/mxen3005/detectX/install/dobot_interface/lib/python3.12/site-packages/dobot_interface-0.0.0-py3.12.egg-info/dependency_links.txt
-- Installing: /mnt/d/Curtin_Colombo/year_3/sem_1/mxen3005/detectX/install/dobot_interface/lib/python3.12/site-packages/dobot_interface-0.0.0-py3.12.egg-info/PKG-INFO
-- Installing: /mnt/d/Curtin_Colombo/year_3/sem_1/mxen3005/detectX/install/dobot_interface/lib/python3.12/site-packages/dobot_interface-0.0.0-py3.12.egg-info/SOURCES.txt
-- Installing: /mnt/d/Curtin_Colombo/year_3/sem_1/mxen3005/detectX/install/dobot_interface/lib/python3.12/site-packages/dobot_interface-0.0.0-py3.12.egg-info/top_level.txt
-- Installing: /mnt/d/Curtin_Colombo/year_3/sem_1/mxen3005/detectX/install/dobot_interface/lib/python3.12/site-packages/dobot_interface
-- Installing: /mnt/d/Curtin_Colombo/year_3/sem_1/mxen3005/detectX/install/dobot_interface/lib/python3.12/site-packages/dobot_interface/action
-- Installing: /mnt/d/Curtin_Colombo/year_3/sem_1/mxen3005/detectX/install/dobot_interface/lib/python3.12/site-packages/dobot_interface/action/_pose_ptp.py
-- Installing: /mnt/d/Curtin_Colombo/year_3/sem_1/mxen3005/detectX/install/dobot_interface/lib/python3.12/site-packages/dobot_interface/action/_pose_ptp_s.c
-- Installing: /mnt/d/Curtin_Colombo/year_3/sem_1/mxen3005/detectX/install/dobot_interface/lib/python3.12/site-packages/dobot_interface/action/__init__.py
-- Installing: /mnt/d/Curtin_Colombo/year_3/sem_1/mxen3005/detectX/install/dobot_interface/lib/python3.12/site-packages/dobot_interface/dobot_interface_s__rosidl_typesupport_c.so
-- Installing: /mnt/d/Curtin_Colombo/year_3/sem_1/mxen3005/detectX/install/dobot_interface/lib/python3.12/site-packages/dobot_interface/dobot_interface_s__rosidl_typesupport_fastrtps_c.so
-- Installing: /mnt/d/Curtin_Colombo/year_3/sem_1/mxen3005/detectX/install/dobot_interface/lib/python3.12/site-packages/dobot_interface/dobot_interface_s__rosidl_typesupport_introspection_c.so
-- Installing: /mnt/d/Curtin_Colombo/year_3/sem_1/mxen3005/detectX/install/dobot_interface/lib/python3.12/site-packages/dobot_interface/_dobot_interface_s.ep.rosidl_typesupport_c.c
-- Installing: /mnt/d/Curtin_Colombo/year_3/sem_1/mxen3005/detectX/install/dobot_interface/lib/python3.12/site-packages/dobot_interface/_dobot_interface_s.ep.rosidl_typesupport_fastrtps_c.c
-- Installing: /mnt/d/Curtin_Colombo/year_3/sem_1/mxen3005/detectX/install/dobot_interface/lib/python3.12/site-packages/dobot_interface/_dobot_interface_s.ep.rosidl_typesupport_introspection_c.c
-- Installing: /mnt/d/Curtin_Colombo/year_3/sem_1/mxen3005/detectX/install/dobot_interface/lib/python3.12/site-packages/dobot_interface/__init__.py
Listing '/mnt/d/Curtin_Colombo/year_3/sem_1/mxen3005/detectX/install/dobot_interface/lib/python3.12/site-packages/dobot_interface'...
Compiling '/mnt/d/Curtin_Colombo/year_3/sem_1/mxen3005/detectX/install/dobot_interface/lib/python3.12/site-packages/dobot_interface/__init__.py'...
Listing '/mnt/d/Curtin_Colombo/year_3/sem_1/mxen3005/detectX/install/dobot_interface/lib/python3.12/site-packages/dobot_interface/action'...
Compiling '/mnt/d/Curtin_Colombo/year_3/sem_1/mxen3005/detectX/install/dobot_interface/lib/python3.12/site-packages/dobot_interface/action/__init__.py'...
Compiling '/mnt/d/Curtin_Colombo/year_3/sem_1/mxen3005/detectX/install/dobot_interface/lib/python3.12/site-packages/dobot_interface/action/_pose_ptp.py'...
-- Installing: /mnt/d/Curtin_Colombo/year_3/sem_1/mxen3005/detectX/install/dobot_interface/lib/python3.12/site-packages/dobot_interface/dobot_interface_s__rosidl_typesupport_fastrtps_c.so
-- Set non-toolchain portion of runtime path of "/mnt/d/Curtin_Colombo/year_3/sem_1/mxen3005/detectX/install/dobot_interface/lib/python3.12/site-packages/dobot_interface/dobot_interface_s__rosidl_typesupport_fastrtps_c.so" to ""
-- Installing: /mnt/d/Curtin_Colombo/year_3/sem_1/mxen3005/detectX/install/dobot_interface/lib/python3.12/site-packages/dobot_interface/dobot_interface_s__rosidl_typesupport_introspection_c.so
-- Set non-toolchain portion of runtime path of "/mnt/d/Curtin_Colombo/year_3/sem_1/mxen3005/detectX/install/dobot_interface/lib/python3.12/site-packages/dobot_interface/dobot_interface_s__rosidl_typesupport_introspection_c.so" to ""
-- Installing: /mnt/d/Curtin_Colombo/year_3/sem_1/mxen3005/detectX/install/dobot_interface/lib/python3.12/site-packages/dobot_interface/dobot_interface_s__rosidl_typesupport_c.so
-- Set non-toolchain portion of runtime path of "/mnt/d/Curtin_Colombo/year_3/sem_1/mxen3005/detectX/install/dobot_interface/lib/python3.12/site-packages/dobot_interface/dobot_interface_s__rosidl_typesupport_c.so" to ""
-- Installing: /mnt/d/Curtin_Colombo/year_3/sem_1/mxen3005/detectX/install/dobot_interface/lib/libdobot_interface__rosidl_generator_py.so
-- Set non-toolchain portion of runtime path of "/mnt/d/Curtin_Colombo/year_3/sem_1/mxen3005/detectX/install/dobot_interface/lib/libdobot_interface__rosidl_generator_py.so" to ""
-- Installing: /mnt/d/Curtin_Colombo/year_3/sem_1/mxen3005/detectX/install/dobot_interface/share/ament_index/resource_index/rust_packages/dobot_interface
-- Installing: /mnt/d/Curtin_Colombo/year_3/sem_1/mxen3005/detectX/install/dobot_interface/share/dobot_interface/rust
-- Installing: /mnt/d/Curtin_Colombo/year_3/sem_1/mxen3005/detectX/install/dobot_interface/share/dobot_interface/rust/build.rs
-- Installing: /mnt/d/Curtin_Colombo/year_3/sem_1/mxen3005/detectX/install/dobot_interface/share/dobot_interface/rust/Cargo.toml
-- Installing: /mnt/d/Curtin_Colombo/year_3/sem_1/mxen3005/detectX/install/dobot_interface/share/dobot_interface/rust/src
-- Installing: /mnt/d/Curtin_Colombo/year_3/sem_1/mxen3005/detectX/install/dobot_interface/share/dobot_interface/rust/src/action
-- Installing: /mnt/d/Curtin_Colombo/year_3/sem_1/mxen3005/detectX/install/dobot_interface/share/dobot_interface/rust/src/action/rmw.rs
-- Installing: /mnt/d/Curtin_Colombo/year_3/sem_1/mxen3005/detectX/install/dobot_interface/share/dobot_interface/rust/src/action.rs
-- Installing: /mnt/d/Curtin_Colombo/year_3/sem_1/mxen3005/detectX/install/dobot_interface/share/dobot_interface/rust/src/lib.rs
-- Installing: /mnt/d/Curtin_Colombo/year_3/sem_1/mxen3005/detectX/install/dobot_interface/share/dobot_interface/action/PosePTP.idl
-- Installing: /mnt/d/Curtin_Colombo/year_3/sem_1/mxen3005/detectX/install/dobot_interface/share/dobot_interface/action/PosePTP.action
-- Installing: /mnt/d/Curtin_Colombo/year_3/sem_1/mxen3005/detectX/install/dobot_interface/share/ament_index/resource_index/package_run_dependencies/dobot_interface
-- Installing: /mnt/d/Curtin_Colombo/year_3/sem_1/mxen3005/detectX/install/dobot_interface/share/ament_index/resource_index/parent_prefix_path/dobot_interface
-- Installing: /mnt/d/Curtin_Colombo/year_3/sem_1/mxen3005/detectX/install/dobot_interface/share/dobot_interface/environment/ament_prefix_path.sh
-- Installing: /mnt/d/Curtin_Colombo/year_3/sem_1/mxen3005/detectX/install/dobot_interface/share/dobot_interface/environment/ament_prefix_path.dsv
-- Installing: /mnt/d/Curtin_Colombo/year_3/sem_1/mxen3005/detectX/install/dobot_interface/share/dobot_interface/environment/path.sh
-- Installing: /mnt/d/Curtin_Colombo/year_3/sem_1/mxen3005/detectX/install/dobot_interface/share/dobot_interface/environment/path.dsv
-- Installing: /mnt/d/Curtin_Colombo/year_3/sem_1/mxen3005/detectX/install/dobot_interface/share/dobot_interface/local_setup.bash
-- Installing: /mnt/d/Curtin_Colombo/year_3/sem_1/mxen3005/detectX/install/dobot_interface/share/dobot_interface/local_setup.sh
-- Installing: /mnt/d/Curtin_Colombo/year_3/sem_1/mxen3005/detectX/install/dobot_interface/share/dobot_interface/local_setup.zsh
-- Installing: /mnt/d/Curtin_Colombo/year_3/sem_1/mxen3005/detectX/install/dobot_interface/share/dobot_interface/local_setup.dsv
-- Installing: /mnt/d/Curtin_Colombo/year_3/sem_1/mxen3005/detectX/install/dobot_interface/share/dobot_interface/package.dsv
-- Installing: /mnt/d/Curtin_Colombo/year_3/sem_1/mxen3005/detectX/install/dobot_interface/share/ament_index/resource_index/packages/dobot_interface
-- Installing: /mnt/d/Curtin_Colombo/year_3/sem_1/mxen3005/detectX/install/dobot_interface/share/dobot_interface/cmake/export_dobot_interface__rosidl_generator_cExport.cmake
