[0.925s] Invoking command in '/mnt/d/Curtin_Colombo/year_3/sem_1/mxen3005/detectX/build/dobot_interface': CMAKE_PREFIX_PATH=${CMAKE_PREFIX_PATH}:/mnt/d/Curtin_Colombo/year_3/sem_1/mxen3005/detectX/install/detect_dobot:/opt/ros/kilted /usr/bin/cmake /mnt/d/Curtin_Colombo/year_3/sem_1/mxen3005/detectX/src/dobot_interface -DCMAKE_INSTALL_PREFIX=/mnt/d/Curtin_Colombo/year_3/sem_1/mxen3005/detectX/install/dobot_interface
[1.842s] -- Found ament_cmake: 2.7.5 (/opt/ros/kilted/share/ament_cmake/cmake)
[3.795s] -- Found rosidl_default_generators: 1.7.2 (/opt/ros/kilted/share/rosidl_default_generators/cmake)
[4.114s] -- Using all available rosidl_typesupport_c: rosidl_typesupport_fastrtps_c;rosidl_typesupport_introspection_c
[5.859s] -- Using all available rosidl_typesupport_cpp: rosidl_typesupport_fastrtps_cpp;rosidl_typesupport_introspection_cpp
[6.844s] -- Found rosidl_adapter: 4.9.6 (/opt/ros/kilted/share/rosidl_adapter/cmake)
[6.847s] -- Found action_msgs: 2.3.1 (/opt/ros/kilted/share/action_msgs/cmake)
[14.472s] -- Found ament_cmake_ros_core: 0.14.7 (/opt/ros/kilted/share/ament_cmake_ros_core/cmake)
[26.910s] -- Using all available rosidl_typesupport_c: rosidl_typesupport_fastrtps_c;rosidl_typesupport_introspection_c
[43.036s] -- Using all available rosidl_typesupport_cpp: rosidl_typesupport_fastrtps_cpp;rosidl_typesupport_introspection_cpp
[49.440s] -- Found Python3: /usr/bin/python3 (found version "3.12.3") found components: Interpreter Development NumPy Development.Module Development.Embed 
[54.688s] -- Found Python3: /usr/bin/python3 (found version "3.12.3") found components: Interpreter 
[55.245s] -- Found ament_lint_auto: 0.19.2 (/opt/ros/kilted/share/ament_lint_auto/cmake)
[71.419s] -- Added test 'lint_cmake' to check CMake code style
[76.200s] -- Added test 'xmllint' to check XML markup files
[78.244s] -- Configuring done (76.7s)
[98.877s] -- Generating done (19.9s)
[107.064s] -- Build files have been written to: /mnt/d/Curtin_Colombo/year_3/sem_1/mxen3005/detectX/build/dobot_interface
[107.081s] Invoked command in '/mnt/d/Curtin_Colombo/year_3/sem_1/mxen3005/detectX/build/dobot_interface' returned '0': CMAKE_PREFIX_PATH=${CMAKE_PREFIX_PATH}:/mnt/d/Curtin_Colombo/year_3/sem_1/mxen3005/detectX/install/detect_dobot:/opt/ros/kilted /usr/bin/cmake /mnt/d/Curtin_Colombo/year_3/sem_1/mxen3005/detectX/src/dobot_interface -DCMAKE_INSTALL_PREFIX=/mnt/d/Curtin_Colombo/year_3/sem_1/mxen3005/detectX/install/dobot_interface
[107.167s] Invoking command in '/mnt/d/Curtin_Colombo/year_3/sem_1/mxen3005/detectX/build/dobot_interface': CMAKE_PREFIX_PATH=${CMAKE_PREFIX_PATH}:/mnt/d/Curtin_Colombo/year_3/sem_1/mxen3005/detectX/install/detect_dobot:/opt/ros/kilted /usr/bin/cmake --build /mnt/d/Curtin_Colombo/year_3/sem_1/mxen3005/detectX/build/dobot_interface -- -j16 -l16
[110.611s] [  2%] [34m[1mGenerating type hashes for ROS interfaces[0m
[110.641s] [  5%] [34m[1mGenerating Rust code for ROS interfaces[0m
[110.782s] [  5%] Built target ament_cmake_python_copy_dobot_interface
[111.324s] [  5%] Built target dobot_interface__rosidl_generator_type_description
[111.376s] [  5%] Built target dobot_interface__rs
[111.497s] [  8%] [34m[1mGenerating C code for ROS interfaces[0m
[111.543s] [ 11%] [34m[1mGenerating C++ code for ROS interfaces[0m
[111.573s] running egg_info
[111.574s] creating dobot_interface.egg-info
[111.664s] writing dobot_interface.egg-info/PKG-INFO
[111.668s] writing dependency_links to dobot_interface.egg-info/dependency_links.txt
[111.678s] writing top-level names to dobot_interface.egg-info/top_level.txt
[111.681s] writing manifest file 'dobot_interface.egg-info/SOURCES.txt'
[111.892s] reading manifest file 'dobot_interface.egg-info/SOURCES.txt'
[112.038s] writing manifest file 'dobot_interface.egg-info/SOURCES.txt'
[112.270s] [ 11%] Built target ament_cmake_python_build_dobot_interface_egg
[112.327s] [ 11%] Built target dobot_interface__cpp
[113.240s] [ 17%] [32mBuilding C object CMakeFiles/dobot_interface__rosidl_generator_c.dir/rosidl_generator_c/dobot_interface/action/detail/pose_ptp__description.c.o[0m
[113.243s] [ 17%] [32mBuilding C object CMakeFiles/dobot_interface__rosidl_generator_c.dir/rosidl_generator_c/dobot_interface/action/detail/pose_ptp__functions.c.o[0m
[113.272s] [ 20%] [32mBuilding C object CMakeFiles/dobot_interface__rosidl_generator_c.dir/rosidl_generator_c/dobot_interface/action/detail/pose_ptp__type_support.c.o[0m
[114.180s] [ 22%] [32m[1mLinking C shared library libdobot_interface__rosidl_generator_c.so[0m
[118.564s] [ 22%] Built target dobot_interface__rosidl_generator_c
[118.691s] [ 37%] [34m[1mGenerating C++ type support for eProsima Fast-RTPS[0m
[118.698s] [ 37%] [34m[1mGenerating C type support dispatch for ROS interfaces[0m
[118.705s] [ 37%] [34m[1mGenerating C introspection for ROS interfaces[0m
[118.723s] [ 37%] [34m[1mGenerating C++ type support dispatch for ROS interfaces[0m
[118.725s] [ 37%] [34m[1mGenerating C type support for eProsima Fast-RTPS[0m
[118.739s] [ 40%] [34m[1mGenerating C++ introspection for ROS interfaces[0m
[119.261s] gmake[2]: Warning: File 'rosidl_typesupport_c/dobot_interface/action/pose_ptp__type_support.cpp' has modification time 0.32 s in the future
[119.349s] gmake[2]: Warning: File 'rosidl_typesupport_cpp/dobot_interface/action/pose_ptp__type_support.cpp' has modification time 0.25 s in the future
[119.371s] [ 42%] [32mBuilding CXX object CMakeFiles/dobot_interface__rosidl_typesupport_c.dir/rosidl_typesupport_c/dobot_interface/action/pose_ptp__type_support.cpp.o[0m
[119.436s] [ 45%] [32mBuilding CXX object CMakeFiles/dobot_interface__rosidl_typesupport_cpp.dir/rosidl_typesupport_cpp/dobot_interface/action/pose_ptp__type_support.cpp.o[0m
[119.492s] gmake[2]: Warning: File 'rosidl_typesupport_introspection_c/dobot_interface/action/detail/pose_ptp__type_support.c' has modification time 0.2 s in the future
[119.504s] gmake[2]: Warning: File 'rosidl_typesupport_introspection_cpp/dobot_interface/action/detail/pose_ptp__type_support.cpp' has modification time 0.28 s in the future
[119.512s] gmake[2]: Warning: File 'rosidl_typesupport_fastrtps_cpp/dobot_interface/action/detail/dds_fastrtps/pose_ptp__type_support.cpp' has modification time 0.22 s in the future
[119.552s] [ 51%] [32mBuilding C object CMakeFiles/dobot_interface__rosidl_typesupport_introspection_c.dir/rosidl_typesupport_introspection_c/dobot_interface/action/detail/pose_ptp__type_support.c.o[0m
[119.571s] [ 51%] [32mBuilding CXX object CMakeFiles/dobot_interface__rosidl_typesupport_fastrtps_cpp.dir/rosidl_typesupport_fastrtps_cpp/dobot_interface/action/detail/dds_fastrtps/pose_ptp__type_support.cpp.o[0m
[119.594s] gmake[2]: Warning: File 'rosidl_typesupport_fastrtps_c/dobot_interface/action/detail/pose_ptp__type_support_c.cpp' has modification time 0.29 s in the future
[119.642s] [ 54%] [32mBuilding CXX object CMakeFiles/dobot_interface__rosidl_typesupport_introspection_cpp.dir/rosidl_typesupport_introspection_cpp/dobot_interface/action/detail/pose_ptp__type_support.cpp.o[0m
[119.736s] [ 57%] [32mBuilding CXX object CMakeFiles/dobot_interface__rosidl_typesupport_fastrtps_c.dir/rosidl_typesupport_fastrtps_c/dobot_interface/action/detail/pose_ptp__type_support_c.cpp.o[0m
[120.800s] [ 60%] [32m[1mLinking CXX shared library libdobot_interface__rosidl_typesupport_c.so[0m
[121.657s] [ 62%] [32m[1mLinking C shared library libdobot_interface__rosidl_typesupport_introspection_c.so[0m
[122.971s] gmake[2]: warning:  Clock skew detected.  Your build may be incomplete.
[123.135s] [ 62%] Built target dobot_interface__rosidl_typesupport_c
[123.321s] [ 65%] [32m[1mLinking CXX shared library libdobot_interface__rosidl_typesupport_cpp.so[0m
[123.609s] [ 68%] [32m[1mLinking CXX shared library libdobot_interface__rosidl_typesupport_fastrtps_c.so[0m
[123.876s] gmake[2]: warning:  Clock skew detected.  Your build may be incomplete.
[124.009s] [ 68%] Built target dobot_interface__rosidl_typesupport_introspection_c
[124.827s] [ 71%] [32m[1mLinking CXX shared library libdobot_interface__rosidl_typesupport_introspection_cpp.so[0m
[125.056s] gmake[2]: warning:  Clock skew detected.  Your build may be incomplete.
[125.208s] [ 71%] Built target dobot_interface__rosidl_typesupport_fastrtps_c
[125.323s] gmake[2]: warning:  Clock skew detected.  Your build may be incomplete.
[125.461s] [ 71%] Built target dobot_interface__rosidl_typesupport_cpp
[125.816s] [ 74%] [32m[1mLinking CXX shared library libdobot_interface__rosidl_typesupport_fastrtps_cpp.so[0m
[126.808s] gmake[2]: warning:  Clock skew detected.  Your build may be incomplete.
[126.969s] [ 74%] Built target dobot_interface__rosidl_typesupport_introspection_cpp
[128.005s] gmake[2]: warning:  Clock skew detected.  Your build may be incomplete.
[128.168s] [ 74%] Built target dobot_interface__rosidl_typesupport_fastrtps_cpp
[128.918s] [ 74%] Built target dobot_interface
[129.909s] [ 77%] [34m[1mGenerating Python code for ROS interfaces[0m
[131.651s] [ 77%] Built target dobot_interface__py
[133.124s] [ 80%] [32mBuilding C object CMakeFiles/dobot_interface__rosidl_generator_py.dir/rosidl_generator_py/dobot_interface/action/_pose_ptp_s.c.o[0m
[138.407s] [ 82%] [32m[1mLinking C shared library libdobot_interface__rosidl_generator_py.so[0m
[141.859s] [ 82%] Built target dobot_interface__rosidl_generator_py
[142.464s] [ 85%] [32mBuilding C object CMakeFiles/dobot_interface_s__rosidl_typesupport_c.dir/rosidl_generator_py/dobot_interface/_dobot_interface_s.ep.rosidl_typesupport_c.c.o[0m
[142.487s] [ 88%] [32mBuilding C object CMakeFiles/dobot_interface_s__rosidl_typesupport_fastrtps_c.dir/rosidl_generator_py/dobot_interface/_dobot_interface_s.ep.rosidl_typesupport_fastrtps_c.c.o[0m
[142.613s] [ 91%] [32mBuilding C object CMakeFiles/dobot_interface_s__rosidl_typesupport_introspection_c.dir/rosidl_generator_py/dobot_interface/_dobot_interface_s.ep.rosidl_typesupport_introspection_c.c.o[0m
[144.446s] [ 94%] [32m[1mLinking C shared module rosidl_generator_py/dobot_interface/dobot_interface_s__rosidl_typesupport_c.so[0m
[144.831s] [ 97%] [32m[1mLinking C shared module rosidl_generator_py/dobot_interface/dobot_interface_s__rosidl_typesupport_fastrtps_c.so[0m
[144.855s] [100%] [32m[1mLinking C shared module rosidl_generator_py/dobot_interface/dobot_interface_s__rosidl_typesupport_introspection_c.so[0m
[146.182s] [100%] Built target dobot_interface_s__rosidl_typesupport_c
[146.203s] [100%] Built target dobot_interface_s__rosidl_typesupport_fastrtps_c
[146.213s] [100%] Built target dobot_interface_s__rosidl_typesupport_introspection_c
[146.765s] Invoked command in '/mnt/d/Curtin_Colombo/year_3/sem_1/mxen3005/detectX/build/dobot_interface' returned '0': CMAKE_PREFIX_PATH=${CMAKE_PREFIX_PATH}:/mnt/d/Curtin_Colombo/year_3/sem_1/mxen3005/detectX/install/detect_dobot:/opt/ros/kilted /usr/bin/cmake --build /mnt/d/Curtin_Colombo/year_3/sem_1/mxen3005/detectX/build/dobot_interface -- -j16 -l16
[146.925s] Invoking command in '/mnt/d/Curtin_Colombo/year_3/sem_1/mxen3005/detectX/build/dobot_interface': CMAKE_PREFIX_PATH=${CMAKE_PREFIX_PATH}:/mnt/d/Curtin_Colombo/year_3/sem_1/mxen3005/detectX/install/detect_dobot:/opt/ros/kilted /usr/bin/cmake --install /mnt/d/Curtin_Colombo/year_3/sem_1/mxen3005/detectX/build/dobot_interface
[147.012s] -- Install configuration: ""
[147.125s] -- Installing: /mnt/d/Curtin_Colombo/year_3/sem_1/mxen3005/detectX/install/dobot_interface/share/ament_index/resource_index/rosidl_interfaces/dobot_interface
[147.980s] -- Installing: /mnt/d/Curtin_Colombo/year_3/sem_1/mxen3005/detectX/install/dobot_interface/share/dobot_interface/action/PosePTP.json
[148.545s] -- Installing: /mnt/d/Curtin_Colombo/year_3/sem_1/mxen3005/detectX/install/dobot_interface/include/dobot_interface/dobot_interface
[148.586s] -- Installing: /mnt/d/Curtin_Colombo/year_3/sem_1/mxen3005/detectX/install/dobot_interface/include/dobot_interface/dobot_interface/action
[148.762s] -- Installing: /mnt/d/Curtin_Colombo/year_3/sem_1/mxen3005/detectX/install/dobot_interface/include/dobot_interface/dobot_interface/action/detail
[149.359s] -- Installing: /mnt/d/Curtin_Colombo/year_3/sem_1/mxen3005/detectX/install/dobot_interface/include/dobot_interface/dobot_interface/action/detail/pose_ptp__description.c
[150.454s] -- Installing: /mnt/d/Curtin_Colombo/year_3/sem_1/mxen3005/detectX/install/dobot_interface/include/dobot_interface/dobot_interface/action/detail/pose_ptp__functions.c
[151.560s] -- Installing: /mnt/d/Curtin_Colombo/year_3/sem_1/mxen3005/detectX/install/dobot_interface/include/dobot_interface/dobot_interface/action/detail/pose_ptp__functions.h
[152.568s] -- Installing: /mnt/d/Curtin_Colombo/year_3/sem_1/mxen3005/detectX/install/dobot_interface/include/dobot_interface/dobot_interface/action/detail/pose_ptp__struct.h
[153.477s] -- Installing: /mnt/d/Curtin_Colombo/year_3/sem_1/mxen3005/detectX/install/dobot_interface/include/dobot_interface/dobot_interface/action/detail/pose_ptp__type_support.c
[154.786s] -- Installing: /mnt/d/Curtin_Colombo/year_3/sem_1/mxen3005/detectX/install/dobot_interface/include/dobot_interface/dobot_interface/action/detail/pose_ptp__type_support.h
[155.790s] -- Installing: /mnt/d/Curtin_Colombo/year_3/sem_1/mxen3005/detectX/install/dobot_interface/include/dobot_interface/dobot_interface/action/pose_ptp.h
[156.640s] -- Installing: /mnt/d/Curtin_Colombo/year_3/sem_1/mxen3005/detectX/install/dobot_interface/include/dobot_interface/dobot_interface/msg
[157.133s] -- Installing: /mnt/d/Curtin_Colombo/year_3/sem_1/mxen3005/detectX/install/dobot_interface/include/dobot_interface/dobot_interface/msg/rosidl_generator_c__visibility_control.h
[158.162s] -- Installing: /mnt/d/Curtin_Colombo/year_3/sem_1/mxen3005/detectX/install/dobot_interface/share/dobot_interface/environment/library_path.sh
[158.640s] -- Installing: /mnt/d/Curtin_Colombo/year_3/sem_1/mxen3005/detectX/install/dobot_interface/share/dobot_interface/environment/library_path.dsv
[159.291s] -- Installing: /mnt/d/Curtin_Colombo/year_3/sem_1/mxen3005/detectX/install/dobot_interface/lib/libdobot_interface__rosidl_generator_c.so
[160.425s] -- Set non-toolchain portion of runtime path of "/mnt/d/Curtin_Colombo/year_3/sem_1/mxen3005/detectX/install/dobot_interface/lib/libdobot_interface__rosidl_generator_c.so" to ""
[160.621s] -- Up-to-date: /mnt/d/Curtin_Colombo/year_3/sem_1/mxen3005/detectX/install/dobot_interface/include/dobot_interface/dobot_interface
[160.980s] -- Up-to-date: /mnt/d/Curtin_Colombo/year_3/sem_1/mxen3005/detectX/install/dobot_interface/include/dobot_interface/dobot_interface/action
[161.173s] -- Up-to-date: /mnt/d/Curtin_Colombo/year_3/sem_1/mxen3005/detectX/install/dobot_interface/include/dobot_interface/dobot_interface/action/detail
[161.312s] -- Installing: /mnt/d/Curtin_Colombo/year_3/sem_1/mxen3005/detectX/install/dobot_interface/include/dobot_interface/dobot_interface/action/detail/pose_ptp__rosidl_typesupport_fastrtps_c.h
[161.673s] -- Up-to-date: /mnt/d/Curtin_Colombo/year_3/sem_1/mxen3005/detectX/install/dobot_interface/include/dobot_interface/dobot_interface/msg
[162.136s] -- Installing: /mnt/d/Curtin_Colombo/year_3/sem_1/mxen3005/detectX/install/dobot_interface/include/dobot_interface/dobot_interface/msg/rosidl_typesupport_fastrtps_c__visibility_control.h
[163.376s] -- Installing: /mnt/d/Curtin_Colombo/year_3/sem_1/mxen3005/detectX/install/dobot_interface/lib/libdobot_interface__rosidl_typesupport_fastrtps_c.so
[164.573s] -- Set non-toolchain portion of runtime path of "/mnt/d/Curtin_Colombo/year_3/sem_1/mxen3005/detectX/install/dobot_interface/lib/libdobot_interface__rosidl_typesupport_fastrtps_c.so" to ""
[164.785s] -- Up-to-date: /mnt/d/Curtin_Colombo/year_3/sem_1/mxen3005/detectX/install/dobot_interface/include/dobot_interface/dobot_interface
[165.135s] -- Up-to-date: /mnt/d/Curtin_Colombo/year_3/sem_1/mxen3005/detectX/install/dobot_interface/include/dobot_interface/dobot_interface/action
[165.564s] -- Up-to-date: /mnt/d/Curtin_Colombo/year_3/sem_1/mxen3005/detectX/install/dobot_interface/include/dobot_interface/dobot_interface/action/detail
[165.873s] -- Installing: /mnt/d/Curtin_Colombo/year_3/sem_1/mxen3005/detectX/install/dobot_interface/include/dobot_interface/dobot_interface/action/detail/pose_ptp__rosidl_typesupport_introspection_c.h
[167.130s] -- Installing: /mnt/d/Curtin_Colombo/year_3/sem_1/mxen3005/detectX/install/dobot_interface/include/dobot_interface/dobot_interface/action/detail/pose_ptp__type_support.c
[168.579s] -- Up-to-date: /mnt/d/Curtin_Colombo/year_3/sem_1/mxen3005/detectX/install/dobot_interface/include/dobot_interface/dobot_interface/msg
[168.947s] -- Installing: /mnt/d/Curtin_Colombo/year_3/sem_1/mxen3005/detectX/install/dobot_interface/include/dobot_interface/dobot_interface/msg/rosidl_typesupport_introspection_c__visibility_control.h
[170.152s] -- Installing: /mnt/d/Curtin_Colombo/year_3/sem_1/mxen3005/detectX/install/dobot_interface/lib/libdobot_interface__rosidl_typesupport_introspection_c.so
[171.284s] -- Set non-toolchain portion of runtime path of "/mnt/d/Curtin_Colombo/year_3/sem_1/mxen3005/detectX/install/dobot_interface/lib/libdobot_interface__rosidl_typesupport_introspection_c.so" to ""
[171.538s] -- Installing: /mnt/d/Curtin_Colombo/year_3/sem_1/mxen3005/detectX/install/dobot_interface/lib/libdobot_interface__rosidl_typesupport_c.so
[172.689s] -- Set non-toolchain portion of runtime path of "/mnt/d/Curtin_Colombo/year_3/sem_1/mxen3005/detectX/install/dobot_interface/lib/libdobot_interface__rosidl_typesupport_c.so" to ""
[172.886s] -- Up-to-date: /mnt/d/Curtin_Colombo/year_3/sem_1/mxen3005/detectX/install/dobot_interface/include/dobot_interface/dobot_interface
[173.358s] -- Up-to-date: /mnt/d/Curtin_Colombo/year_3/sem_1/mxen3005/detectX/install/dobot_interface/include/dobot_interface/dobot_interface/action
[173.865s] -- Up-to-date: /mnt/d/Curtin_Colombo/year_3/sem_1/mxen3005/detectX/install/dobot_interface/include/dobot_interface/dobot_interface/action/detail
[174.354s] -- Installing: /mnt/d/Curtin_Colombo/year_3/sem_1/mxen3005/detectX/install/dobot_interface/include/dobot_interface/dobot_interface/action/detail/pose_ptp__builder.hpp
[175.567s] -- Installing: /mnt/d/Curtin_Colombo/year_3/sem_1/mxen3005/detectX/install/dobot_interface/include/dobot_interface/dobot_interface/action/detail/pose_ptp__struct.hpp
[177.015s] -- Installing: /mnt/d/Curtin_Colombo/year_3/sem_1/mxen3005/detectX/install/dobot_interface/include/dobot_interface/dobot_interface/action/detail/pose_ptp__traits.hpp
[178.435s] -- Installing: /mnt/d/Curtin_Colombo/year_3/sem_1/mxen3005/detectX/install/dobot_interface/include/dobot_interface/dobot_interface/action/detail/pose_ptp__type_support.hpp
[179.618s] -- Installing: /mnt/d/Curtin_Colombo/year_3/sem_1/mxen3005/detectX/install/dobot_interface/include/dobot_interface/dobot_interface/action/pose_ptp.hpp
[180.377s] -- Up-to-date: /mnt/d/Curtin_Colombo/year_3/sem_1/mxen3005/detectX/install/dobot_interface/include/dobot_interface/dobot_interface/msg
[180.547s] -- Installing: /mnt/d/Curtin_Colombo/year_3/sem_1/mxen3005/detectX/install/dobot_interface/include/dobot_interface/dobot_interface/msg/rosidl_generator_cpp__visibility_control.hpp
[181.087s] -- Up-to-date: /mnt/d/Curtin_Colombo/year_3/sem_1/mxen3005/detectX/install/dobot_interface/include/dobot_interface/dobot_interface
[181.113s] -- Up-to-date: /mnt/d/Curtin_Colombo/year_3/sem_1/mxen3005/detectX/install/dobot_interface/include/dobot_interface/dobot_interface/action
[181.184s] -- Up-to-date: /mnt/d/Curtin_Colombo/year_3/sem_1/mxen3005/detectX/install/dobot_interface/include/dobot_interface/dobot_interface/action/detail
[181.513s] -- Installing: /mnt/d/Curtin_Colombo/year_3/sem_1/mxen3005/detectX/install/dobot_interface/include/dobot_interface/dobot_interface/action/detail/dds_fastrtps
[181.893s] -- Installing: /mnt/d/Curtin_Colombo/year_3/sem_1/mxen3005/detectX/install/dobot_interface/include/dobot_interface/dobot_interface/action/detail/pose_ptp__rosidl_typesupport_fastrtps_cpp.hpp
[183.070s] -- Up-to-date: /mnt/d/Curtin_Colombo/year_3/sem_1/mxen3005/detectX/install/dobot_interface/include/dobot_interface/dobot_interface/msg
[183.253s] -- Installing: /mnt/d/Curtin_Colombo/year_3/sem_1/mxen3005/detectX/install/dobot_interface/include/dobot_interface/dobot_interface/msg/rosidl_typesupport_fastrtps_cpp__visibility_control.h
[184.626s] -- Installing: /mnt/d/Curtin_Colombo/year_3/sem_1/mxen3005/detectX/install/dobot_interface/lib/libdobot_interface__rosidl_typesupport_fastrtps_cpp.so
[185.659s] -- Set non-toolchain portion of runtime path of "/mnt/d/Curtin_Colombo/year_3/sem_1/mxen3005/detectX/install/dobot_interface/lib/libdobot_interface__rosidl_typesupport_fastrtps_cpp.so" to ""
[185.794s] -- Up-to-date: /mnt/d/Curtin_Colombo/year_3/sem_1/mxen3005/detectX/install/dobot_interface/include/dobot_interface/dobot_interface
[186.565s] -- Up-to-date: /mnt/d/Curtin_Colombo/year_3/sem_1/mxen3005/detectX/install/dobot_interface/include/dobot_interface/dobot_interface/action
[187.589s] -- Up-to-date: /mnt/d/Curtin_Colombo/year_3/sem_1/mxen3005/detectX/install/dobot_interface/include/dobot_interface/dobot_interface/action/detail
[188.276s] -- Installing: /mnt/d/Curtin_Colombo/year_3/sem_1/mxen3005/detectX/install/dobot_interface/include/dobot_interface/dobot_interface/action/detail/pose_ptp__rosidl_typesupport_introspection_cpp.hpp
[188.786s] -- Installing: /mnt/d/Curtin_Colombo/year_3/sem_1/mxen3005/detectX/install/dobot_interface/include/dobot_interface/dobot_interface/action/detail/pose_ptp__type_support.cpp
[189.665s] -- Installing: /mnt/d/Curtin_Colombo/year_3/sem_1/mxen3005/detectX/install/dobot_interface/lib/libdobot_interface__rosidl_typesupport_introspection_cpp.so
[190.789s] -- Set non-toolchain portion of runtime path of "/mnt/d/Curtin_Colombo/year_3/sem_1/mxen3005/detectX/install/dobot_interface/lib/libdobot_interface__rosidl_typesupport_introspection_cpp.so" to ""
[191.045s] -- Installing: /mnt/d/Curtin_Colombo/year_3/sem_1/mxen3005/detectX/install/dobot_interface/lib/libdobot_interface__rosidl_typesupport_cpp.so
[191.705s] -- Set non-toolchain portion of runtime path of "/mnt/d/Curtin_Colombo/year_3/sem_1/mxen3005/detectX/install/dobot_interface/lib/libdobot_interface__rosidl_typesupport_cpp.so" to ""
[191.845s] -- Installing: /mnt/d/Curtin_Colombo/year_3/sem_1/mxen3005/detectX/install/dobot_interface/share/dobot_interface/environment/pythonpath.sh
[192.005s] -- Installing: /mnt/d/Curtin_Colombo/year_3/sem_1/mxen3005/detectX/install/dobot_interface/share/dobot_interface/environment/pythonpath.dsv
[192.511s] -- Installing: /mnt/d/Curtin_Colombo/year_3/sem_1/mxen3005/detectX/install/dobot_interface/lib/python3.12/site-packages/dobot_interface-0.0.0-py3.12.egg-info
[192.919s] -- Installing: /mnt/d/Curtin_Colombo/year_3/sem_1/mxen3005/detectX/install/dobot_interface/lib/python3.12/site-packages/dobot_interface-0.0.0-py3.12.egg-info/dependency_links.txt
[193.628s] -- Installing: /mnt/d/Curtin_Colombo/year_3/sem_1/mxen3005/detectX/install/dobot_interface/lib/python3.12/site-packages/dobot_interface-0.0.0-py3.12.egg-info/PKG-INFO
[194.631s] -- Installing: /mnt/d/Curtin_Colombo/year_3/sem_1/mxen3005/detectX/install/dobot_interface/lib/python3.12/site-packages/dobot_interface-0.0.0-py3.12.egg-info/SOURCES.txt
[195.934s] -- Installing: /mnt/d/Curtin_Colombo/year_3/sem_1/mxen3005/detectX/install/dobot_interface/lib/python3.12/site-packages/dobot_interface-0.0.0-py3.12.egg-info/top_level.txt
[197.869s] -- Installing: /mnt/d/Curtin_Colombo/year_3/sem_1/mxen3005/detectX/install/dobot_interface/lib/python3.12/site-packages/dobot_interface
[198.689s] -- Installing: /mnt/d/Curtin_Colombo/year_3/sem_1/mxen3005/detectX/install/dobot_interface/lib/python3.12/site-packages/dobot_interface/action
[199.214s] -- Installing: /mnt/d/Curtin_Colombo/year_3/sem_1/mxen3005/detectX/install/dobot_interface/lib/python3.12/site-packages/dobot_interface/action/_pose_ptp.py
[201.198s] -- Installing: /mnt/d/Curtin_Colombo/year_3/sem_1/mxen3005/detectX/install/dobot_interface/lib/python3.12/site-packages/dobot_interface/action/_pose_ptp_s.c
[202.744s] -- Installing: /mnt/d/Curtin_Colombo/year_3/sem_1/mxen3005/detectX/install/dobot_interface/lib/python3.12/site-packages/dobot_interface/action/__init__.py
[203.595s] -- Installing: /mnt/d/Curtin_Colombo/year_3/sem_1/mxen3005/detectX/install/dobot_interface/lib/python3.12/site-packages/dobot_interface/dobot_interface_s__rosidl_typesupport_c.so
[204.665s] -- Installing: /mnt/d/Curtin_Colombo/year_3/sem_1/mxen3005/detectX/install/dobot_interface/lib/python3.12/site-packages/dobot_interface/dobot_interface_s__rosidl_typesupport_fastrtps_c.so
[205.647s] -- Installing: /mnt/d/Curtin_Colombo/year_3/sem_1/mxen3005/detectX/install/dobot_interface/lib/python3.12/site-packages/dobot_interface/dobot_interface_s__rosidl_typesupport_introspection_c.so
[206.780s] -- Installing: /mnt/d/Curtin_Colombo/year_3/sem_1/mxen3005/detectX/install/dobot_interface/lib/python3.12/site-packages/dobot_interface/_dobot_interface_s.ep.rosidl_typesupport_c.c
[207.746s] -- Installing: /mnt/d/Curtin_Colombo/year_3/sem_1/mxen3005/detectX/install/dobot_interface/lib/python3.12/site-packages/dobot_interface/_dobot_interface_s.ep.rosidl_typesupport_fastrtps_c.c
[208.078s] -- Installing: /mnt/d/Curtin_Colombo/year_3/sem_1/mxen3005/detectX/install/dobot_interface/lib/python3.12/site-packages/dobot_interface/_dobot_interface_s.ep.rosidl_typesupport_introspection_c.c
[209.361s] -- Installing: /mnt/d/Curtin_Colombo/year_3/sem_1/mxen3005/detectX/install/dobot_interface/lib/python3.12/site-packages/dobot_interface/__init__.py
[213.190s] Listing '/mnt/d/Curtin_Colombo/year_3/sem_1/mxen3005/detectX/install/dobot_interface/lib/python3.12/site-packages/dobot_interface'...
[213.201s] Compiling '/mnt/d/Curtin_Colombo/year_3/sem_1/mxen3005/detectX/install/dobot_interface/lib/python3.12/site-packages/dobot_interface/__init__.py'...
[213.217s] Listing '/mnt/d/Curtin_Colombo/year_3/sem_1/mxen3005/detectX/install/dobot_interface/lib/python3.12/site-packages/dobot_interface/action'...
[213.225s] Compiling '/mnt/d/Curtin_Colombo/year_3/sem_1/mxen3005/detectX/install/dobot_interface/lib/python3.12/site-packages/dobot_interface/action/__init__.py'...
[213.239s] Compiling '/mnt/d/Curtin_Colombo/year_3/sem_1/mxen3005/detectX/install/dobot_interface/lib/python3.12/site-packages/dobot_interface/action/_pose_ptp.py'...
[213.588s] -- Installing: /mnt/d/Curtin_Colombo/year_3/sem_1/mxen3005/detectX/install/dobot_interface/lib/python3.12/site-packages/dobot_interface/dobot_interface_s__rosidl_typesupport_fastrtps_c.so
[214.452s] -- Set non-toolchain portion of runtime path of "/mnt/d/Curtin_Colombo/year_3/sem_1/mxen3005/detectX/install/dobot_interface/lib/python3.12/site-packages/dobot_interface/dobot_interface_s__rosidl_typesupport_fastrtps_c.so" to ""
[214.670s] -- Installing: /mnt/d/Curtin_Colombo/year_3/sem_1/mxen3005/detectX/install/dobot_interface/lib/python3.12/site-packages/dobot_interface/dobot_interface_s__rosidl_typesupport_introspection_c.so
[215.328s] -- Set non-toolchain portion of runtime path of "/mnt/d/Curtin_Colombo/year_3/sem_1/mxen3005/detectX/install/dobot_interface/lib/python3.12/site-packages/dobot_interface/dobot_interface_s__rosidl_typesupport_introspection_c.so" to ""
[215.885s] -- Installing: /mnt/d/Curtin_Colombo/year_3/sem_1/mxen3005/detectX/install/dobot_interface/lib/python3.12/site-packages/dobot_interface/dobot_interface_s__rosidl_typesupport_c.so
[216.903s] -- Set non-toolchain portion of runtime path of "/mnt/d/Curtin_Colombo/year_3/sem_1/mxen3005/detectX/install/dobot_interface/lib/python3.12/site-packages/dobot_interface/dobot_interface_s__rosidl_typesupport_c.so" to ""
[216.944s] -- Installing: /mnt/d/Curtin_Colombo/year_3/sem_1/mxen3005/detectX/install/dobot_interface/lib/libdobot_interface__rosidl_generator_py.so
[217.589s] -- Set non-toolchain portion of runtime path of "/mnt/d/Curtin_Colombo/year_3/sem_1/mxen3005/detectX/install/dobot_interface/lib/libdobot_interface__rosidl_generator_py.so" to ""
[218.130s] -- Installing: /mnt/d/Curtin_Colombo/year_3/sem_1/mxen3005/detectX/install/dobot_interface/share/ament_index/resource_index/rust_packages/dobot_interface
[218.645s] -- Installing: /mnt/d/Curtin_Colombo/year_3/sem_1/mxen3005/detectX/install/dobot_interface/share/dobot_interface/rust
[218.906s] -- Installing: /mnt/d/Curtin_Colombo/year_3/sem_1/mxen3005/detectX/install/dobot_interface/share/dobot_interface/rust/build.rs
[219.866s] -- Installing: /mnt/d/Curtin_Colombo/year_3/sem_1/mxen3005/detectX/install/dobot_interface/share/dobot_interface/rust/Cargo.toml
[220.510s] -- Installing: /mnt/d/Curtin_Colombo/year_3/sem_1/mxen3005/detectX/install/dobot_interface/share/dobot_interface/rust/src
[220.866s] -- Installing: /mnt/d/Curtin_Colombo/year_3/sem_1/mxen3005/detectX/install/dobot_interface/share/dobot_interface/rust/src/action
[221.197s] -- Installing: /mnt/d/Curtin_Colombo/year_3/sem_1/mxen3005/detectX/install/dobot_interface/share/dobot_interface/rust/src/action/rmw.rs
[222.131s] -- Installing: /mnt/d/Curtin_Colombo/year_3/sem_1/mxen3005/detectX/install/dobot_interface/share/dobot_interface/rust/src/action.rs
[222.669s] -- Installing: /mnt/d/Curtin_Colombo/year_3/sem_1/mxen3005/detectX/install/dobot_interface/share/dobot_interface/rust/src/lib.rs
[223.823s] -- Installing: /mnt/d/Curtin_Colombo/year_3/sem_1/mxen3005/detectX/install/dobot_interface/share/dobot_interface/action/PosePTP.idl
[223.916s] -- Installing: /mnt/d/Curtin_Colombo/year_3/sem_1/mxen3005/detectX/install/dobot_interface/share/dobot_interface/action/PosePTP.action
[223.996s] -- Installing: /mnt/d/Curtin_Colombo/year_3/sem_1/mxen3005/detectX/install/dobot_interface/share/ament_index/resource_index/package_run_dependencies/dobot_interface
[225.378s] -- Installing: /mnt/d/Curtin_Colombo/year_3/sem_1/mxen3005/detectX/install/dobot_interface/share/ament_index/resource_index/parent_prefix_path/dobot_interface
[225.911s] -- Installing: /mnt/d/Curtin_Colombo/year_3/sem_1/mxen3005/detectX/install/dobot_interface/share/dobot_interface/environment/ament_prefix_path.sh
[226.695s] -- Installing: /mnt/d/Curtin_Colombo/year_3/sem_1/mxen3005/detectX/install/dobot_interface/share/dobot_interface/environment/ament_prefix_path.dsv
[227.603s] -- Installing: /mnt/d/Curtin_Colombo/year_3/sem_1/mxen3005/detectX/install/dobot_interface/share/dobot_interface/environment/path.sh
[228.035s] -- Installing: /mnt/d/Curtin_Colombo/year_3/sem_1/mxen3005/detectX/install/dobot_interface/share/dobot_interface/environment/path.dsv
[228.104s] -- Installing: /mnt/d/Curtin_Colombo/year_3/sem_1/mxen3005/detectX/install/dobot_interface/share/dobot_interface/local_setup.bash
[228.441s] -- Installing: /mnt/d/Curtin_Colombo/year_3/sem_1/mxen3005/detectX/install/dobot_interface/share/dobot_interface/local_setup.sh
[229.017s] -- Installing: /mnt/d/Curtin_Colombo/year_3/sem_1/mxen3005/detectX/install/dobot_interface/share/dobot_interface/local_setup.zsh
[229.847s] -- Installing: /mnt/d/Curtin_Colombo/year_3/sem_1/mxen3005/detectX/install/dobot_interface/share/dobot_interface/local_setup.dsv
[230.552s] -- Installing: /mnt/d/Curtin_Colombo/year_3/sem_1/mxen3005/detectX/install/dobot_interface/share/dobot_interface/package.dsv
[231.774s] -- Installing: /mnt/d/Curtin_Colombo/year_3/sem_1/mxen3005/detectX/install/dobot_interface/share/ament_index/resource_index/packages/dobot_interface
[233.166s] -- Installing: /mnt/d/Curtin_Colombo/year_3/sem_1/mxen3005/detectX/install/dobot_interface/share/dobot_interface/cmake/export_dobot_interface__rosidl_generator_cExport.cmake
[233.642s] Invoked command in '/mnt/d/Curtin_Colombo/year_3/sem_1/mxen3005/detectX/build/dobot_interface' returned '-2': CMAKE_PREFIX_PATH=${CMAKE_PREFIX_PATH}:/mnt/d/Curtin_Colombo/year_3/sem_1/mxen3005/detectX/install/detect_dobot:/opt/ros/kilted /usr/bin/cmake --install /mnt/d/Curtin_Colombo/year_3/sem_1/mxen3005/detectX/build/dobot_interface
